<?xml version="1.0" encoding="UTF-8"?>
<coverage generated="1498899775568" clover="3.2.0">
  <project timestamp="1498899775568" name="All files">
    <metrics statements="887" coveredstatements="578" conditionals="566" coveredconditionals="257" methods="246" coveredmethods="150" elements="1699" coveredelements="985" complexity="0" loc="887" ncloc="887" packages="5" files="18" classes="18">
      <package name="__tests__">
        <metrics statements="22" coveredstatements="22" conditionals="14" coveredconditionals="11" methods="5" coveredmethods="4"/>
        <file name="track-item-test-data.ts" path="/Users/maigoerit/_SOURCES/tockler/__tests__/track-item-test-data.ts">
          <metrics statements="22" coveredstatements="22" conditionals="14" coveredconditionals="11" methods="5" coveredmethods="4"/>
          <line num="2" count="2" type="stmt"/>
          <line num="3" count="2" type="stmt"/>
          <line num="4" count="2" type="stmt"/>
          <line num="5" count="2" type="stmt"/>
          <line num="8" count="2" type="stmt"/>
          <line num="9" count="14" type="cond" truecount="1" falsecount="1"/>
          <line num="10" count="14" type="cond" truecount="2" falsecount="0"/>
          <line num="11" count="14" type="stmt"/>
          <line num="18" count="14" type="stmt"/>
          <line num="20" count="2" type="stmt"/>
          <line num="21" count="5" type="cond" truecount="1" falsecount="1"/>
          <line num="22" count="5" type="cond" truecount="1" falsecount="1"/>
          <line num="23" count="5" type="stmt"/>
          <line num="30" count="5" type="stmt"/>
          <line num="32" count="2" type="stmt"/>
          <line num="33" count="15" type="cond" truecount="2" falsecount="0"/>
          <line num="34" count="15" type="cond" truecount="2" falsecount="0"/>
          <line num="35" count="15" type="stmt"/>
          <line num="41" count="15" type="cond" truecount="2" falsecount="0"/>
          <line num="42" count="15" type="stmt"/>
          <line num="44" count="2" type="stmt"/>
          <line num="46" count="2" type="stmt"/>
        </file>
      </package>
      <package name="app">
        <metrics statements="511" coveredstatements="349" conditionals="315" coveredconditionals="147" methods="127" coveredmethods="78"/>
        <file name="app-constants.ts" path="/Users/maigoerit/_SOURCES/tockler/app/app-constants.ts">
          <metrics statements="7" coveredstatements="7" conditionals="0" coveredconditionals="0" methods="2" coveredmethods="2"/>
          <line num="2" count="3" type="stmt"/>
          <line num="3" count="3" type="stmt"/>
          <line num="5" count="3" type="stmt"/>
          <line num="6" count="3" type="stmt"/>
          <line num="8" count="3" type="stmt"/>
          <line num="10" count="3" type="stmt"/>
          <line num="11" count="3" type="stmt"/>
        </file>
        <file name="background.service.ts" path="/Users/maigoerit/_SOURCES/tockler/app/background.service.ts">
          <metrics statements="180" coveredstatements="128" conditionals="123" coveredconditionals="74" methods="34" coveredmethods="23"/>
          <line num="2" count="1" type="cond" truecount="3" falsecount="0"/>
          <line num="3" count="16" type="cond" truecount="2" falsecount="0"/>
          <line num="4" count="27" type="stmt"/>
          <line num="5" count="0" type="stmt"/>
          <line num="6" count="43" type="cond" truecount="2" falsecount="0"/>
          <line num="7" count="16" type="cond" truecount="2" falsecount="0"/>
          <line num="10" count="1" type="cond" truecount="3" falsecount="0"/>
          <line num="11" count="27" type="cond" truecount="1" falsecount="1"/>
          <line num="12" count="16" type="stmt"/>
          <line num="13" count="48" type="stmt"/>
          <line num="15" count="43" type="cond" truecount="1" falsecount="1"/>
          <line num="16" count="107" type="stmt"/>
          <line num="17" count="107" type="cond" truecount="2" falsecount="7"/>
          <line num="18" count="107" type="cond" truecount="1" falsecount="1"/>
          <line num="19" count="107" type="cond" truecount="4" falsecount="2"/>
          <line num="20" count="43" type="stmt"/>
          <line num="21" count="27" type="stmt"/>
          <line num="22" count="0" type="stmt"/>
          <line num="23" count="0" type="stmt"/>
          <line num="25" count="37" type="cond" truecount="6" falsecount="1"/>
          <line num="26" count="21" type="cond" truecount="3" falsecount="3"/>
          <line num="27" count="0" type="cond" truecount="0" falsecount="4"/>
          <line num="28" count="0" type="cond" truecount="0" falsecount="4"/>
          <line num="29" count="0" type="cond" truecount="0" falsecount="2"/>
          <line num="30" count="0" type="stmt"/>
          <line num="32" count="64" type="stmt"/>
          <line num="33" count="107" type="stmt"/>
          <line num="34" count="16" type="cond" truecount="2" falsecount="2"/>
          <line num="37" count="1" type="stmt"/>
          <line num="38" count="1" type="stmt"/>
          <line num="39" count="1" type="stmt"/>
          <line num="40" count="1" type="stmt"/>
          <line num="41" count="1" type="stmt"/>
          <line num="42" count="1" type="stmt"/>
          <line num="43" count="1" type="stmt"/>
          <line num="44" count="1" type="stmt"/>
          <line num="45" count="1" type="stmt"/>
          <line num="46" count="1" type="stmt"/>
          <line num="47" count="1" type="stmt"/>
          <line num="48" count="1" type="stmt"/>
          <line num="49" count="1" type="stmt"/>
          <line num="50" count="1" type="stmt"/>
          <line num="51" count="1" type="stmt"/>
          <line num="52" count="1" type="stmt"/>
          <line num="55" count="1" type="stmt"/>
          <line num="56" count="1" type="stmt"/>
          <line num="58" count="1" type="stmt"/>
          <line num="59" count="2" type="cond" truecount="2" falsecount="0"/>
          <line num="61" count="1" type="stmt"/>
          <line num="62" count="1" type="stmt"/>
          <line num="63" count="1" type="stmt"/>
          <line num="64" count="1" type="stmt"/>
          <line num="65" count="1" type="stmt"/>
          <line num="66" count="1" type="stmt"/>
          <line num="67" count="1" type="stmt"/>
          <line num="69" count="1" type="stmt"/>
          <line num="70" count="1" type="stmt"/>
          <line num="75" count="1" type="stmt"/>
          <line num="76" count="0" type="stmt"/>
          <line num="77" count="0" type="stmt"/>
          <line num="79" count="0" type="stmt"/>
          <line num="80" count="0" type="cond" truecount="0" falsecount="2"/>
          <line num="82" count="0" type="stmt"/>
          <line num="84" count="0" type="stmt"/>
          <line num="85" count="0" type="cond" truecount="0" falsecount="2"/>
          <line num="86" count="0" type="stmt"/>
          <line num="88" count="0" type="stmt"/>
          <line num="89" count="0" type="stmt"/>
          <line num="93" count="0" type="stmt"/>
          <line num="94" count="0" type="stmt"/>
          <line num="99" count="1" type="stmt"/>
          <line num="100" count="10" type="stmt"/>
          <line num="102" count="10" type="stmt"/>
          <line num="103" count="50" type="cond" truecount="7" falsecount="1"/>
          <line num="104" count="10" type="stmt"/>
          <line num="106" count="10" type="stmt"/>
          <line num="107" count="10" type="stmt"/>
          <line num="108" count="10" type="stmt"/>
          <line num="109" count="10" type="cond" truecount="1" falsecount="1"/>
          <line num="110" count="0" type="stmt"/>
          <line num="112" count="10" type="cond" truecount="1" falsecount="1"/>
          <line num="113" count="0" type="stmt"/>
          <line num="114" count="0" type="cond" truecount="0" falsecount="2"/>
          <line num="115" count="0" type="stmt"/>
          <line num="116" count="0" type="stmt"/>
          <line num="118" count="0" type="stmt"/>
          <line num="120" count="0" type="stmt"/>
          <line num="121" count="0" type="stmt"/>
          <line num="122" count="0" type="stmt"/>
          <line num="123" count="0" type="stmt"/>
          <line num="124" count="0" type="stmt"/>
          <line num="126" count="10" type="cond" truecount="2" falsecount="0"/>
          <line num="127" count="2" type="stmt"/>
          <line num="129" count="2" type="stmt"/>
          <line num="130" count="2" type="stmt"/>
          <line num="132" count="8" type="cond" truecount="1" falsecount="1"/>
          <line num="133" count="8" type="stmt"/>
          <line num="135" count="8" type="stmt"/>
          <line num="136" count="8" type="stmt"/>
          <line num="137" count="8" type="stmt"/>
          <line num="138" count="10" type="stmt"/>
          <line num="143" count="1" type="stmt"/>
          <line num="144" count="4" type="cond" truecount="2" falsecount="0"/>
          <line num="145" count="1" type="stmt"/>
          <line num="146" count="1" type="stmt"/>
          <line num="148" count="3" type="cond" truecount="2" falsecount="0"/>
          <line num="149" count="1" type="stmt"/>
          <line num="150" count="1" type="stmt"/>
          <line num="151" count="1" type="stmt"/>
          <line num="153" count="2" type="cond" truecount="2" falsecount="2"/>
          <line num="155" count="0" type="stmt"/>
          <line num="156" count="0" type="stmt"/>
          <line num="157" count="0" type="stmt"/>
          <line num="160" count="2" type="stmt"/>
          <line num="162" count="2" type="stmt"/>
          <line num="164" count="1" type="stmt"/>
          <line num="165" count="5" type="cond" truecount="2" falsecount="0"/>
          <line num="166" count="1" type="stmt"/>
          <line num="167" count="1" type="stmt"/>
          <line num="169" count="4" type="cond" truecount="2" falsecount="0"/>
          <line num="171" count="4" type="cond" truecount="4" falsecount="0"/>
          <line num="172" count="1" type="stmt"/>
          <line num="173" count="1" type="stmt"/>
          <line num="175" count="3" type="stmt"/>
          <line num="182" count="3" type="stmt"/>
          <line num="184" count="1" type="stmt"/>
          <line num="185" count="5" type="stmt"/>
          <line num="187" count="5" type="stmt"/>
          <line num="188" count="12" type="cond" truecount="5" falsecount="0"/>
          <line num="191" count="5" type="cond" truecount="2" falsecount="0"/>
          <line num="192" count="1" type="stmt"/>
          <line num="193" count="1" type="stmt"/>
          <line num="195" count="4" type="cond" truecount="2" falsecount="0"/>
          <line num="196" count="1" type="stmt"/>
          <line num="197" count="1" type="stmt"/>
          <line num="199" count="3" type="stmt"/>
          <line num="200" count="3" type="cond" truecount="1" falsecount="1"/>
          <line num="201" count="0" type="stmt"/>
          <line num="202" count="0" type="stmt"/>
          <line num="204" count="3" type="stmt"/>
          <line num="206" count="3" type="stmt"/>
          <line num="207" count="3" type="cond" truecount="2" falsecount="0"/>
          <line num="208" count="2" type="stmt"/>
          <line num="209" count="2" type="cond" truecount="1" falsecount="1"/>
          <line num="210" count="0" type="stmt"/>
          <line num="211" count="0" type="stmt"/>
          <line num="213" count="2" type="stmt"/>
          <line num="214" count="2" type="stmt"/>
          <line num="215" count="2" type="stmt"/>
          <line num="216" count="2" type="stmt"/>
          <line num="217" count="2" type="stmt"/>
          <line num="219" count="2" type="stmt"/>
          <line num="220" count="2" type="stmt"/>
          <line num="221" count="2" type="stmt"/>
          <line num="223" count="1" type="stmt"/>
          <line num="224" count="1" type="stmt"/>
          <line num="225" count="1" type="stmt"/>
          <line num="227" count="1" type="stmt"/>
          <line num="229" count="1" type="cond" truecount="1" falsecount="1"/>
          <line num="230" count="0" type="stmt"/>
          <line num="231" count="0" type="stmt"/>
          <line num="233" count="1" type="stmt"/>
          <line num="238" count="1" type="stmt"/>
          <line num="239" count="0" type="stmt"/>
          <line num="241" count="1" type="stmt"/>
          <line num="242" count="0" type="stmt"/>
          <line num="244" count="0" type="stmt"/>
          <line num="245" count="0" type="cond" truecount="0" falsecount="4"/>
          <line num="247" count="0" type="stmt"/>
          <line num="248" count="0" type="cond" truecount="0" falsecount="2"/>
          <line num="249" count="0" type="stmt"/>
          <line num="251" count="0" type="stmt"/>
          <line num="252" count="0" type="stmt"/>
          <line num="253" count="0" type="stmt"/>
          <line num="255" count="0" type="stmt"/>
          <line num="256" count="0" type="stmt"/>
          <line num="257" count="0" type="stmt"/>
          <line num="262" count="1" type="stmt"/>
          <line num="264" count="1" type="stmt"/>
          <line num="265" count="1" type="stmt"/>
        </file>
        <file name="background.utils.ts" path="/Users/maigoerit/_SOURCES/tockler/app/background.utils.ts">
          <metrics statements="49" coveredstatements="48" conditionals="12" coveredconditionals="12" methods="11" coveredmethods="9"/>
          <line num="2" count="3" type="stmt"/>
          <line num="3" count="3" type="stmt"/>
          <line num="4" count="3" type="stmt"/>
          <line num="5" count="3" type="stmt"/>
          <line num="6" count="3" type="stmt"/>
          <line num="7" count="3" type="stmt"/>
          <line num="10" count="3" type="stmt"/>
          <line num="11" count="18" type="cond" truecount="6" falsecount="0"/>
          <line num="12" count="2" type="stmt"/>
          <line num="14" count="16" type="stmt"/>
          <line num="16" count="3" type="stmt"/>
          <line num="17" count="3" type="stmt"/>
          <line num="19" count="3" type="stmt"/>
          <line num="20" count="3" type="stmt"/>
          <line num="22" count="3" type="stmt"/>
          <line num="23" count="10" type="stmt"/>
          <line num="25" count="3" type="stmt"/>
          <line num="26" count="0" type="stmt"/>
          <line num="28" count="3" type="stmt"/>
          <line num="29" count="10" type="stmt"/>
          <line num="31" count="3" type="stmt"/>
          <line num="32" count="10" type="stmt"/>
          <line num="34" count="3" type="stmt"/>
          <line num="35" count="4" type="stmt"/>
          <line num="37" count="3" type="stmt"/>
          <line num="38" count="3" type="stmt"/>
          <line num="46" count="3" type="stmt"/>
          <line num="48" count="3" type="stmt"/>
          <line num="49" count="4" type="stmt"/>
          <line num="50" count="4" type="cond" truecount="2" falsecount="0"/>
          <line num="51" count="1" type="stmt"/>
          <line num="53" count="3" type="stmt"/>
          <line num="54" count="3" type="stmt"/>
          <line num="55" count="3" type="stmt"/>
          <line num="56" count="3" type="stmt"/>
          <line num="57" count="10" type="stmt"/>
          <line num="58" count="10" type="stmt"/>
          <line num="59" count="10" type="stmt"/>
          <line num="60" count="10" type="stmt"/>
          <line num="61" count="10" type="cond" truecount="2" falsecount="0"/>
          <line num="62" count="3" type="stmt"/>
          <line num="64" count="7" type="cond" truecount="2" falsecount="0"/>
          <line num="65" count="3" type="stmt"/>
          <line num="68" count="4" type="stmt"/>
          <line num="69" count="4" type="stmt"/>
          <line num="71" count="10" type="stmt"/>
          <line num="73" count="3" type="stmt"/>
          <line num="75" count="3" type="stmt"/>
          <line num="77" count="3" type="stmt"/>
        </file>
        <file name="config.ts" path="/Users/maigoerit/_SOURCES/tockler/app/config.ts">
          <metrics statements="7" coveredstatements="7" conditionals="0" coveredconditionals="0" methods="0" coveredmethods="0"/>
          <line num="2" count="3" type="stmt"/>
          <line num="3" count="3" type="stmt"/>
          <line num="4" count="3" type="stmt"/>
          <line num="5" count="3" type="stmt"/>
          <line num="6" count="3" type="stmt"/>
          <line num="7" count="3" type="stmt"/>
          <line num="8" count="3" type="stmt"/>
        </file>
        <file name="log-manager.ts" path="/Users/maigoerit/_SOURCES/tockler/app/log-manager.ts">
          <metrics statements="10" coveredstatements="10" conditionals="0" coveredconditionals="0" methods="4" coveredmethods="3"/>
          <line num="2" count="4" type="stmt"/>
          <line num="3" count="4" type="stmt"/>
          <line num="4" count="4" type="stmt"/>
          <line num="5" count="4" type="stmt"/>
          <line num="8" count="4" type="stmt"/>
          <line num="10" count="4" type="stmt"/>
          <line num="11" count="12" type="stmt"/>
          <line num="13" count="4" type="stmt"/>
          <line num="15" count="4" type="stmt"/>
          <line num="16" count="4" type="stmt"/>
        </file>
        <file name="state-manager.ts" path="/Users/maigoerit/_SOURCES/tockler/app/state-manager.ts">
          <metrics statements="145" coveredstatements="114" conditionals="81" coveredconditionals="49" methods="47" coveredmethods="36"/>
          <line num="2" count="2" type="cond" truecount="3" falsecount="0"/>
          <line num="3" count="20" type="cond" truecount="2" falsecount="0"/>
          <line num="4" count="11" type="stmt"/>
          <line num="5" count="1" type="stmt"/>
          <line num="6" count="31" type="cond" truecount="2" falsecount="0"/>
          <line num="7" count="20" type="cond" truecount="2" falsecount="0"/>
          <line num="10" count="2" type="cond" truecount="3" falsecount="0"/>
          <line num="11" count="20" type="cond" truecount="2" falsecount="0"/>
          <line num="12" count="20" type="stmt"/>
          <line num="13" count="60" type="stmt"/>
          <line num="15" count="32" type="cond" truecount="1" falsecount="1"/>
          <line num="16" count="72" type="stmt"/>
          <line num="17" count="72" type="cond" truecount="2" falsecount="7"/>
          <line num="18" count="72" type="cond" truecount="1" falsecount="1"/>
          <line num="19" count="72" type="cond" truecount="4" falsecount="2"/>
          <line num="20" count="32" type="stmt"/>
          <line num="21" count="12" type="stmt"/>
          <line num="22" count="0" type="stmt"/>
          <line num="23" count="0" type="stmt"/>
          <line num="25" count="28" type="cond" truecount="6" falsecount="1"/>
          <line num="26" count="8" type="cond" truecount="3" falsecount="3"/>
          <line num="27" count="0" type="cond" truecount="0" falsecount="4"/>
          <line num="28" count="0" type="cond" truecount="0" falsecount="4"/>
          <line num="29" count="0" type="cond" truecount="0" falsecount="2"/>
          <line num="30" count="0" type="stmt"/>
          <line num="32" count="40" type="stmt"/>
          <line num="33" count="72" type="stmt"/>
          <line num="34" count="20" type="cond" truecount="3" falsecount="1"/>
          <line num="37" count="2" type="stmt"/>
          <line num="38" count="2" type="stmt"/>
          <line num="39" count="2" type="stmt"/>
          <line num="40" count="2" type="stmt"/>
          <line num="41" count="2" type="stmt"/>
          <line num="42" count="2" type="stmt"/>
          <line num="43" count="2" type="stmt"/>
          <line num="44" count="2" type="stmt"/>
          <line num="45" count="2" type="stmt"/>
          <line num="46" count="2" type="stmt"/>
          <line num="48" count="2" type="stmt"/>
          <line num="49" count="2" type="stmt"/>
          <line num="50" count="2" type="stmt"/>
          <line num="55" count="2" type="stmt"/>
          <line num="57" count="2" type="stmt"/>
          <line num="58" count="2" type="stmt"/>
          <line num="59" count="2" type="stmt"/>
          <line num="60" count="0" type="stmt"/>
          <line num="61" count="0" type="stmt"/>
          <line num="63" count="2" type="stmt"/>
          <line num="64" count="0" type="stmt"/>
          <line num="65" count="0" type="stmt"/>
          <line num="68" count="2" type="stmt"/>
          <line num="69" count="0" type="stmt"/>
          <line num="71" count="0" type="stmt"/>
          <line num="72" count="0" type="cond" truecount="0" falsecount="2"/>
          <line num="74" count="0" type="stmt"/>
          <line num="75" count="0" type="stmt"/>
          <line num="77" count="0" type="stmt"/>
          <line num="78" count="0" type="stmt"/>
          <line num="79" count="0" type="stmt"/>
          <line num="80" count="0" type="cond" truecount="0" falsecount="2"/>
          <line num="81" count="0" type="stmt"/>
          <line num="83" count="0" type="stmt"/>
          <line num="88" count="2" type="stmt"/>
          <line num="89" count="0" type="stmt"/>
          <line num="91" count="2" type="stmt"/>
          <line num="92" count="1" type="stmt"/>
          <line num="93" count="1" type="stmt"/>
          <line num="94" count="1" type="stmt"/>
          <line num="96" count="2" type="stmt"/>
          <line num="97" count="0" type="stmt"/>
          <line num="99" count="0" type="stmt"/>
          <line num="100" count="0" type="cond" truecount="0" falsecount="2"/>
          <line num="101" count="0" type="stmt"/>
          <line num="103" count="0" type="stmt"/>
          <line num="104" count="0" type="stmt"/>
          <line num="105" count="0" type="stmt"/>
          <line num="106" count="0" type="stmt"/>
          <line num="111" count="2" type="stmt"/>
          <line num="112" count="20" type="stmt"/>
          <line num="114" count="2" type="stmt"/>
          <line num="115" count="52" type="stmt"/>
          <line num="117" count="2" type="stmt"/>
          <line num="118" count="18" type="stmt"/>
          <line num="120" count="2" type="stmt"/>
          <line num="121" count="66" type="stmt"/>
          <line num="123" count="2" type="stmt"/>
          <line num="124" count="1" type="stmt"/>
          <line num="126" count="2" type="stmt"/>
          <line num="127" count="0" type="stmt"/>
          <line num="129" count="2" type="stmt"/>
          <line num="130" count="4" type="stmt"/>
          <line num="132" count="2" type="stmt"/>
          <line num="133" count="3" type="stmt"/>
          <line num="134" count="3" type="cond" truecount="2" falsecount="0"/>
          <line num="136" count="2" type="stmt"/>
          <line num="137" count="4" type="stmt"/>
          <line num="138" count="4" type="cond" truecount="2" falsecount="0"/>
          <line num="140" count="2" type="stmt"/>
          <line num="141" count="6" type="stmt"/>
          <line num="142" count="6" type="cond" truecount="2" falsecount="0"/>
          <line num="144" count="2" type="stmt"/>
          <line num="145" count="10" type="stmt"/>
          <line num="147" count="2" type="stmt"/>
          <line num="148" count="3" type="stmt"/>
          <line num="149" count="3" type="stmt"/>
          <line num="150" count="3" type="stmt"/>
          <line num="152" count="2" type="stmt"/>
          <line num="153" count="11" type="stmt"/>
          <line num="154" count="11" type="stmt"/>
          <line num="156" count="2" type="stmt"/>
          <line num="157" count="10" type="stmt"/>
          <line num="159" count="10" type="stmt"/>
          <line num="160" count="20" type="cond" truecount="3" falsecount="0"/>
          <line num="162" count="10" type="stmt"/>
          <line num="163" count="10" type="cond" truecount="2" falsecount="0"/>
          <line num="164" count="2" type="stmt"/>
          <line num="165" count="2" type="stmt"/>
          <line num="166" count="2" type="stmt"/>
          <line num="168" count="2" type="stmt"/>
          <line num="169" count="1" type="stmt"/>
          <line num="170" count="1" type="stmt"/>
          <line num="171" count="9" type="stmt"/>
          <line num="176" count="2" type="stmt"/>
          <line num="177" count="8" type="stmt"/>
          <line num="179" count="8" type="stmt"/>
          <line num="180" count="16" type="cond" truecount="2" falsecount="0"/>
          <line num="182" count="8" type="stmt"/>
          <line num="183" count="8" type="stmt"/>
          <line num="185" count="8" type="stmt"/>
          <line num="186" count="8" type="stmt"/>
          <line num="187" count="8" type="stmt"/>
          <line num="188" count="8" type="stmt"/>
          <line num="193" count="2" type="stmt"/>
          <line num="194" count="2" type="stmt"/>
          <line num="196" count="2" type="stmt"/>
          <line num="197" count="4" type="cond" truecount="2" falsecount="0"/>
          <line num="199" count="2" type="stmt"/>
          <line num="200" count="2" type="stmt"/>
          <line num="201" count="2" type="stmt"/>
          <line num="203" count="2" type="stmt"/>
          <line num="204" count="2" type="stmt"/>
          <line num="205" count="2" type="stmt"/>
          <line num="210" count="2" type="stmt"/>
          <line num="212" count="2" type="stmt"/>
          <line num="213" count="2" type="stmt"/>
        </file>
        <file name="state.enum.ts" path="/Users/maigoerit/_SOURCES/tockler/app/state.enum.ts">
          <metrics statements="5" coveredstatements="5" conditionals="2" coveredconditionals="2" methods="1" coveredmethods="1"/>
          <line num="2" count="2" type="stmt"/>
          <line num="4" count="2" type="stmt"/>
          <line num="5" count="2" type="stmt"/>
          <line num="6" count="2" type="stmt"/>
          <line num="7" count="2" type="stmt"/>
        </file>
        <file name="task-analyser.ts" path="/Users/maigoerit/_SOURCES/tockler/app/task-analyser.ts">
          <metrics statements="103" coveredstatements="25" conditionals="95" coveredconditionals="8" methods="27" coveredmethods="3"/>
          <line num="2" count="1" type="cond" truecount="3" falsecount="0"/>
          <line num="3" count="0" type="cond" truecount="0" falsecount="2"/>
          <line num="4" count="0" type="stmt"/>
          <line num="5" count="0" type="stmt"/>
          <line num="6" count="0" type="cond" truecount="0" falsecount="2"/>
          <line num="7" count="0" type="cond" truecount="0" falsecount="2"/>
          <line num="10" count="1" type="cond" truecount="3" falsecount="0"/>
          <line num="11" count="0" type="cond" truecount="0" falsecount="2"/>
          <line num="12" count="0" type="stmt"/>
          <line num="13" count="0" type="stmt"/>
          <line num="15" count="0" type="cond" truecount="0" falsecount="2"/>
          <line num="16" count="0" type="stmt"/>
          <line num="17" count="0" type="cond" truecount="0" falsecount="9"/>
          <line num="18" count="0" type="cond" truecount="0" falsecount="2"/>
          <line num="19" count="0" type="cond" truecount="0" falsecount="6"/>
          <line num="20" count="0" type="stmt"/>
          <line num="21" count="0" type="stmt"/>
          <line num="22" count="0" type="stmt"/>
          <line num="23" count="0" type="stmt"/>
          <line num="25" count="0" type="cond" truecount="0" falsecount="7"/>
          <line num="26" count="0" type="cond" truecount="0" falsecount="6"/>
          <line num="27" count="0" type="cond" truecount="0" falsecount="4"/>
          <line num="28" count="0" type="cond" truecount="0" falsecount="4"/>
          <line num="29" count="0" type="cond" truecount="0" falsecount="2"/>
          <line num="30" count="0" type="stmt"/>
          <line num="32" count="0" type="stmt"/>
          <line num="33" count="0" type="stmt"/>
          <line num="34" count="0" type="cond" truecount="0" falsecount="4"/>
          <line num="37" count="1" type="stmt"/>
          <line num="38" count="1" type="stmt"/>
          <line num="39" count="1" type="stmt"/>
          <line num="40" count="1" type="stmt"/>
          <line num="41" count="1" type="stmt"/>
          <line num="42" count="1" type="stmt"/>
          <line num="43" count="1" type="stmt"/>
          <line num="44" count="1" type="stmt"/>
          <line num="45" count="1" type="stmt"/>
          <line num="46" count="1" type="stmt"/>
          <line num="47" count="1" type="stmt"/>
          <line num="48" count="0" type="cond" truecount="0" falsecount="2"/>
          <line num="49" count="0" type="stmt"/>
          <line num="50" count="0" type="stmt"/>
          <line num="52" count="0" type="stmt"/>
          <line num="53" count="0" type="stmt"/>
          <line num="54" count="0" type="stmt"/>
          <line num="56" count="0" type="stmt"/>
          <line num="57" count="0" type="stmt"/>
          <line num="58" count="0" type="stmt"/>
          <line num="59" count="0" type="stmt"/>
          <line num="66" count="0" type="stmt"/>
          <line num="70" count="1" type="stmt"/>
          <line num="73" count="1" type="stmt"/>
          <line num="75" count="0" type="stmt"/>
          <line num="78" count="0" type="stmt"/>
          <line num="83" count="1" type="stmt"/>
          <line num="84" count="0" type="cond" truecount="0" falsecount="2"/>
          <line num="85" count="0" type="stmt"/>
          <line num="87" count="0" type="stmt"/>
          <line num="88" count="0" type="stmt"/>
          <line num="89" count="0" type="cond" truecount="0" falsecount="2"/>
          <line num="90" count="0" type="stmt"/>
          <line num="91" count="0" type="stmt"/>
          <line num="94" count="1" type="stmt"/>
          <line num="95" count="8" type="cond" truecount="2" falsecount="0"/>
          <line num="96" count="3" type="stmt"/>
          <line num="98" count="5" type="stmt"/>
          <line num="99" count="5" type="stmt"/>
          <line num="100" count="0" type="cond" truecount="0" falsecount="4"/>
          <line num="101" count="0" type="stmt"/>
          <line num="103" count="0" type="stmt"/>
          <line num="104" count="0" type="cond" truecount="0" falsecount="2"/>
          <line num="105" count="0" type="stmt"/>
          <line num="107" count="0" type="cond" truecount="0" falsecount="2"/>
          <line num="108" count="0" type="cond" truecount="0" falsecount="2"/>
          <line num="109" count="0" type="stmt"/>
          <line num="110" count="0" type="cond" truecount="0" falsecount="5"/>
          <line num="111" count="0" type="stmt"/>
          <line num="112" count="0" type="stmt"/>
          <line num="114" count="0" type="stmt"/>
          <line num="121" count="0" type="stmt"/>
          <line num="132" count="5" type="stmt"/>
          <line num="133" count="0" type="stmt"/>
          <line num="134" count="0" type="stmt"/>
          <line num="138" count="1" type="stmt"/>
          <line num="139" count="0" type="stmt"/>
          <line num="141" count="0" type="stmt"/>
          <line num="142" count="0" type="cond" truecount="0" falsecount="4"/>
          <line num="143" count="0" type="stmt"/>
          <line num="145" count="0" type="stmt"/>
          <line num="146" count="0" type="cond" truecount="0" falsecount="4"/>
          <line num="147" count="0" type="stmt"/>
          <line num="149" count="0" type="stmt"/>
          <line num="150" count="0" type="stmt"/>
          <line num="151" count="0" type="cond" truecount="0" falsecount="2"/>
          <line num="152" count="0" type="stmt"/>
          <line num="153" count="0" type="stmt"/>
          <line num="154" count="0" type="cond" truecount="0" falsecount="2"/>
          <line num="155" count="0" type="stmt"/>
          <line num="156" count="0" type="stmt"/>
          <line num="158" count="0" type="stmt"/>
          <line num="159" count="0" type="stmt"/>
          <line num="164" count="1" type="stmt"/>
          <line num="166" count="1" type="stmt"/>
        </file>
        <file name="track-item-type.enum.ts" path="/Users/maigoerit/_SOURCES/tockler/app/track-item-type.enum.ts">
          <metrics statements="5" coveredstatements="5" conditionals="2" coveredconditionals="2" methods="1" coveredmethods="1"/>
          <line num="2" count="3" type="stmt"/>
          <line num="4" count="3" type="stmt"/>
          <line num="5" count="3" type="stmt"/>
          <line num="6" count="3" type="stmt"/>
          <line num="7" count="3" type="stmt"/>
        </file>
      </package>
      <package name="app.models">
        <metrics statements="44" coveredstatements="42" conditionals="4" coveredconditionals="2" methods="9" coveredmethods="9"/>
        <file name="app-setting-model.ts" path="/Users/maigoerit/_SOURCES/tockler/app/models/app-setting-model.ts">
          <metrics statements="5" coveredstatements="5" conditionals="0" coveredconditionals="0" methods="1" coveredmethods="1"/>
          <line num="3" count="3" type="stmt"/>
          <line num="4" count="3" type="stmt"/>
          <line num="6" count="3" type="stmt"/>
          <line num="10" count="3" type="stmt"/>
          <line num="12" count="3" type="stmt"/>
        </file>
        <file name="index.ts" path="/Users/maigoerit/_SOURCES/tockler/app/models/index.ts">
          <metrics statements="29" coveredstatements="27" conditionals="4" coveredconditionals="2" methods="6" coveredmethods="6"/>
          <line num="2" count="3" type="stmt"/>
          <line num="3" count="3" type="stmt"/>
          <line num="4" count="3" type="stmt"/>
          <line num="5" count="3" type="stmt"/>
          <line num="6" count="3" type="stmt"/>
          <line num="7" count="3" type="stmt"/>
          <line num="8" count="3" type="stmt"/>
          <line num="9" count="3" type="stmt"/>
          <line num="11" count="3" type="stmt"/>
          <line num="12" count="3" type="stmt"/>
          <line num="13" count="3" type="cond" truecount="1" falsecount="1"/>
          <line num="14" count="3" type="stmt"/>
          <line num="19" count="0" type="stmt"/>
          <line num="25" count="3" type="stmt"/>
          <line num="30" count="3" type="stmt"/>
          <line num="32" count="3" type="stmt"/>
          <line num="33" count="9" type="stmt"/>
          <line num="34" count="9" type="stmt"/>
          <line num="37" count="3" type="stmt"/>
          <line num="38" count="9" type="cond" truecount="1" falsecount="1"/>
          <line num="39" count="0" type="stmt"/>
          <line num="43" count="3" type="stmt"/>
          <line num="44" count="3" type="stmt"/>
          <line num="46" count="3" type="stmt"/>
          <line num="47" count="3" type="stmt"/>
          <line num="49" count="3" type="stmt"/>
          <line num="51" count="3" type="stmt"/>
          <line num="52" count="3" type="stmt"/>
          <line num="53" count="3" type="stmt"/>
        </file>
        <file name="settings-model.ts" path="/Users/maigoerit/_SOURCES/tockler/app/models/settings-model.ts">
          <metrics statements="5" coveredstatements="5" conditionals="0" coveredconditionals="0" methods="1" coveredmethods="1"/>
          <line num="3" count="3" type="stmt"/>
          <line num="4" count="3" type="stmt"/>
          <line num="6" count="3" type="stmt"/>
          <line num="10" count="3" type="stmt"/>
          <line num="12" count="3" type="stmt"/>
        </file>
        <file name="track-item-model.ts" path="/Users/maigoerit/_SOURCES/tockler/app/models/track-item-model.ts">
          <metrics statements="5" coveredstatements="5" conditionals="0" coveredconditionals="0" methods="1" coveredmethods="1"/>
          <line num="2" count="3" type="stmt"/>
          <line num="3" count="3" type="stmt"/>
          <line num="5" count="3" type="stmt"/>
          <line num="15" count="3" type="stmt"/>
          <line num="17" count="3" type="stmt"/>
        </file>
      </package>
      <package name="app.services">
        <metrics statements="309" coveredstatements="164" conditionals="233" coveredconditionals="97" methods="105" coveredmethods="59"/>
        <file name="app-setting-service.ts" path="/Users/maigoerit/_SOURCES/tockler/app/services/app-setting-service.ts">
          <metrics statements="92" coveredstatements="59" conditionals="70" coveredconditionals="32" methods="32" coveredmethods="23"/>
          <line num="2" count="2" type="cond" truecount="3" falsecount="0"/>
          <line num="3" count="12" type="cond" truecount="2" falsecount="0"/>
          <line num="4" count="12" type="stmt"/>
          <line num="5" count="0" type="stmt"/>
          <line num="6" count="24" type="cond" truecount="2" falsecount="0"/>
          <line num="7" count="12" type="cond" truecount="2" falsecount="0"/>
          <line num="10" count="2" type="cond" truecount="3" falsecount="0"/>
          <line num="11" count="12" type="cond" truecount="1" falsecount="1"/>
          <line num="12" count="12" type="stmt"/>
          <line num="13" count="36" type="stmt"/>
          <line num="15" count="24" type="cond" truecount="1" falsecount="1"/>
          <line num="16" count="48" type="stmt"/>
          <line num="17" count="48" type="cond" truecount="2" falsecount="7"/>
          <line num="18" count="48" type="cond" truecount="1" falsecount="1"/>
          <line num="19" count="48" type="cond" truecount="4" falsecount="2"/>
          <line num="20" count="24" type="stmt"/>
          <line num="21" count="12" type="stmt"/>
          <line num="22" count="0" type="stmt"/>
          <line num="23" count="0" type="stmt"/>
          <line num="25" count="12" type="cond" truecount="5" falsecount="2"/>
          <line num="26" count="0" type="cond" truecount="0" falsecount="6"/>
          <line num="27" count="0" type="cond" truecount="0" falsecount="4"/>
          <line num="28" count="0" type="cond" truecount="0" falsecount="4"/>
          <line num="29" count="0" type="cond" truecount="0" falsecount="2"/>
          <line num="30" count="0" type="stmt"/>
          <line num="32" count="24" type="stmt"/>
          <line num="33" count="48" type="stmt"/>
          <line num="34" count="12" type="cond" truecount="2" falsecount="2"/>
          <line num="37" count="2" type="stmt"/>
          <line num="38" count="2" type="stmt"/>
          <line num="39" count="2" type="stmt"/>
          <line num="40" count="2" type="stmt"/>
          <line num="41" count="2" type="stmt"/>
          <line num="43" count="2" type="stmt"/>
          <line num="45" count="2" type="stmt"/>
          <line num="46" count="3" type="stmt"/>
          <line num="47" count="3" type="stmt"/>
          <line num="48" count="3" type="stmt"/>
          <line num="49" count="3" type="stmt"/>
          <line num="50" count="3" type="stmt"/>
          <line num="51" count="3" type="stmt"/>
          <line num="53" count="0" type="stmt"/>
          <line num="54" count="0" type="stmt"/>
          <line num="58" count="3" type="stmt"/>
          <line num="60" count="2" type="stmt"/>
          <line num="61" count="0" type="stmt"/>
          <line num="63" count="0" type="stmt"/>
          <line num="64" count="0" type="cond" truecount="0" falsecount="2"/>
          <line num="65" count="0" type="stmt"/>
          <line num="67" count="0" type="stmt"/>
          <line num="68" count="0" type="cond" truecount="0" falsecount="2"/>
          <line num="69" count="0" type="stmt"/>
          <line num="72" count="0" type="stmt"/>
          <line num="74" count="0" type="stmt"/>
          <line num="79" count="2" type="stmt"/>
          <line num="80" count="12" type="stmt"/>
          <line num="82" count="12" type="stmt"/>
          <line num="83" count="24" type="cond" truecount="2" falsecount="0"/>
          <line num="84" count="12" type="stmt"/>
          <line num="86" count="12" type="stmt"/>
          <line num="87" count="12" type="stmt"/>
          <line num="88" count="12" type="stmt"/>
          <line num="93" count="2" type="stmt"/>
          <line num="94" count="12" type="stmt"/>
          <line num="95" count="12" type="stmt"/>
          <line num="100" count="12" type="stmt"/>
          <line num="101" count="12" type="stmt"/>
          <line num="102" count="12" type="cond" truecount="2" falsecount="0"/>
          <line num="103" count="9" type="stmt"/>
          <line num="106" count="3" type="stmt"/>
          <line num="107" count="3" type="stmt"/>
          <line num="108" count="3" type="stmt"/>
          <line num="110" count="3" type="stmt"/>
          <line num="114" count="12" type="stmt"/>
          <line num="116" count="2" type="stmt"/>
          <line num="117" count="0" type="stmt"/>
          <line num="118" count="0" type="stmt"/>
          <line num="123" count="0" type="stmt"/>
          <line num="124" count="0" type="stmt"/>
          <line num="125" count="0" type="stmt"/>
          <line num="126" count="0" type="cond" truecount="0" falsecount="2"/>
          <line num="127" count="0" type="stmt"/>
          <line num="128" count="0" type="stmt"/>
          <line num="129" count="0" type="stmt"/>
          <line num="130" count="0" type="stmt"/>
          <line num="133" count="0" type="stmt"/>
          <line num="134" count="0" type="stmt"/>
          <line num="135" count="0" type="stmt"/>
          <line num="140" count="0" type="stmt"/>
          <line num="142" count="2" type="stmt"/>
          <line num="144" count="2" type="stmt"/>
          <line num="145" count="2" type="stmt"/>
        </file>
        <file name="settings-service.ts" path="/Users/maigoerit/_SOURCES/tockler/app/services/settings-service.ts">
          <metrics statements="75" coveredstatements="48" conditionals="72" coveredconditionals="32" methods="28" coveredmethods="18"/>
          <line num="2" count="2" type="cond" truecount="3" falsecount="0"/>
          <line num="3" count="10" type="cond" truecount="2" falsecount="0"/>
          <line num="4" count="10" type="stmt"/>
          <line num="5" count="0" type="stmt"/>
          <line num="6" count="20" type="cond" truecount="2" falsecount="0"/>
          <line num="7" count="10" type="cond" truecount="2" falsecount="0"/>
          <line num="10" count="2" type="cond" truecount="3" falsecount="0"/>
          <line num="11" count="10" type="cond" truecount="1" falsecount="1"/>
          <line num="12" count="10" type="stmt"/>
          <line num="13" count="30" type="stmt"/>
          <line num="15" count="20" type="cond" truecount="1" falsecount="1"/>
          <line num="16" count="40" type="stmt"/>
          <line num="17" count="40" type="cond" truecount="2" falsecount="7"/>
          <line num="18" count="40" type="cond" truecount="1" falsecount="1"/>
          <line num="19" count="40" type="cond" truecount="4" falsecount="2"/>
          <line num="20" count="20" type="stmt"/>
          <line num="21" count="10" type="stmt"/>
          <line num="22" count="0" type="stmt"/>
          <line num="23" count="0" type="stmt"/>
          <line num="25" count="10" type="cond" truecount="5" falsecount="2"/>
          <line num="26" count="0" type="cond" truecount="0" falsecount="6"/>
          <line num="27" count="0" type="cond" truecount="0" falsecount="4"/>
          <line num="28" count="0" type="cond" truecount="0" falsecount="4"/>
          <line num="29" count="0" type="cond" truecount="0" falsecount="2"/>
          <line num="30" count="0" type="stmt"/>
          <line num="32" count="20" type="stmt"/>
          <line num="33" count="40" type="stmt"/>
          <line num="34" count="10" type="cond" truecount="2" falsecount="2"/>
          <line num="37" count="2" type="stmt"/>
          <line num="38" count="2" type="stmt"/>
          <line num="39" count="2" type="stmt"/>
          <line num="40" count="2" type="stmt"/>
          <line num="42" count="2" type="stmt"/>
          <line num="44" count="2" type="stmt"/>
          <line num="45" count="5" type="stmt"/>
          <line num="47" count="5" type="stmt"/>
          <line num="48" count="10" type="cond" truecount="2" falsecount="0"/>
          <line num="49" count="5" type="stmt"/>
          <line num="55" count="5" type="stmt"/>
          <line num="56" count="5" type="stmt"/>
          <line num="57" count="5" type="stmt"/>
          <line num="58" count="5" type="stmt"/>
          <line num="63" count="2" type="stmt"/>
          <line num="64" count="0" type="stmt"/>
          <line num="70" count="2" type="stmt"/>
          <line num="71" count="0" type="stmt"/>
          <line num="73" count="0" type="stmt"/>
          <line num="74" count="0" type="cond" truecount="0" falsecount="2"/>
          <line num="75" count="0" type="stmt"/>
          <line num="77" count="0" type="stmt"/>
          <line num="78" count="0" type="stmt"/>
          <line num="83" count="2" type="stmt"/>
          <line num="84" count="5" type="stmt"/>
          <line num="86" count="5" type="stmt"/>
          <line num="87" count="10" type="cond" truecount="2" falsecount="0"/>
          <line num="88" count="5" type="stmt"/>
          <line num="90" count="5" type="stmt"/>
          <line num="91" count="5" type="stmt"/>
          <line num="96" count="2" type="stmt"/>
          <line num="97" count="0" type="stmt"/>
          <line num="99" count="0" type="stmt"/>
          <line num="100" count="0" type="cond" truecount="0" falsecount="4"/>
          <line num="101" count="0" type="stmt"/>
          <line num="103" count="0" type="stmt"/>
          <line num="104" count="0" type="cond" truecount="0" falsecount="2"/>
          <line num="105" count="0" type="stmt"/>
          <line num="107" count="0" type="stmt"/>
          <line num="108" count="0" type="stmt"/>
          <line num="109" count="0" type="stmt"/>
          <line num="114" count="2" type="stmt"/>
          <line num="115" count="0" type="stmt"/>
          <line num="116" count="0" type="stmt"/>
          <line num="119" count="2" type="stmt"/>
          <line num="121" count="2" type="stmt"/>
          <line num="122" count="2" type="stmt"/>
        </file>
        <file name="track-item-service.ts" path="/Users/maigoerit/_SOURCES/tockler/app/services/track-item-service.ts">
          <metrics statements="142" coveredstatements="57" conditionals="91" coveredconditionals="33" methods="45" coveredmethods="18"/>
          <line num="2" count="2" type="cond" truecount="3" falsecount="0"/>
          <line num="3" count="12" type="cond" truecount="2" falsecount="0"/>
          <line num="4" count="11" type="stmt"/>
          <line num="5" count="0" type="stmt"/>
          <line num="6" count="22" type="cond" truecount="2" falsecount="0"/>
          <line num="7" count="12" type="cond" truecount="2" falsecount="0"/>
          <line num="10" count="2" type="cond" truecount="3" falsecount="0"/>
          <line num="11" count="12" type="cond" truecount="1" falsecount="1"/>
          <line num="12" count="12" type="stmt"/>
          <line num="13" count="36" type="stmt"/>
          <line num="15" count="23" type="cond" truecount="1" falsecount="1"/>
          <line num="16" count="46" type="stmt"/>
          <line num="17" count="46" type="cond" truecount="2" falsecount="7"/>
          <line num="18" count="46" type="cond" truecount="1" falsecount="1"/>
          <line num="19" count="46" type="cond" truecount="4" falsecount="2"/>
          <line num="20" count="23" type="stmt"/>
          <line num="21" count="11" type="stmt"/>
          <line num="22" count="0" type="stmt"/>
          <line num="23" count="0" type="stmt"/>
          <line num="25" count="12" type="cond" truecount="5" falsecount="2"/>
          <line num="26" count="0" type="cond" truecount="0" falsecount="6"/>
          <line num="27" count="0" type="cond" truecount="0" falsecount="4"/>
          <line num="28" count="0" type="cond" truecount="0" falsecount="4"/>
          <line num="29" count="0" type="cond" truecount="0" falsecount="2"/>
          <line num="30" count="0" type="stmt"/>
          <line num="32" count="23" type="stmt"/>
          <line num="33" count="46" type="stmt"/>
          <line num="34" count="12" type="cond" truecount="3" falsecount="1"/>
          <line num="37" count="2" type="stmt"/>
          <line num="38" count="2" type="stmt"/>
          <line num="39" count="2" type="stmt"/>
          <line num="40" count="2" type="stmt"/>
          <line num="41" count="2" type="stmt"/>
          <line num="42" count="2" type="stmt"/>
          <line num="44" count="2" type="stmt"/>
          <line num="46" count="2" type="stmt"/>
          <line num="47" count="8" type="stmt"/>
          <line num="49" count="8" type="stmt"/>
          <line num="50" count="16" type="cond" truecount="2" falsecount="0"/>
          <line num="51" count="8" type="stmt"/>
          <line num="53" count="8" type="stmt"/>
          <line num="54" count="8" type="stmt"/>
          <line num="55" count="8" type="stmt"/>
          <line num="60" count="2" type="stmt"/>
          <line num="61" count="0" type="stmt"/>
          <line num="63" count="0" type="stmt"/>
          <line num="64" count="0" type="cond" truecount="0" falsecount="2"/>
          <line num="65" count="0" type="stmt"/>
          <line num="67" count="0" type="stmt"/>
          <line num="68" count="0" type="cond" truecount="0" falsecount="2"/>
          <line num="69" count="0" type="stmt"/>
          <line num="72" count="0" type="stmt"/>
          <line num="74" count="0" type="stmt"/>
          <line num="79" count="2" type="stmt"/>
          <line num="80" count="0" type="cond" truecount="0" falsecount="2"/>
          <line num="81" count="0" type="cond" truecount="0" falsecount="2"/>
          <line num="82" count="0" type="cond" truecount="0" falsecount="2"/>
          <line num="83" count="0" type="stmt"/>
          <line num="84" count="0" type="stmt"/>
          <line num="86" count="0" type="cond" truecount="0" falsecount="2"/>
          <line num="87" count="0" type="cond" truecount="0" falsecount="2"/>
          <line num="88" count="0" type="cond" truecount="0" falsecount="2"/>
          <line num="89" count="0" type="stmt"/>
          <line num="91" count="0" type="stmt"/>
          <line num="98" count="0" type="cond" truecount="0" falsecount="2"/>
          <line num="99" count="0" type="stmt"/>
          <line num="103" count="0" type="stmt"/>
          <line num="113" count="2" type="stmt"/>
          <line num="114" count="0" type="stmt"/>
          <line num="128" count="2" type="stmt"/>
          <line num="129" count="0" type="stmt"/>
          <line num="130" count="0" type="stmt"/>
          <line num="131" count="0" type="stmt"/>
          <line num="133" count="2" type="stmt"/>
          <line num="134" count="0" type="stmt"/>
          <line num="144" count="2" type="stmt"/>
          <line num="147" count="0" type="stmt"/>
          <line num="148" count="0" type="stmt"/>
          <line num="162" count="2" type="stmt"/>
          <line num="163" count="4" type="stmt"/>
          <line num="165" count="4" type="stmt"/>
          <line num="166" count="7" type="cond" truecount="2" falsecount="0"/>
          <line num="167" count="4" type="stmt"/>
          <line num="178" count="3" type="stmt"/>
          <line num="179" count="3" type="stmt"/>
          <line num="184" count="2" type="stmt"/>
          <line num="185" count="0" type="stmt"/>
          <line num="186" count="0" type="stmt"/>
          <line num="187" count="0" type="stmt"/>
          <line num="193" count="0" type="stmt"/>
          <line num="196" count="2" type="stmt"/>
          <line num="197" count="0" type="stmt"/>
          <line num="199" count="2" type="stmt"/>
          <line num="200" count="0" type="stmt"/>
          <line num="201" count="0" type="stmt"/>
          <line num="202" count="0" type="stmt"/>
          <line num="208" count="0" type="stmt"/>
          <line num="209" count="0" type="stmt"/>
          <line num="211" count="0" type="stmt"/>
          <line num="212" count="0" type="stmt"/>
          <line num="215" count="0" type="stmt"/>
          <line num="217" count="2" type="stmt"/>
          <line num="218" count="0" type="stmt"/>
          <line num="219" count="0" type="stmt"/>
          <line num="220" count="0" type="stmt"/>
          <line num="223" count="0" type="stmt"/>
          <line num="224" count="0" type="stmt"/>
          <line num="226" count="0" type="stmt"/>
          <line num="227" count="0" type="stmt"/>
          <line num="230" count="0" type="stmt"/>
          <line num="232" count="2" type="stmt"/>
          <line num="233" count="0" type="stmt"/>
          <line num="234" count="0" type="stmt"/>
          <line num="235" count="0" type="stmt"/>
          <line num="242" count="0" type="stmt"/>
          <line num="243" count="0" type="stmt"/>
          <line num="245" count="0" type="stmt"/>
          <line num="246" count="0" type="stmt"/>
          <line num="249" count="0" type="stmt"/>
          <line num="251" count="2" type="stmt"/>
          <line num="252" count="0" type="stmt"/>
          <line num="254" count="0" type="stmt"/>
          <line num="255" count="0" type="cond" truecount="0" falsecount="3"/>
          <line num="256" count="0" type="stmt"/>
          <line num="258" count="0" type="stmt"/>
          <line num="259" count="0" type="cond" truecount="0" falsecount="2"/>
          <line num="260" count="0" type="stmt"/>
          <line num="261" count="0" type="stmt"/>
          <line num="263" count="0" type="stmt"/>
          <line num="264" count="0" type="stmt"/>
          <line num="265" count="0" type="cond" truecount="0" falsecount="2"/>
          <line num="266" count="0" type="stmt"/>
          <line num="267" count="0" type="stmt"/>
          <line num="269" count="0" type="stmt"/>
          <line num="271" count="0" type="stmt"/>
          <line num="272" count="0" type="cond" truecount="0" falsecount="2"/>
          <line num="273" count="0" type="stmt"/>
          <line num="274" count="0" type="stmt"/>
          <line num="276" count="0" type="stmt"/>
          <line num="281" count="2" type="stmt"/>
          <line num="283" count="2" type="stmt"/>
          <line num="284" count="2" type="stmt"/>
        </file>
      </package>
      <package name="util">
        <metrics statements="1" coveredstatements="1" conditionals="0" coveredconditionals="0" methods="0" coveredmethods="0"/>
        <file name="jest-setup.js" path="/Users/maigoerit/_SOURCES/tockler/util/jest-setup.js">
          <metrics statements="1" coveredstatements="1" conditionals="0" coveredconditionals="0" methods="0" coveredmethods="0"/>
          <line num="12" count="4" type="stmt"/>
        </file>
      </package>
    </metrics>
  </project>
</coverage>
