{"/Users/maigoerit/_SOURCES/tockler/__tests__/track-item-test-data.ts": {"path":"/Users/maigoerit/_SOURCES/tockler/__tests__/track-item-test-data.ts","statementMap":{"0":{"start":{"line":2,"column":0},"end":{"line":2,"column":62}},"1":{"start":{"line":3,"column":29},"end":{"line":3,"column":67}},"2":{"start":{"line":4,"column":13},"end":{"line":4,"column":30}},"3":{"start":{"line":5,"column":25},"end":{"line":45,"column":3}},"4":{"start":{"line":8,"column":4},"end":{"line":19,"column":6}},"5":{"start":{"line":9,"column":8},"end":{"line":9,"column":43}},"6":{"start":{"line":9,"column":31},"end":{"line":9,"column":41}},"7":{"start":{"line":10,"column":8},"end":{"line":10,"column":50}},"8":{"start":{"line":10,"column":35},"end":{"line":10,"column":48}},"9":{"start":{"line":11,"column":22},"end":{"line":17,"column":9}},"10":{"start":{"line":18,"column":8},"end":{"line":18,"column":48}},"11":{"start":{"line":20,"column":4},"end":{"line":31,"column":6}},"12":{"start":{"line":21,"column":8},"end":{"line":21,"column":43}},"13":{"start":{"line":21,"column":31},"end":{"line":21,"column":41}},"14":{"start":{"line":22,"column":8},"end":{"line":22,"column":48}},"15":{"start":{"line":22,"column":34},"end":{"line":22,"column":46}},"16":{"start":{"line":23,"column":22},"end":{"line":29,"column":9}},"17":{"start":{"line":30,"column":8},"end":{"line":30,"column":48}},"18":{"start":{"line":32,"column":4},"end":{"line":43,"column":6}},"19":{"start":{"line":33,"column":8},"end":{"line":33,"column":43}},"20":{"start":{"line":33,"column":31},"end":{"line":33,"column":41}},"21":{"start":{"line":34,"column":8},"end":{"line":34,"column":48}},"22":{"start":{"line":34,"column":34},"end":{"line":34,"column":46}},"23":{"start":{"line":35,"column":22},"end":{"line":40,"column":9}},"24":{"start":{"line":41,"column":8},"end":{"line":41,"column":110}},"25":{"start":{"line":42,"column":8},"end":{"line":42,"column":48}},"26":{"start":{"line":44,"column":4},"end":{"line":44,"column":29}},"27":{"start":{"line":46,"column":0},"end":{"line":46,"column":36}}},"fnMap":{"0":{"name":"(anonymous_0)","decl":{"start":{"line":5,"column":25},"end":{"line":5,"column":26}},"loc":{"start":{"line":5,"column":37},"end":{"line":45,"column":1}},"line":5},"1":{"name":"TrackItemTestData","decl":{"start":{"line":6,"column":13},"end":{"line":6,"column":30}},"loc":{"start":{"line":6,"column":33},"end":{"line":7,"column":5}},"line":6},"2":{"name":"(anonymous_2)","decl":{"start":{"line":8,"column":40},"end":{"line":8,"column":41}},"loc":{"start":{"line":8,"column":66},"end":{"line":19,"column":5}},"line":8},"3":{"name":"(anonymous_3)","decl":{"start":{"line":20,"column":40},"end":{"line":20,"column":41}},"loc":{"start":{"line":20,"column":65},"end":{"line":31,"column":5}},"line":20},"4":{"name":"(anonymous_4)","decl":{"start":{"line":32,"column":43},"end":{"line":32,"column":44}},"loc":{"start":{"line":32,"column":68},"end":{"line":43,"column":5}},"line":32}},"branchMap":{"0":{"loc":{"start":{"line":9,"column":8},"end":{"line":9,"column":43}},"type":"if","locations":[{"start":{"line":9,"column":8},"end":{"line":9,"column":43}},{"start":{"line":9,"column":8},"end":{"line":9,"column":43}}],"line":9},"1":{"loc":{"start":{"line":10,"column":8},"end":{"line":10,"column":50}},"type":"if","locations":[{"start":{"line":10,"column":8},"end":{"line":10,"column":50}},{"start":{"line":10,"column":8},"end":{"line":10,"column":50}}],"line":10},"2":{"loc":{"start":{"line":21,"column":8},"end":{"line":21,"column":43}},"type":"if","locations":[{"start":{"line":21,"column":8},"end":{"line":21,"column":43}},{"start":{"line":21,"column":8},"end":{"line":21,"column":43}}],"line":21},"3":{"loc":{"start":{"line":22,"column":8},"end":{"line":22,"column":48}},"type":"if","locations":[{"start":{"line":22,"column":8},"end":{"line":22,"column":48}},{"start":{"line":22,"column":8},"end":{"line":22,"column":48}}],"line":22},"4":{"loc":{"start":{"line":33,"column":8},"end":{"line":33,"column":43}},"type":"if","locations":[{"start":{"line":33,"column":8},"end":{"line":33,"column":43}},{"start":{"line":33,"column":8},"end":{"line":33,"column":43}}],"line":33},"5":{"loc":{"start":{"line":34,"column":8},"end":{"line":34,"column":48}},"type":"if","locations":[{"start":{"line":34,"column":8},"end":{"line":34,"column":48}},{"start":{"line":34,"column":8},"end":{"line":34,"column":48}}],"line":34},"6":{"loc":{"start":{"line":41,"column":24},"end":{"line":41,"column":109}},"type":"cond-expr","locations":[{"start":{"line":41,"column":37},"end":{"line":41,"column":70}},{"start":{"line":41,"column":73},"end":{"line":41,"column":109}}],"line":41}},"s":{"0":2,"1":2,"2":2,"3":2,"4":2,"5":14,"6":0,"7":14,"8":11,"9":14,"10":14,"11":2,"12":5,"13":0,"14":5,"15":5,"16":5,"17":5,"18":2,"19":15,"20":1,"21":15,"22":14,"23":15,"24":15,"25":15,"26":2,"27":2},"f":{"0":2,"1":0,"2":14,"3":5,"4":15},"b":{"0":[0,14],"1":[11,3],"2":[0,5],"3":[5,0],"4":[1,14],"5":[14,1],"6":[14,1]},"inputSourceMap":{"version":3,"file":"track-item-test-data.js","sourceRoot":"src/","sources":["track-item-test-data.ts"],"names":[],"mappings":";;AACA,oEAA4D;AAC5D,+BAAiC;AAEjC;IAAA;IAqCA,CAAC;IAnCU,iCAAe,GAAtB,UAAuB,IAAS,EAAE,QAAY;QAAvB,qBAAA,EAAA,SAAS;QAAE,yBAAA,EAAA,YAAY;QAC1C,IAAM,OAAO,GAAwB;YACjC,GAAG,EAAE,QAAQ;YACb,KAAK,EAAE,YAAY;YACnB,QAAQ,EAAE,oCAAa,CAAC,YAAY;YACpC,SAAS,EAAE,MAAM,EAAE,CAAC,OAAO,CAAC,KAAK,CAAC,CAAC,GAAG,CAAC,QAAQ,EAAE,OAAO,CAAC,CAAC,MAAM,EAAE;YAClE,OAAO,EAAE,MAAM,EAAE,CAAC,OAAO,CAAC,KAAK,CAAC,CAAC,GAAG,CAAC,QAAQ,GAAG,CAAC,EAAE,OAAO,CAAC,CAAC,MAAM,EAAE;SACvE,CAAC;QAEF,MAAM,CAAC,MAAM,CAAC,MAAM,CAAC,EAAE,EAAE,OAAO,EAAE,IAAI,CAAC,CAAC;IAC5C,CAAC;IAEM,iCAAe,GAAtB,UAAuB,IAAS,EAAE,OAAW;QAAtB,qBAAA,EAAA,SAAS;QAAE,wBAAA,EAAA,WAAW;QACzC,IAAM,OAAO,GAAwB;YACjC,GAAG,EAAE,MAAM;YACX,KAAK,EAAE,YAAY;YACnB,QAAQ,EAAE,oCAAa,CAAC,YAAY;YACpC,SAAS,EAAE,MAAM,EAAE,CAAC,OAAO,CAAC,KAAK,CAAC,CAAC,GAAG,CAAC,OAAO,EAAE,OAAO,CAAC,CAAC,MAAM,EAAE;YACjE,OAAO,EAAE,MAAM,EAAE,CAAC,OAAO,CAAC,KAAK,CAAC,CAAC,GAAG,CAAC,OAAO,GAAG,CAAC,EAAE,OAAO,CAAC,CAAC,MAAM,EAAE;SACtE,CAAC;QAEF,MAAM,CAAC,MAAM,CAAC,MAAM,CAAC,EAAE,EAAE,OAAO,EAAE,IAAI,CAAC,CAAC;IAC5C,CAAC;IAEM,oCAAkB,GAAzB,UAA0B,IAA8B,EAAE,OAAW;QAA3C,qBAAA,EAAA,SAA8B;QAAE,wBAAA,EAAA,WAAW;QACjE,IAAM,OAAO,GAAwB;YACjC,GAAG,EAAE,MAAM;YACX,QAAQ,EAAE,oCAAa,CAAC,eAAe;YACvC,SAAS,EAAE,MAAM,EAAE,CAAC,OAAO,CAAC,KAAK,CAAC,CAAC,GAAG,CAAC,OAAO,EAAE,OAAO,CAAC,CAAC,MAAM,EAAE;YACjE,OAAO,EAAE,MAAM,EAAE,CAAC,OAAO,CAAC,KAAK,CAAC,CAAC,GAAG,CAAC,OAAO,GAAG,CAAC,EAAE,OAAO,CAAC,CAAC,MAAM,EAAE;SACtE,CAAC;QACF,OAAO,CAAC,KAAK,GAAG,CAAC,IAAI,CAAC,GAAG,CAAC,GAAG,IAAI,CAAC,GAAG,CAAC,QAAQ,EAAE,CAAC,WAAW,EAAE,GAAG,OAAO,CAAC,GAAG,CAAC,QAAQ,EAAE,CAAC,WAAW,EAAE,CAAC;QACtG,MAAM,CAAC,MAAM,CAAC,MAAM,CAAC,EAAE,EAAE,OAAO,EAAE,IAAI,CAAC,CAAC;IAC5C,CAAC;IAEL,wBAAC;AAAD,CAAC,AArCD,IAqCC","sourcesContent":["import { TrackItemAttributes } from '../app/models/interfaces/track-item-interface';\nimport { TrackItemType } from '../app/track-item-type.enum';\nimport * as moment from 'moment';\n\nexport default class TrackItemTestData {\n\n    static getAppTrackItem(data = {}, addHours = 0): TrackItemAttributes {\n        const rawItem: TrackItemAttributes = {\n            app: 'Chrome',\n            title: 'google.com',\n            taskName: TrackItemType.AppTrackItem,\n            beginDate: moment().startOf('day').add(addHours, 'hours').toDate(),\n            endDate: moment().startOf('day').add(addHours + 1, 'hours').toDate()\n        };\n\n        return Object.assign({}, rawItem, data);\n    }\n\n    static getLogTrackItem(data = {}, addDays = 1): TrackItemAttributes {\n        const rawItem: TrackItemAttributes = {\n            app: 'WORK',\n            title: 'Some work.',\n            taskName: TrackItemType.LogTrackItem,\n            beginDate: moment().startOf('day').add(addDays, 'hours').toDate(),\n            endDate: moment().startOf('day').add(addDays + 1, 'hours').toDate()\n        };\n\n        return Object.assign({}, rawItem, data);\n    }\n\n    static getStatusTrackItem(data: TrackItemAttributes = {}, addDays = 1): TrackItemAttributes {\n        const rawItem: TrackItemAttributes = {\n            app: 'IDLE',\n            taskName: TrackItemType.StatusTrackItem,\n            beginDate: moment().startOf('day').add(addDays, 'hours').toDate(),\n            endDate: moment().startOf('day').add(addDays + 1, 'hours').toDate()\n        };\n        rawItem.title = (data.app) ? data.app.toString().toLowerCase() : rawItem.app.toString().toLowerCase();\n        return Object.assign({}, rawItem, data);\n    }\n\n}\n\n\n"]},"_coverageSchema":"332fd63041d2c1bcb487cc26dd0d5f7d97098a6c","hash":"16d40960197f12c49bd84c79ab3f9b2e892508cb"}
,"/Users/maigoerit/_SOURCES/tockler/app/app-constants.ts": {"path":"/Users/maigoerit/_SOURCES/tockler/app/app-constants.ts","statementMap":{"0":{"start":{"line":2,"column":0},"end":{"line":2,"column":62}},"1":{"start":{"line":3,"column":20},"end":{"line":9,"column":3}},"2":{"start":{"line":5,"column":8},"end":{"line":5,"column":44}},"3":{"start":{"line":6,"column":8},"end":{"line":6,"column":45}},"4":{"start":{"line":8,"column":4},"end":{"line":8,"column":24}},"5":{"start":{"line":10,"column":0},"end":{"line":10,"column":31}},"6":{"start":{"line":11,"column":0},"end":{"line":11,"column":42}}},"fnMap":{"0":{"name":"(anonymous_0)","decl":{"start":{"line":3,"column":20},"end":{"line":3,"column":21}},"loc":{"start":{"line":3,"column":32},"end":{"line":9,"column":1}},"line":3},"1":{"name":"AppConstants","decl":{"start":{"line":4,"column":13},"end":{"line":4,"column":25}},"loc":{"start":{"line":4,"column":28},"end":{"line":7,"column":5}},"line":4}},"branchMap":{},"s":{"0":3,"1":3,"2":3,"3":3,"4":3,"5":3,"6":3},"f":{"0":3,"1":3},"b":{},"inputSourceMap":{"version":3,"file":"app-constants.js","sourceRoot":"src/","sources":["app-constants.ts"],"names":[],"mappings":";;AAAA;IAAA;QACI,4BAAuB,GAAW,IAAI,CAAC;QACvC,2BAAsB,GAAW,EAAE,GAAG,CAAC,CAAC;IAC5C,CAAC;IAAD,mBAAC;AAAD,CAAC,AAHD,IAGC;;AAEY,QAAA,YAAY,GAAG,IAAI,YAAY,EAAE,CAAC","sourcesContent":["export default class AppConstants {\n    BACKGROUND_JOB_INTERVAL: number = 3000;\n    IDLE_IN_SECONDS_TO_LOG: number = 60 * 1;\n}\n\nexport const appConstants = new AppConstants();\n"]},"_coverageSchema":"332fd63041d2c1bcb487cc26dd0d5f7d97098a6c","hash":"d59951789eadd6975034d254f6f70a8f887e259d"}
,"/Users/maigoerit/_SOURCES/tockler/app/background.service.ts": {"path":"/Users/maigoerit/_SOURCES/tockler/app/background.service.ts","statementMap":{"0":{"start":{"line":2,"column":16},"end":{"line":9,"column":1}},"1":{"start":{"line":3,"column":4},"end":{"line":8,"column":7}},"2":{"start":{"line":4,"column":36},"end":{"line":4,"column":97}},"3":{"start":{"line":4,"column":42},"end":{"line":4,"column":70}},"4":{"start":{"line":4,"column":85},"end":{"line":4,"column":95}},"5":{"start":{"line":5,"column":35},"end":{"line":5,"column":100}},"6":{"start":{"line":5,"column":41},"end":{"line":5,"column":73}},"7":{"start":{"line":5,"column":88},"end":{"line":5,"column":98}},"8":{"start":{"line":6,"column":32},"end":{"line":6,"column":149}},"9":{"start":{"line":6,"column":97},"end":{"line":6,"column":119}},"10":{"start":{"line":7,"column":8},"end":{"line":7,"column":78}},"11":{"start":{"line":10,"column":18},"end":{"line":36,"column":1}},"12":{"start":{"line":11,"column":12},"end":{"line":11,"column":104}},"13":{"start":{"line":11,"column":43},"end":{"line":11,"column":68}},"14":{"start":{"line":11,"column":57},"end":{"line":11,"column":68}},"15":{"start":{"line":11,"column":69},"end":{"line":11,"column":81}},"16":{"start":{"line":12,"column":4},"end":{"line":12,"column":66}},"17":{"start":{"line":13,"column":23},"end":{"line":13,"column":68}},"18":{"start":{"line":13,"column":45},"end":{"line":13,"column":65}},"19":{"start":{"line":15,"column":8},"end":{"line":15,"column":70}},"20":{"start":{"line":15,"column":15},"end":{"line":15,"column":70}},"21":{"start":{"line":16,"column":8},"end":{"line":33,"column":66}},"22":{"start":{"line":16,"column":18},"end":{"line":33,"column":66}},"23":{"start":{"line":17,"column":12},"end":{"line":17,"column":127}},"24":{"start":{"line":17,"column":118},"end":{"line":17,"column":127}},"25":{"start":{"line":18,"column":12},"end":{"line":18,"column":44}},"26":{"start":{"line":18,"column":26},"end":{"line":18,"column":44}},"27":{"start":{"line":19,"column":12},"end":{"line":31,"column":13}},"28":{"start":{"line":20,"column":32},"end":{"line":20,"column":39}},"29":{"start":{"line":20,"column":40},"end":{"line":20,"column":46}},"30":{"start":{"line":21,"column":24},"end":{"line":21,"column":34}},"31":{"start":{"line":21,"column":35},"end":{"line":21,"column":72}},"32":{"start":{"line":22,"column":24},"end":{"line":22,"column":34}},"33":{"start":{"line":22,"column":35},"end":{"line":22,"column":45}},"34":{"start":{"line":22,"column":46},"end":{"line":22,"column":55}},"35":{"start":{"line":22,"column":56},"end":{"line":22,"column":65}},"36":{"start":{"line":23,"column":24},"end":{"line":23,"column":41}},"37":{"start":{"line":23,"column":42},"end":{"line":23,"column":55}},"38":{"start":{"line":23,"column":56},"end":{"line":23,"column":65}},"39":{"start":{"line":25,"column":20},"end":{"line":25,"column":128}},"40":{"start":{"line":25,"column":110},"end":{"line":25,"column":116}},"41":{"start":{"line":25,"column":117},"end":{"line":25,"column":126}},"42":{"start":{"line":26,"column":20},"end":{"line":26,"column":106}},"43":{"start":{"line":26,"column":81},"end":{"line":26,"column":97}},"44":{"start":{"line":26,"column":98},"end":{"line":26,"column":104}},"45":{"start":{"line":27,"column":20},"end":{"line":27,"column":89}},"46":{"start":{"line":27,"column":57},"end":{"line":27,"column":72}},"47":{"start":{"line":27,"column":73},"end":{"line":27,"column":80}},"48":{"start":{"line":27,"column":81},"end":{"line":27,"column":87}},"49":{"start":{"line":28,"column":20},"end":{"line":28,"column":87}},"50":{"start":{"line":28,"column":47},"end":{"line":28,"column":62}},"51":{"start":{"line":28,"column":63},"end":{"line":28,"column":78}},"52":{"start":{"line":28,"column":79},"end":{"line":28,"column":85}},"53":{"start":{"line":29,"column":20},"end":{"line":29,"column":42}},"54":{"start":{"line":29,"column":30},"end":{"line":29,"column":42}},"55":{"start":{"line":30,"column":20},"end":{"line":30,"column":33}},"56":{"start":{"line":30,"column":34},"end":{"line":30,"column":43}},"57":{"start":{"line":32,"column":12},"end":{"line":32,"column":39}},"58":{"start":{"line":33,"column":22},"end":{"line":33,"column":34}},"59":{"start":{"line":33,"column":35},"end":{"line":33,"column":41}},"60":{"start":{"line":33,"column":54},"end":{"line":33,"column":64}},"61":{"start":{"line":34,"column":8},"end":{"line":34,"column":35}},"62":{"start":{"line":34,"column":23},"end":{"line":34,"column":35}},"63":{"start":{"line":34,"column":36},"end":{"line":34,"column":89}},"64":{"start":{"line":37,"column":0},"end":{"line":37,"column":62}},"65":{"start":{"line":38,"column":22},"end":{"line":38,"column":48}},"66":{"start":{"line":39,"column":27},"end":{"line":39,"column":67}},"67":{"start":{"line":40,"column":28},"end":{"line":40,"column":69}},"68":{"start":{"line":41,"column":19},"end":{"line":41,"column":42}},"69":{"start":{"line":42,"column":20},"end":{"line":42,"column":44}},"70":{"start":{"line":43,"column":22},"end":{"line":43,"column":48}},"71":{"start":{"line":44,"column":13},"end":{"line":44,"column":68}},"72":{"start":{"line":45,"column":9},"end":{"line":45,"column":21}},"73":{"start":{"line":46,"column":25},"end":{"line":46,"column":54}},"74":{"start":{"line":47,"column":29},"end":{"line":47,"column":62}},"75":{"start":{"line":48,"column":22},"end":{"line":48,"column":48}},"76":{"start":{"line":49,"column":16},"end":{"line":49,"column":34}},"77":{"start":{"line":50,"column":33},"end":{"line":50,"column":37}},"78":{"start":{"line":51,"column":23},"end":{"line":51,"column":28}},"79":{"start":{"line":52,"column":25},"end":{"line":263,"column":3}},"80":{"start":{"line":55,"column":4},"end":{"line":74,"column":6}},"81":{"start":{"line":56,"column":8},"end":{"line":73,"column":11}},"82":{"start":{"line":58,"column":12},"end":{"line":72,"column":15}},"83":{"start":{"line":59,"column":16},"end":{"line":71,"column":17}},"84":{"start":{"line":61,"column":24},"end":{"line":61,"column":130}},"85":{"start":{"line":62,"column":24},"end":{"line":62,"column":96}},"86":{"start":{"line":63,"column":24},"end":{"line":63,"column":54}},"87":{"start":{"line":64,"column":24},"end":{"line":64,"column":50}},"88":{"start":{"line":65,"column":24},"end":{"line":65,"column":74}},"89":{"start":{"line":66,"column":24},"end":{"line":66,"column":76}},"90":{"start":{"line":67,"column":24},"end":{"line":67,"column":75}},"91":{"start":{"line":69,"column":24},"end":{"line":69,"column":41}},"92":{"start":{"line":70,"column":24},"end":{"line":70,"column":52}},"93":{"start":{"line":75,"column":4},"end":{"line":98,"column":6}},"94":{"start":{"line":76,"column":8},"end":{"line":97,"column":11}},"95":{"start":{"line":77,"column":24},"end":{"line":77,"column":28}},"96":{"start":{"line":79,"column":12},"end":{"line":96,"column":15}},"97":{"start":{"line":80,"column":16},"end":{"line":95,"column":17}},"98":{"start":{"line":82,"column":24},"end":{"line":92,"column":31}},"99":{"start":{"line":82,"column":70},"end":{"line":92,"column":27}},"100":{"start":{"line":84,"column":28},"end":{"line":91,"column":31}},"101":{"start":{"line":85,"column":32},"end":{"line":90,"column":33}},"102":{"start":{"line":86,"column":44},"end":{"line":86,"column":129}},"103":{"start":{"line":88,"column":40},"end":{"line":88,"column":62}},"104":{"start":{"line":89,"column":40},"end":{"line":89,"column":73}},"105":{"start":{"line":93,"column":24},"end":{"line":93,"column":72}},"106":{"start":{"line":94,"column":28},"end":{"line":94,"column":61}},"107":{"start":{"line":99,"column":4},"end":{"line":142,"column":6}},"108":{"start":{"line":100,"column":8},"end":{"line":141,"column":11}},"109":{"start":{"line":102,"column":12},"end":{"line":140,"column":15}},"110":{"start":{"line":103,"column":16},"end":{"line":139,"column":17}},"111":{"start":{"line":104,"column":28},"end":{"line":104,"column":115}},"112":{"start":{"line":106,"column":24},"end":{"line":106,"column":42}},"113":{"start":{"line":107,"column":24},"end":{"line":107,"column":46}},"114":{"start":{"line":108,"column":24},"end":{"line":108,"column":48}},"115":{"start":{"line":109,"column":24},"end":{"line":111,"column":25}},"116":{"start":{"line":110,"column":28},"end":{"line":110,"column":69}},"117":{"start":{"line":112,"column":24},"end":{"line":112,"column":144}},"118":{"start":{"line":112,"column":120},"end":{"line":112,"column":144}},"119":{"start":{"line":113,"column":24},"end":{"line":113,"column":91}},"120":{"start":{"line":114,"column":24},"end":{"line":117,"column":25}},"121":{"start":{"line":115,"column":28},"end":{"line":115,"column":54}},"122":{"start":{"line":116,"column":28},"end":{"line":116,"column":88}},"123":{"start":{"line":118,"column":24},"end":{"line":118,"column":70}},"124":{"start":{"line":120,"column":24},"end":{"line":120,"column":47}},"125":{"start":{"line":121,"column":24},"end":{"line":121,"column":69}},"126":{"start":{"line":122,"column":24},"end":{"line":122,"column":40}},"127":{"start":{"line":123,"column":24},"end":{"line":123,"column":79}},"128":{"start":{"line":124,"column":24},"end":{"line":124,"column":48}},"129":{"start":{"line":126,"column":24},"end":{"line":126,"column":116}},"130":{"start":{"line":126,"column":92},"end":{"line":126,"column":116}},"131":{"start":{"line":127,"column":24},"end":{"line":127,"column":111}},"132":{"start":{"line":129,"column":24},"end":{"line":129,"column":41}},"133":{"start":{"line":130,"column":24},"end":{"line":130,"column":48}},"134":{"start":{"line":132,"column":24},"end":{"line":132,"column":117}},"135":{"start":{"line":132,"column":93},"end":{"line":132,"column":117}},"136":{"start":{"line":133,"column":24},"end":{"line":133,"column":110}},"137":{"start":{"line":135,"column":24},"end":{"line":135,"column":41}},"138":{"start":{"line":136,"column":24},"end":{"line":136,"column":71}},"139":{"start":{"line":137,"column":24},"end":{"line":137,"column":37}},"140":{"start":{"line":138,"column":28},"end":{"line":138,"column":56}},"141":{"start":{"line":143,"column":4},"end":{"line":163,"column":6}},"142":{"start":{"line":144,"column":8},"end":{"line":147,"column":9}},"143":{"start":{"line":145,"column":12},"end":{"line":145,"column":78}},"144":{"start":{"line":146,"column":12},"end":{"line":146,"column":30}},"145":{"start":{"line":148,"column":8},"end":{"line":152,"column":9}},"146":{"start":{"line":149,"column":12},"end":{"line":149,"column":71}},"147":{"start":{"line":150,"column":12},"end":{"line":150,"column":61}},"148":{"start":{"line":151,"column":12},"end":{"line":151,"column":28}},"149":{"start":{"line":153,"column":8},"end":{"line":161,"column":9}},"150":{"start":{"line":155,"column":12},"end":{"line":155,"column":43}},"151":{"start":{"line":156,"column":12},"end":{"line":156,"column":54}},"152":{"start":{"line":157,"column":12},"end":{"line":157,"column":47}},"153":{"start":{"line":160,"column":12},"end":{"line":160,"column":54}},"154":{"start":{"line":162,"column":8},"end":{"line":162,"column":45}},"155":{"start":{"line":164,"column":4},"end":{"line":183,"column":6}},"156":{"start":{"line":165,"column":8},"end":{"line":168,"column":9}},"157":{"start":{"line":166,"column":12},"end":{"line":166,"column":79}},"158":{"start":{"line":167,"column":12},"end":{"line":167,"column":30}},"159":{"start":{"line":169,"column":20},"end":{"line":169,"column":137}},"160":{"start":{"line":171,"column":8},"end":{"line":174,"column":9}},"161":{"start":{"line":172,"column":12},"end":{"line":172,"column":70}},"162":{"start":{"line":173,"column":12},"end":{"line":173,"column":31}},"163":{"start":{"line":175,"column":22},"end":{"line":181,"column":9}},"164":{"start":{"line":182,"column":8},"end":{"line":182,"column":37}},"165":{"start":{"line":184,"column":4},"end":{"line":237,"column":6}},"166":{"start":{"line":185,"column":8},"end":{"line":236,"column":11}},"167":{"start":{"line":187,"column":12},"end":{"line":235,"column":15}},"168":{"start":{"line":188,"column":16},"end":{"line":234,"column":17}},"169":{"start":{"line":191,"column":24},"end":{"line":194,"column":25}},"170":{"start":{"line":192,"column":28},"end":{"line":192,"column":83}},"171":{"start":{"line":193,"column":28},"end":{"line":193,"column":64}},"172":{"start":{"line":195,"column":24},"end":{"line":198,"column":25}},"173":{"start":{"line":196,"column":28},"end":{"line":196,"column":96}},"174":{"start":{"line":197,"column":28},"end":{"line":197,"column":62}},"175":{"start":{"line":199,"column":24},"end":{"line":199,"column":111}},"176":{"start":{"line":200,"column":24},"end":{"line":203,"column":25}},"177":{"start":{"line":201,"column":28},"end":{"line":201,"column":72}},"178":{"start":{"line":202,"column":28},"end":{"line":202,"column":80}},"179":{"start":{"line":204,"column":24},"end":{"line":204,"column":89}},"180":{"start":{"line":206,"column":24},"end":{"line":206,"column":49}},"181":{"start":{"line":207,"column":24},"end":{"line":207,"column":67}},"182":{"start":{"line":207,"column":43},"end":{"line":207,"column":67}},"183":{"start":{"line":208,"column":24},"end":{"line":208,"column":95}},"184":{"start":{"line":209,"column":24},"end":{"line":212,"column":25}},"185":{"start":{"line":210,"column":28},"end":{"line":210,"column":100}},"186":{"start":{"line":211,"column":28},"end":{"line":211,"column":50}},"187":{"start":{"line":213,"column":24},"end":{"line":213,"column":161}},"188":{"start":{"line":214,"column":24},"end":{"line":214,"column":104}},"189":{"start":{"line":215,"column":24},"end":{"line":215,"column":104}},"190":{"start":{"line":216,"column":24},"end":{"line":216,"column":56}},"191":{"start":{"line":217,"column":24},"end":{"line":217,"column":99}},"192":{"start":{"line":219,"column":24},"end":{"line":219,"column":49}},"193":{"start":{"line":220,"column":24},"end":{"line":220,"column":98}},"194":{"start":{"line":221,"column":24},"end":{"line":221,"column":60}},"195":{"start":{"line":223,"column":24},"end":{"line":223,"column":101}},"196":{"start":{"line":224,"column":24},"end":{"line":224,"column":53}},"197":{"start":{"line":225,"column":24},"end":{"line":225,"column":96}},"198":{"start":{"line":227,"column":24},"end":{"line":227,"column":46}},"199":{"start":{"line":229,"column":24},"end":{"line":232,"column":25}},"200":{"start":{"line":230,"column":28},"end":{"line":230,"column":81}},"201":{"start":{"line":231,"column":28},"end":{"line":231,"column":99}},"202":{"start":{"line":233,"column":24},"end":{"line":233,"column":57}},"203":{"start":{"line":238,"column":4},"end":{"line":240,"column":6}},"204":{"start":{"line":239,"column":8},"end":{"line":239,"column":56}},"205":{"start":{"line":241,"column":4},"end":{"line":261,"column":6}},"206":{"start":{"line":242,"column":8},"end":{"line":260,"column":11}},"207":{"start":{"line":244,"column":12},"end":{"line":259,"column":15}},"208":{"start":{"line":245,"column":16},"end":{"line":258,"column":17}},"209":{"start":{"line":247,"column":24},"end":{"line":247,"column":145}},"210":{"start":{"line":248,"column":24},"end":{"line":248,"column":80}},"211":{"start":{"line":248,"column":56},"end":{"line":248,"column":80}},"212":{"start":{"line":249,"column":24},"end":{"line":249,"column":106}},"213":{"start":{"line":251,"column":24},"end":{"line":251,"column":41}},"214":{"start":{"line":252,"column":24},"end":{"line":252,"column":73}},"215":{"start":{"line":253,"column":24},"end":{"line":253,"column":48}},"216":{"start":{"line":255,"column":24},"end":{"line":255,"column":96}},"217":{"start":{"line":256,"column":24},"end":{"line":256,"column":37}},"218":{"start":{"line":257,"column":28},"end":{"line":257,"column":50}},"219":{"start":{"line":262,"column":4},"end":{"line":262,"column":29}},"220":{"start":{"line":264,"column":0},"end":{"line":264,"column":46}},"221":{"start":{"line":265,"column":0},"end":{"line":265,"column":52}}},"fnMap":{"0":{"name":"(anonymous_0)","decl":{"start":{"line":2,"column":44},"end":{"line":2,"column":45}},"loc":{"start":{"line":2,"column":89},"end":{"line":9,"column":1}},"line":2},"1":{"name":"(anonymous_1)","decl":{"start":{"line":3,"column":36},"end":{"line":3,"column":37}},"loc":{"start":{"line":3,"column":63},"end":{"line":8,"column":5}},"line":3},"2":{"name":"fulfilled","decl":{"start":{"line":4,"column":17},"end":{"line":4,"column":26}},"loc":{"start":{"line":4,"column":34},"end":{"line":4,"column":99}},"line":4},"3":{"name":"rejected","decl":{"start":{"line":5,"column":17},"end":{"line":5,"column":25}},"loc":{"start":{"line":5,"column":33},"end":{"line":5,"column":102}},"line":5},"4":{"name":"step","decl":{"start":{"line":6,"column":17},"end":{"line":6,"column":21}},"loc":{"start":{"line":6,"column":30},"end":{"line":6,"column":151}},"line":6},"5":{"name":"(anonymous_5)","decl":{"start":{"line":6,"column":76},"end":{"line":6,"column":77}},"loc":{"start":{"line":6,"column":95},"end":{"line":6,"column":121}},"line":6},"6":{"name":"(anonymous_6)","decl":{"start":{"line":10,"column":48},"end":{"line":10,"column":49}},"loc":{"start":{"line":10,"column":73},"end":{"line":36,"column":1}},"line":10},"7":{"name":"(anonymous_7)","decl":{"start":{"line":11,"column":30},"end":{"line":11,"column":31}},"loc":{"start":{"line":11,"column":41},"end":{"line":11,"column":83}},"line":11},"8":{"name":"verb","decl":{"start":{"line":13,"column":13},"end":{"line":13,"column":17}},"loc":{"start":{"line":13,"column":21},"end":{"line":13,"column":70}},"line":13},"9":{"name":"(anonymous_9)","decl":{"start":{"line":13,"column":30},"end":{"line":13,"column":31}},"loc":{"start":{"line":13,"column":43},"end":{"line":13,"column":67}},"line":13},"10":{"name":"step","decl":{"start":{"line":14,"column":13},"end":{"line":14,"column":17}},"loc":{"start":{"line":14,"column":22},"end":{"line":35,"column":5}},"line":14},"11":{"name":"(anonymous_11)","decl":{"start":{"line":52,"column":25},"end":{"line":52,"column":26}},"loc":{"start":{"line":52,"column":37},"end":{"line":263,"column":1}},"line":52},"12":{"name":"BackgroundService","decl":{"start":{"line":53,"column":13},"end":{"line":53,"column":30}},"loc":{"start":{"line":53,"column":33},"end":{"line":54,"column":5}},"line":53},"13":{"name":"(anonymous_13)","decl":{"start":{"line":55,"column":52},"end":{"line":55,"column":53}},"loc":{"start":{"line":55,"column":82},"end":{"line":74,"column":5}},"line":55},"14":{"name":"(anonymous_14)","decl":{"start":{"line":56,"column":47},"end":{"line":56,"column":48}},"loc":{"start":{"line":56,"column":59},"end":{"line":73,"column":9}},"line":56},"15":{"name":"(anonymous_15)","decl":{"start":{"line":58,"column":37},"end":{"line":58,"column":38}},"loc":{"start":{"line":58,"column":51},"end":{"line":72,"column":13}},"line":58},"16":{"name":"(anonymous_16)","decl":{"start":{"line":75,"column":46},"end":{"line":75,"column":47}},"loc":{"start":{"line":75,"column":63},"end":{"line":98,"column":5}},"line":75},"17":{"name":"(anonymous_17)","decl":{"start":{"line":76,"column":47},"end":{"line":76,"column":48}},"loc":{"start":{"line":76,"column":59},"end":{"line":97,"column":9}},"line":76},"18":{"name":"(anonymous_18)","decl":{"start":{"line":79,"column":37},"end":{"line":79,"column":38}},"loc":{"start":{"line":79,"column":51},"end":{"line":96,"column":13}},"line":79},"19":{"name":"(anonymous_19)","decl":{"start":{"line":82,"column":49},"end":{"line":82,"column":50}},"loc":{"start":{"line":82,"column":68},"end":{"line":92,"column":29}},"line":82},"20":{"name":"(anonymous_20)","decl":{"start":{"line":82,"column":110},"end":{"line":82,"column":111}},"loc":{"start":{"line":82,"column":122},"end":{"line":92,"column":25}},"line":82},"21":{"name":"(anonymous_21)","decl":{"start":{"line":84,"column":53},"end":{"line":84,"column":54}},"loc":{"start":{"line":84,"column":67},"end":{"line":91,"column":29}},"line":84},"22":{"name":"(anonymous_22)","decl":{"start":{"line":99,"column":49},"end":{"line":99,"column":50}},"loc":{"start":{"line":99,"column":68},"end":{"line":142,"column":5}},"line":99},"23":{"name":"(anonymous_23)","decl":{"start":{"line":100,"column":47},"end":{"line":100,"column":48}},"loc":{"start":{"line":100,"column":59},"end":{"line":141,"column":9}},"line":100},"24":{"name":"(anonymous_24)","decl":{"start":{"line":102,"column":37},"end":{"line":102,"column":38}},"loc":{"start":{"line":102,"column":51},"end":{"line":140,"column":13}},"line":102},"25":{"name":"(anonymous_25)","decl":{"start":{"line":143,"column":51},"end":{"line":143,"column":52}},"loc":{"start":{"line":143,"column":78},"end":{"line":163,"column":5}},"line":143},"26":{"name":"(anonymous_26)","decl":{"start":{"line":164,"column":52},"end":{"line":164,"column":53}},"loc":{"start":{"line":164,"column":71},"end":{"line":183,"column":5}},"line":164},"27":{"name":"(anonymous_27)","decl":{"start":{"line":184,"column":55},"end":{"line":184,"column":56}},"loc":{"start":{"line":184,"column":67},"end":{"line":237,"column":5}},"line":184},"28":{"name":"(anonymous_28)","decl":{"start":{"line":185,"column":47},"end":{"line":185,"column":48}},"loc":{"start":{"line":185,"column":59},"end":{"line":236,"column":9}},"line":185},"29":{"name":"(anonymous_29)","decl":{"start":{"line":187,"column":37},"end":{"line":187,"column":38}},"loc":{"start":{"line":187,"column":51},"end":{"line":235,"column":13}},"line":187},"30":{"name":"(anonymous_30)","decl":{"start":{"line":238,"column":42},"end":{"line":238,"column":43}},"loc":{"start":{"line":238,"column":54},"end":{"line":240,"column":5}},"line":238},"31":{"name":"(anonymous_31)","decl":{"start":{"line":241,"column":43},"end":{"line":241,"column":44}},"loc":{"start":{"line":241,"column":55},"end":{"line":261,"column":5}},"line":241},"32":{"name":"(anonymous_32)","decl":{"start":{"line":242,"column":47},"end":{"line":242,"column":48}},"loc":{"start":{"line":242,"column":59},"end":{"line":260,"column":9}},"line":242},"33":{"name":"(anonymous_33)","decl":{"start":{"line":244,"column":37},"end":{"line":244,"column":38}},"loc":{"start":{"line":244,"column":51},"end":{"line":259,"column":13}},"line":244}},"branchMap":{"0":{"loc":{"start":{"line":2,"column":16},"end":{"line":9,"column":1}},"type":"binary-expr","locations":[{"start":{"line":2,"column":17},"end":{"line":2,"column":21}},{"start":{"line":2,"column":25},"end":{"line":2,"column":39}},{"start":{"line":2,"column":44},"end":{"line":9,"column":1}}],"line":2},"1":{"loc":{"start":{"line":3,"column":16},"end":{"line":3,"column":34}},"type":"binary-expr","locations":[{"start":{"line":3,"column":16},"end":{"line":3,"column":17}},{"start":{"line":3,"column":22},"end":{"line":3,"column":33}}],"line":3},"2":{"loc":{"start":{"line":6,"column":32},"end":{"line":6,"column":148}},"type":"cond-expr","locations":[{"start":{"line":6,"column":46},"end":{"line":6,"column":67}},{"start":{"line":6,"column":70},"end":{"line":6,"column":148}}],"line":6},"3":{"loc":{"start":{"line":7,"column":51},"end":{"line":7,"column":67}},"type":"binary-expr","locations":[{"start":{"line":7,"column":51},"end":{"line":7,"column":61}},{"start":{"line":7,"column":65},"end":{"line":7,"column":67}}],"line":7},"4":{"loc":{"start":{"line":10,"column":18},"end":{"line":36,"column":1}},"type":"binary-expr","locations":[{"start":{"line":10,"column":19},"end":{"line":10,"column":23}},{"start":{"line":10,"column":27},"end":{"line":10,"column":43}},{"start":{"line":10,"column":48},"end":{"line":36,"column":1}}],"line":10},"5":{"loc":{"start":{"line":11,"column":43},"end":{"line":11,"column":68}},"type":"if","locations":[{"start":{"line":11,"column":43},"end":{"line":11,"column":68}},{"start":{"line":11,"column":43},"end":{"line":11,"column":68}}],"line":11},"6":{"loc":{"start":{"line":15,"column":8},"end":{"line":15,"column":70}},"type":"if","locations":[{"start":{"line":15,"column":8},"end":{"line":15,"column":70}},{"start":{"line":15,"column":8},"end":{"line":15,"column":70}}],"line":15},"7":{"loc":{"start":{"line":17,"column":12},"end":{"line":17,"column":127}},"type":"if","locations":[{"start":{"line":17,"column":12},"end":{"line":17,"column":127}},{"start":{"line":17,"column":12},"end":{"line":17,"column":127}}],"line":17},"8":{"loc":{"start":{"line":17,"column":23},"end":{"line":17,"column":116}},"type":"binary-expr","locations":[{"start":{"line":17,"column":23},"end":{"line":17,"column":24}},{"start":{"line":17,"column":29},"end":{"line":17,"column":83}},{"start":{"line":17,"column":88},"end":{"line":17,"column":116}}],"line":17},"9":{"loc":{"start":{"line":17,"column":35},"end":{"line":17,"column":82}},"type":"cond-expr","locations":[{"start":{"line":17,"column":47},"end":{"line":17,"column":55}},{"start":{"line":17,"column":58},"end":{"line":17,"column":82}}],"line":17},"10":{"loc":{"start":{"line":17,"column":58},"end":{"line":17,"column":82}},"type":"cond-expr","locations":[{"start":{"line":17,"column":66},"end":{"line":17,"column":73}},{"start":{"line":17,"column":76},"end":{"line":17,"column":82}}],"line":17},"11":{"loc":{"start":{"line":18,"column":12},"end":{"line":18,"column":44}},"type":"if","locations":[{"start":{"line":18,"column":12},"end":{"line":18,"column":44}},{"start":{"line":18,"column":12},"end":{"line":18,"column":44}}],"line":18},"12":{"loc":{"start":{"line":19,"column":12},"end":{"line":31,"column":13}},"type":"switch","locations":[{"start":{"line":20,"column":16},"end":{"line":20,"column":23}},{"start":{"line":20,"column":24},"end":{"line":20,"column":46}},{"start":{"line":21,"column":16},"end":{"line":21,"column":72}},{"start":{"line":22,"column":16},"end":{"line":22,"column":65}},{"start":{"line":23,"column":16},"end":{"line":23,"column":65}},{"start":{"line":24,"column":16},"end":{"line":30,"column":43}}],"line":19},"13":{"loc":{"start":{"line":25,"column":20},"end":{"line":25,"column":128}},"type":"if","locations":[{"start":{"line":25,"column":20},"end":{"line":25,"column":128}},{"start":{"line":25,"column":20},"end":{"line":25,"column":128}}],"line":25},"14":{"loc":{"start":{"line":25,"column":24},"end":{"line":25,"column":106}},"type":"binary-expr","locations":[{"start":{"line":25,"column":24},"end":{"line":25,"column":74}},{"start":{"line":25,"column":79},"end":{"line":25,"column":90}},{"start":{"line":25,"column":94},"end":{"line":25,"column":105}}],"line":25},"15":{"loc":{"start":{"line":25,"column":42},"end":{"line":25,"column":73}},"type":"binary-expr","locations":[{"start":{"line":25,"column":42},"end":{"line":25,"column":54}},{"start":{"line":25,"column":58},"end":{"line":25,"column":73}}],"line":25},"16":{"loc":{"start":{"line":26,"column":20},"end":{"line":26,"column":106}},"type":"if","locations":[{"start":{"line":26,"column":20},"end":{"line":26,"column":106}},{"start":{"line":26,"column":20},"end":{"line":26,"column":106}}],"line":26},"17":{"loc":{"start":{"line":26,"column":24},"end":{"line":26,"column":77}},"type":"binary-expr","locations":[{"start":{"line":26,"column":24},"end":{"line":26,"column":35}},{"start":{"line":26,"column":40},"end":{"line":26,"column":42}},{"start":{"line":26,"column":47},"end":{"line":26,"column":59}},{"start":{"line":26,"column":63},"end":{"line":26,"column":75}}],"line":26},"18":{"loc":{"start":{"line":27,"column":20},"end":{"line":27,"column":89}},"type":"if","locations":[{"start":{"line":27,"column":20},"end":{"line":27,"column":89}},{"start":{"line":27,"column":20},"end":{"line":27,"column":89}}],"line":27},"19":{"loc":{"start":{"line":27,"column":24},"end":{"line":27,"column":53}},"type":"binary-expr","locations":[{"start":{"line":27,"column":24},"end":{"line":27,"column":35}},{"start":{"line":27,"column":39},"end":{"line":27,"column":53}}],"line":27},"20":{"loc":{"start":{"line":28,"column":20},"end":{"line":28,"column":87}},"type":"if","locations":[{"start":{"line":28,"column":20},"end":{"line":28,"column":87}},{"start":{"line":28,"column":20},"end":{"line":28,"column":87}}],"line":28},"21":{"loc":{"start":{"line":28,"column":24},"end":{"line":28,"column":43}},"type":"binary-expr","locations":[{"start":{"line":28,"column":24},"end":{"line":28,"column":25}},{"start":{"line":28,"column":29},"end":{"line":28,"column":43}}],"line":28},"22":{"loc":{"start":{"line":29,"column":20},"end":{"line":29,"column":42}},"type":"if","locations":[{"start":{"line":29,"column":20},"end":{"line":29,"column":42}},{"start":{"line":29,"column":20},"end":{"line":29,"column":42}}],"line":29},"23":{"loc":{"start":{"line":34,"column":8},"end":{"line":34,"column":35}},"type":"if","locations":[{"start":{"line":34,"column":8},"end":{"line":34,"column":35}},{"start":{"line":34,"column":8},"end":{"line":34,"column":35}}],"line":34},"24":{"loc":{"start":{"line":34,"column":52},"end":{"line":34,"column":74}},"type":"cond-expr","locations":[{"start":{"line":34,"column":60},"end":{"line":34,"column":65}},{"start":{"line":34,"column":68},"end":{"line":34,"column":74}}],"line":34},"25":{"loc":{"start":{"line":59,"column":16},"end":{"line":71,"column":17}},"type":"switch","locations":[{"start":{"line":60,"column":20},"end":{"line":67,"column":75}},{"start":{"line":68,"column":20},"end":{"line":70,"column":52}}],"line":59},"26":{"loc":{"start":{"line":80,"column":16},"end":{"line":95,"column":17}},"type":"switch","locations":[{"start":{"line":81,"column":20},"end":{"line":93,"column":72}},{"start":{"line":94,"column":20},"end":{"line":94,"column":61}}],"line":80},"27":{"loc":{"start":{"line":85,"column":32},"end":{"line":90,"column":33}},"type":"switch","locations":[{"start":{"line":86,"column":36},"end":{"line":86,"column":129}},{"start":{"line":87,"column":36},"end":{"line":89,"column":73}}],"line":85},"28":{"loc":{"start":{"line":103,"column":16},"end":{"line":139,"column":17}},"type":"switch","locations":[{"start":{"line":104,"column":20},"end":{"line":104,"column":115}},{"start":{"line":105,"column":20},"end":{"line":118,"column":70}},{"start":{"line":119,"column":20},"end":{"line":124,"column":48}},{"start":{"line":125,"column":20},"end":{"line":127,"column":111}},{"start":{"line":128,"column":20},"end":{"line":130,"column":48}},{"start":{"line":131,"column":20},"end":{"line":133,"column":110}},{"start":{"line":134,"column":20},"end":{"line":137,"column":37}},{"start":{"line":138,"column":20},"end":{"line":138,"column":56}}],"line":103},"29":{"loc":{"start":{"line":109,"column":24},"end":{"line":111,"column":25}},"type":"if","locations":[{"start":{"line":109,"column":24},"end":{"line":111,"column":25}},{"start":{"line":109,"column":24},"end":{"line":111,"column":25}}],"line":109},"30":{"loc":{"start":{"line":112,"column":24},"end":{"line":112,"column":144}},"type":"if","locations":[{"start":{"line":112,"column":24},"end":{"line":112,"column":144}},{"start":{"line":112,"column":24},"end":{"line":112,"column":144}}],"line":112},"31":{"loc":{"start":{"line":114,"column":24},"end":{"line":117,"column":25}},"type":"if","locations":[{"start":{"line":114,"column":24},"end":{"line":117,"column":25}},{"start":{"line":114,"column":24},"end":{"line":117,"column":25}}],"line":114},"32":{"loc":{"start":{"line":126,"column":24},"end":{"line":126,"column":116}},"type":"if","locations":[{"start":{"line":126,"column":24},"end":{"line":126,"column":116}},{"start":{"line":126,"column":24},"end":{"line":126,"column":116}}],"line":126},"33":{"loc":{"start":{"line":132,"column":24},"end":{"line":132,"column":117}},"type":"if","locations":[{"start":{"line":132,"column":24},"end":{"line":132,"column":117}},{"start":{"line":132,"column":24},"end":{"line":132,"column":117}}],"line":132},"34":{"loc":{"start":{"line":144,"column":8},"end":{"line":147,"column":9}},"type":"if","locations":[{"start":{"line":144,"column":8},"end":{"line":147,"column":9}},{"start":{"line":144,"column":8},"end":{"line":147,"column":9}}],"line":144},"35":{"loc":{"start":{"line":148,"column":8},"end":{"line":152,"column":9}},"type":"if","locations":[{"start":{"line":148,"column":8},"end":{"line":152,"column":9}},{"start":{"line":148,"column":8},"end":{"line":152,"column":9}}],"line":148},"36":{"loc":{"start":{"line":153,"column":8},"end":{"line":161,"column":9}},"type":"if","locations":[{"start":{"line":153,"column":8},"end":{"line":161,"column":9}},{"start":{"line":153,"column":8},"end":{"line":161,"column":9}}],"line":153},"37":{"loc":{"start":{"line":153,"column":12},"end":{"line":153,"column":58}},"type":"binary-expr","locations":[{"start":{"line":153,"column":12},"end":{"line":153,"column":34}},{"start":{"line":153,"column":38},"end":{"line":153,"column":58}}],"line":153},"38":{"loc":{"start":{"line":165,"column":8},"end":{"line":168,"column":9}},"type":"if","locations":[{"start":{"line":165,"column":8},"end":{"line":168,"column":9}},{"start":{"line":165,"column":8},"end":{"line":168,"column":9}}],"line":165},"39":{"loc":{"start":{"line":169,"column":20},"end":{"line":169,"column":137}},"type":"cond-expr","locations":[{"start":{"line":169,"column":86},"end":{"line":169,"column":109}},{"start":{"line":169,"column":112},"end":{"line":169,"column":137}}],"line":169},"40":{"loc":{"start":{"line":171,"column":8},"end":{"line":174,"column":9}},"type":"if","locations":[{"start":{"line":171,"column":8},"end":{"line":174,"column":9}},{"start":{"line":171,"column":8},"end":{"line":174,"column":9}}],"line":171},"41":{"loc":{"start":{"line":171,"column":12},"end":{"line":171,"column":95}},"type":"binary-expr","locations":[{"start":{"line":171,"column":12},"end":{"line":171,"column":58}},{"start":{"line":171,"column":62},"end":{"line":171,"column":95}}],"line":171},"42":{"loc":{"start":{"line":188,"column":16},"end":{"line":234,"column":17}},"type":"switch","locations":[{"start":{"line":189,"column":20},"end":{"line":204,"column":89}},{"start":{"line":205,"column":20},"end":{"line":217,"column":99}},{"start":{"line":218,"column":20},"end":{"line":221,"column":60}},{"start":{"line":222,"column":20},"end":{"line":225,"column":96}},{"start":{"line":226,"column":20},"end":{"line":233,"column":57}}],"line":188},"43":{"loc":{"start":{"line":191,"column":24},"end":{"line":194,"column":25}},"type":"if","locations":[{"start":{"line":191,"column":24},"end":{"line":194,"column":25}},{"start":{"line":191,"column":24},"end":{"line":194,"column":25}}],"line":191},"44":{"loc":{"start":{"line":195,"column":24},"end":{"line":198,"column":25}},"type":"if","locations":[{"start":{"line":195,"column":24},"end":{"line":198,"column":25}},{"start":{"line":195,"column":24},"end":{"line":198,"column":25}}],"line":195},"45":{"loc":{"start":{"line":200,"column":24},"end":{"line":203,"column":25}},"type":"if","locations":[{"start":{"line":200,"column":24},"end":{"line":203,"column":25}},{"start":{"line":200,"column":24},"end":{"line":203,"column":25}}],"line":200},"46":{"loc":{"start":{"line":207,"column":24},"end":{"line":207,"column":67}},"type":"if","locations":[{"start":{"line":207,"column":24},"end":{"line":207,"column":67}},{"start":{"line":207,"column":24},"end":{"line":207,"column":67}}],"line":207},"47":{"loc":{"start":{"line":209,"column":24},"end":{"line":212,"column":25}},"type":"if","locations":[{"start":{"line":209,"column":24},"end":{"line":212,"column":25}},{"start":{"line":209,"column":24},"end":{"line":212,"column":25}}],"line":209},"48":{"loc":{"start":{"line":229,"column":24},"end":{"line":232,"column":25}},"type":"if","locations":[{"start":{"line":229,"column":24},"end":{"line":232,"column":25}},{"start":{"line":229,"column":24},"end":{"line":232,"column":25}}],"line":229},"49":{"loc":{"start":{"line":245,"column":16},"end":{"line":258,"column":17}},"type":"switch","locations":[{"start":{"line":246,"column":20},"end":{"line":249,"column":106}},{"start":{"line":250,"column":20},"end":{"line":253,"column":48}},{"start":{"line":254,"column":20},"end":{"line":256,"column":37}},{"start":{"line":257,"column":20},"end":{"line":257,"column":50}}],"line":245},"50":{"loc":{"start":{"line":248,"column":24},"end":{"line":248,"column":80}},"type":"if","locations":[{"start":{"line":248,"column":24},"end":{"line":248,"column":80}},{"start":{"line":248,"column":24},"end":{"line":248,"column":80}}],"line":248}},"s":{"0":1,"1":16,"2":27,"3":27,"4":0,"5":0,"6":0,"7":0,"8":43,"9":27,"10":16,"11":1,"12":16,"13":27,"14":0,"15":27,"16":16,"17":48,"18":43,"19":43,"20":0,"21":43,"22":107,"23":107,"24":0,"25":107,"26":0,"27":107,"28":43,"29":43,"30":27,"31":27,"32":0,"33":0,"34":0,"35":0,"36":0,"37":0,"38":0,"39":37,"40":16,"41":16,"42":21,"43":21,"44":21,"45":0,"46":0,"47":0,"48":0,"49":0,"50":0,"51":0,"52":0,"53":0,"54":0,"55":0,"56":0,"57":64,"58":0,"59":0,"60":107,"61":16,"62":0,"63":16,"64":1,"65":1,"66":1,"67":1,"68":1,"69":1,"70":1,"71":1,"72":1,"73":1,"74":1,"75":1,"76":1,"77":1,"78":1,"79":1,"80":1,"81":1,"82":1,"83":2,"84":1,"85":1,"86":1,"87":1,"88":1,"89":1,"90":1,"91":1,"92":1,"93":1,"94":0,"95":0,"96":0,"97":0,"98":0,"99":0,"100":0,"101":0,"102":0,"103":0,"104":0,"105":0,"106":0,"107":1,"108":10,"109":10,"110":50,"111":10,"112":10,"113":10,"114":10,"115":10,"116":0,"117":10,"118":10,"119":0,"120":0,"121":0,"122":0,"123":0,"124":0,"125":0,"126":0,"127":0,"128":0,"129":10,"130":8,"131":2,"132":2,"133":2,"134":8,"135":0,"136":8,"137":8,"138":8,"139":8,"140":10,"141":1,"142":4,"143":1,"144":1,"145":3,"146":1,"147":1,"148":1,"149":2,"150":0,"151":0,"152":0,"153":2,"154":2,"155":1,"156":5,"157":1,"158":1,"159":4,"160":4,"161":1,"162":1,"163":3,"164":3,"165":1,"166":5,"167":5,"168":12,"169":5,"170":1,"171":1,"172":4,"173":1,"174":1,"175":3,"176":3,"177":0,"178":0,"179":3,"180":3,"181":3,"182":1,"183":2,"184":2,"185":0,"186":0,"187":2,"188":2,"189":2,"190":2,"191":2,"192":2,"193":2,"194":2,"195":1,"196":1,"197":1,"198":1,"199":1,"200":0,"201":0,"202":1,"203":1,"204":0,"205":1,"206":0,"207":0,"208":0,"209":0,"210":0,"211":0,"212":0,"213":0,"214":0,"215":0,"216":0,"217":0,"218":0,"219":1,"220":1,"221":1},"f":{"0":16,"1":16,"2":27,"3":0,"4":43,"5":27,"6":16,"7":27,"8":48,"9":43,"10":43,"11":1,"12":1,"13":1,"14":1,"15":2,"16":0,"17":0,"18":0,"19":0,"20":0,"21":0,"22":10,"23":10,"24":50,"25":4,"26":5,"27":5,"28":5,"29":12,"30":0,"31":0,"32":0,"33":0},"b":{"0":[1,1,1],"1":[16,16],"2":[16,27],"3":[16,16],"4":[1,1,1],"5":[0,27],"6":[0,43],"7":[0,107],"8":[107,0,0],"9":[0,0],"10":[0,0],"11":[0,107],"12":[43,43,27,0,0,37],"13":[16,21],"14":[37,37,37],"15":[37,0],"16":[21,0],"17":[21,21,0,0],"18":[0,0],"19":[0,0],"20":[0,0],"21":[0,0],"22":[0,0],"23":[0,16],"24":[16,0],"25":[1,1],"26":[0,0],"27":[0,0],"28":[10,10,0,10,2,8,8,10],"29":[0,10],"30":[10,0],"31":[0,0],"32":[8,2],"33":[0,8],"34":[1,3],"35":[1,2],"36":[0,2],"37":[2,0],"38":[1,4],"39":[1,3],"40":[1,3],"41":[4,1],"42":[5,3,2,1,1],"43":[1,4],"44":[1,3],"45":[0,3],"46":[1,2],"47":[0,2],"48":[0,1],"49":[0,0,0,0],"50":[0,0]},"inputSourceMap":{"version":3,"file":"background.service.js","sourceRoot":"src/","sources":["background.service.ts"],"names":[],"mappings":";;;;;;;;;;;;;;;;;;;;;;;;;;;;;;;;;;;;;AACA,iDAA2C;AAE3C,oEAAiE;AACjE,sEAAmE;AAEnE,2CAAqC;AAIrC,6CAA2C;AAC3C,iDAA+C;AAC/C,IAAI,MAAM,GAAG,wBAAU,CAAC,SAAS,CAAC,mBAAmB,CAAC,CAAC;AAEvD,IAAI,EAAE,GAAG,OAAO,CAAC,GAAG,CAAC,CAAC;AAKtB,uDAAiD;AAGjD,+DAAuD;AACvD,iDAA+C;AAG/C,IAAM,SAAS,GAAG,EAAE,KAAK,EAAE,OAAO,EAAE,CAAC;AAErC,IAAI,0BAA0B,GAAG,IAAI,CAAC;AAGtC,IAAI,gBAAgB,GAAG,KAAK,CAAC;AAE7B;IAAA;IA2LA,CAAC;IAzLS,6CAAiB,GAAvB,UAAwB,SAAS,EAAE,OAAO;;gBAElC,OAAO;;;;kCAAQ,EAAE,GAAG,EAAE,kBAAK,CAAC,OAAO,EAAE,KAAK,EAAE,kBAAK,CAAC,OAAO,CAAC,QAAQ,EAAE,CAAC,WAAW,EAAE,EAAE;wBACxF,OAAO,CAAC,QAAQ,GAAG,oCAAa,CAAC,eAAe,CAAC;wBACjD,OAAO,CAAC,SAAS,GAAG,SAAS,CAAC;wBAC9B,OAAO,CAAC,OAAO,GAAG,OAAO,CAAC;wBAC1B,MAAM,CAAC,IAAI,CAAC,2BAA2B,EAAE,OAAO,CAAC,CAAC;wBAElD,4BAAY,CAAC,oBAAoB,EAAE,CAAC;wBAEzB,qBAAM,IAAI,CAAC,cAAc,CAAC,OAAO,CAAC,EAAA;;+BAAlC,SAAkC;wBAC7C,sBAAO,IAAI,EAAC;;;;KACf;IAEK,uCAAW,GAAjB,UAAkB,KAAK;;;gBACb,YAAY;;;;uCAAG,KAAK,CAAC,GAAG,CAAC,UAAO,OAAO;;;;4CACvB,qBAAM,qCAAgB,CAAC,eAAe,CAAC,OAAO,CAAC,EAAA;;oDAA/C,SAA+C;wCACjE,sBAAO,SAAS,EAAC;;;6BACpB,CAAC;wBACK,qBAAM,OAAO,CAAC,GAAG,CAAC,YAAY,CAAC,EAAA;4BAAtC,sBAAO,SAA+B,EAAC;;;;KAE1C;IAEK,0CAAc,GAApB,UAAqB,OAAO;;uBAKpB,IAAI,EAEJ,IAAI,EAQA,KAAK,EAGD,SAAS,cAMb,QAAQ;;;4BAtBJ,qBAAM,uCAAiB,CAAC,WAAW,CAAC,OAAO,CAAC,GAAG,CAAC,EAAA;;gCAAhD,SAAgD;wBAC5D,OAAO,CAAC,KAAK,GAAG,KAAK,CAAC;+BAII,OAAO,CAAC,QAAQ;wBAE1C,EAAE,CAAC,CAAC,CAAC,IAAI,CAAC,CAAC,CAAC;4BACR,MAAM,IAAI,KAAK,CAAC,uBAAuB,CAAC,CAAC;wBAC7C,CAAC;6BAEG,0BAAe,CAAC,0BAA0B,CAAC,OAAO,CAAC,SAAS,EAAE,OAAO,CAAC,OAAO,CAAC,EAA9E,wBAA8E;gCAE3C,0BAAe,CAAC,sBAAsB,CAAC,OAAO,CAAC;wBAElF,EAAE,CAAC,CAAC,4BAAY,CAAC,uBAAuB,CAAC,OAAO,CAAC,CAAC,CAAC,CAAC;wCAChC,KAAK,CAAC,KAAK,EAAE;4BAC7B,4BAAY,CAAC,mBAAmB,CAAC,SAAS,CAAC,CAAC;wBAChD,CAAC;wBAEgB,qBAAM,IAAI,CAAC,WAAW,CAAC,KAAK,CAAC,EAAA;;qCAA7B,SAA6B;mCAE/B,UAAU,CAAC,UAAU,CAAC,MAAM,GAAG,CAAC,CAAC;wBAChD,IAAI,GAAG,QAAQ,CAAC;wBAChB,4BAAY,CAAC,mBAAmB,CAAC,IAAI,CAAC,CAAC;;;6BAInC,4BAAY,CAAC,uBAAuB,CAAC,OAAO,CAAC,EAA7C,wBAA6C;wBAEtC,qBAAM,4BAAY,CAAC,6BAA6B,CAAC,IAAI,CAAC,EAAA;;wBAA7D,IAAI,GAAG,SAAsD,CAAC;;;6BAEvD,CAAC,4BAAY,CAAC,uBAAuB,CAAC,OAAO,CAAC,EAA9C,wBAA8C;wBAE9C,qBAAM,4BAAY,CAAC,yBAAyB,CAAC,OAAO,CAAC,EAAA;;wBAA5D,IAAI,GAAG,SAAqD,CAAC;wBAE7D,uBAAY,CAAC,gBAAgB,CAAC,IAAI,CAAC,CAAC;;4BAI5C,sBAAO,IAAI,EAAC;;;;KACf;IAED,4CAAgB,GAAhB,UAAiB,eAAe;QAC5B,EAAE,CAAC,CAAC,4BAAY,CAAC,gBAAgB,EAAE,CAAC,CAAC,CAAC;YAClC,MAAM,CAAC,IAAI,CAAC,oDAAoD,CAAC,CAAC;YAClE,MAAM,CAAC,UAAU,CAAC,CAAC,uBAAuB;QAC9C,CAAC;QAED,EAAE,CAAC,CAAC,4BAAY,CAAC,cAAc,EAAE,CAAC,CAAC,CAAC;YAChC,MAAM,CAAC,KAAK,CAAC,2BAA2B,EAAE,eAAe,CAAC,CAAC;YAC3D,4BAAY,CAAC,iBAAiB,EAAE,CAAC;YACjC,MAAM,CAAC,QAAQ,CAAC,CAAC,uBAAuB;QAC5C,CAAC;QAED,EAAE,CAAC,CAAC,CAAC,eAAe,CAAC,KAAK,IAAI,CAAC,eAAe,CAAC,GAAG,CAAC,CAAC,CAAC;YACjD,6CAA6C;YAC7C,eAAe,CAAC,GAAG,GAAG,QAAQ,CAAC;YAC/B,eAAe,CAAC,QAAQ,GAAG,cAAc,CAAC;YAC1C,eAAe,CAAC,KAAK,GAAG,UAAU,CAAC;QACvC,CAAC;QAAC,IAAI,CAAC,CAAC;YACJ,eAAe,CAAC,QAAQ,GAAG,cAAc,CAAC;QAC9C,CAAC;QAED,IAAI,CAAC,cAAc,CAAC,eAAe,CAAC,CAAC;IACzC,CAAC;IAED,6CAAiB,GAAjB,UAAkB,OAAO;QAErB,EAAE,CAAC,CAAC,4BAAY,CAAC,gBAAgB,EAAE,CAAC,CAAC,CAAC;YAClC,MAAM,CAAC,IAAI,CAAC,qDAAqD,CAAC,CAAC;YACnE,MAAM,CAAC,UAAU,CAAC;QACtB,CAAC;QAED,IAAI,KAAK,GAAU,CAAC,OAAO,GAAG,4BAAY,CAAC,sBAAsB,CAAC,GAAG,kBAAK,CAAC,IAAI,GAAG,kBAAK,CAAC,MAAM,CAAC;QAC/F,iCAAiC;QACjC,EAAE,CAAC,CAAC,4BAAY,CAAC,eAAe,EAAE,IAAI,KAAK,KAAK,kBAAK,CAAC,IAAI,CAAC,CAAC,CAAC;YACzD,MAAM,CAAC,IAAI,CAAC,4CAA4C,CAAC,CAAC;YAC1D,MAAM,CAAC,WAAW,CAAC;QACvB,CAAC;QAED,IAAI,OAAO,GAAQ;YACf,QAAQ,EAAE,iBAAiB;YAC3B,GAAG,EAAE,KAAK;YACV,KAAK,EAAE,KAAK,CAAC,QAAQ,EAAE,CAAC,WAAW,EAAE;YACrC,SAAS,EAAE,0BAAe,CAAC,2BAA2B,EAAE;YACxD,OAAO,EAAE,IAAI,IAAI,EAAE;SACtB,CAAC;QAEF,IAAI,CAAC,cAAc,CAAC,OAAO,CAAC,CAAC;IACjC,CAAC;IAEK,gDAAoB,GAA1B;;gBAaQ,sBAAsB,gBAkBlB,UAAU,gBASV,OAAO;;;;wBAvCf,oGAAoG;wBACpG,EAAE,CAAC,CAAC,CAAC,4BAAY,CAAC,cAAc,EAAE,CAAC,CAAC,CAAC;4BACjC,MAAM,CAAC,IAAI,CAAC,yCAAyC,CAAC,CAAC;4BACvD,MAAM,gBAAC,YAAY,EAAC;wBACxB,CAAC;wBAED,EAAE,CAAC,CAAC,4BAAY,CAAC,gBAAgB,EAAE,CAAC,CAAC,CAAC;4BAClC,MAAM,CAAC,IAAI,CAAC,sDAAsD,CAAC,CAAC;4BACpE,MAAM,gBAAC,UAAU,EAAC;wBACtB,CAAC;iDAG4B,4BAAY,CAAC,8BAA8B,EAAE;wBAC1E,EAAE,CAAC,CAAC,CAAC,sBAAsB,CAAC,CAAC,CAAC;4BAC1B,MAAM,CAAC,KAAK,CAAC,6BAA6B,CAAC,CAAC;4BAC5C,MAAM,gBAAC,4BAA4B,EAAC;wBACxC,CAAC;wBAEwB,qBAAM,uBAAY,CAAC,gBAAgB,EAAE,EAAA;;uCAArC,SAAqC;6BAE1D,YAAY,EAAZ,wBAAY;wBACZ,MAAM,CAAC,IAAI,CAAC,2CAA2C,EAAE,YAAY,CAAC,CAAC;wBAEvE,EAAE,CAAC,CAAC,sBAAsB,CAAC,SAAS,GAAG,YAAY,CAAC,CAAC,CAAC;4BAClD,MAAM,CAAC,KAAK,CAAC,yDAAyD,CAAC,CAAC;4BACxE,MAAM,gBAAC;wBACX,CAAC;wBAED,4BAAY,CAAC,mBAAmB,CAAC,EAAE,OAAO,EAAE,YAAY,EAAE,QAAQ,EAAE,oCAAa,CAAC,YAAY,EAAE,CAAC,CAAC;qCAEjF,0BAAe,CAAC,eAAe,CAAC,sBAAsB,CAAC;wBAExE,UAAU,CAAC,SAAS,GAAG,0BAAe,CAAC,2BAA2B,EAAE,CAAC;wBACrE,UAAU,CAAC,OAAO,GAAG,IAAI,CAAC,GAAG,EAAE,CAAC;wBACb,qBAAM,yBAAiB,CAAC,cAAc,CAAC,UAAU,CAAC,EAAA;;uCAAlD,SAAkD;wBAErE,4BAAY,CAAC,8BAA8B,CAAC,YAAY,CAAC,CAAC;wBAC1D,sBAAO,YAAY,EAAC;;kCAED,0BAAe,CAAC,eAAe,CAAC,sBAAsB,CAAC;wBAE1E,OAAO,CAAC,OAAO,GAAG,IAAI,CAAC,GAAG,EAAE,CAAC;wBACb,qBAAM,yBAAiB,CAAC,cAAc,CAAC,OAAO,CAAC,EAAA;;oCAA/C,SAA+C;wBAC/D,8EAA8E;wBAC9E,EAAE,CAAC,CAAC,SAAS,CAAC,EAAE,KAAK,sBAAsB,CAAC,EAAE,CAAC,CAAC,CAAC;4BAC7C,MAAM,CAAC,IAAI,CAAC,uCAAuC,CAAC,CAAC;4BACrD,4BAAY,CAAC,8BAA8B,CAAC,SAAS,CAAC,CAAC;wBAC3D,CAAC;wBACD,sBAAO,SAAS,EAAC;;;;KAGxB;IAED,mCAAO,GAAP;QACI,4BAAY,CAAC,gBAAgB,EAAE,CAAC;IACpC,CAAC;IAEK,oCAAQ,GAAd;;gBACQ,eAAe;;;;0CAAG,4BAAY,CAAC,mBAAmB,CAAC,oCAAa,CAAC,eAAe,CAAC;6BACjF,CAAA,eAAe,IAAI,IAAI,CAAA,EAAvB,wBAAuB;wBACZ,qBAAM,IAAI,CAAC,iBAAiB,CAAC,eAAe,CAAC,OAAO,EAAE,IAAI,IAAI,EAAE,CAAC,EAAA;;+BAAjE,SAAiE;wBAC5E,4BAAY,CAAC,iBAAiB,EAAE,CAAC;;;wBAEjC,MAAM,CAAC,IAAI,CAAC,0DAA0D,CAAC,CAAC;;;;;;KAE/E;IAEL,wBAAC;AAAD,CAAC,AA3LD,IA2LC;AA3LY,8CAAiB;AA6LjB,QAAA,iBAAiB,GAAG,IAAI,iBAAiB,EAAE,CAAC","sourcesContent":["\nimport TaskAnalyser from './task-analyser';\nimport { settingsService } from './services/settings-service';\nimport { trackItemService } from './services/track-item-service';\nimport { appSettingService } from './services/app-setting-service';\nimport { TrackItemInstance, TrackItemAttributes } from './models/interfaces/track-item-interface';\nimport { State } from './state.enum';\nimport { app, ipcMain, dialog } from \"electron\";\nimport config from \"./config\";\n\nimport { logManager } from \"./log-manager\";\nimport { stateManager } from \"./state-manager\";\nvar logger = logManager.getLogger('BackgroundService');\n\nvar $q = require('q');\n\nimport * as moment from 'moment';\nimport * as activeWin from 'active-win';\nimport UserMessages from \"./user-messages\";\nimport BackgroundUtils from \"./background.utils\";\nimport * as path from 'path';\nimport { exec, execSync, execFile } from \"child_process\";\nimport { TrackItemType } from \"./track-item-type.enum\";\nimport { appConstants } from \"./app-constants\";\n\n\nconst emptyItem = { title: 'EMPTY' };\n\nlet shouldSplitLogItemFromDate = null;\n\n\nlet oneThreadRunning = false;\n\nexport class BackgroundService {\n\n    async addInactivePeriod(beginDate, endDate) {\n\n        var rawItem: any = { app: State.Offline, title: State.Offline.toString().toLowerCase() };\n        rawItem.taskName = TrackItemType.StatusTrackItem;\n        rawItem.beginDate = beginDate;\n        rawItem.endDate = endDate;\n        logger.info(\"Adding inactive trackitem\", rawItem);\n\n        stateManager.resetStatusTrackItem();\n\n        let item = await this.createOrUpdate(rawItem);\n        return item;\n    }\n\n    async createItems(items) {\n        const promiseArray = items.map(async (newItem) => {\n            const savedItem = await trackItemService.createTrackItem(newItem);\n            return savedItem;\n        });\n        return await Promise.all(promiseArray);\n\n    }\n\n    async createOrUpdate(rawItem) {\n\n        let color = await appSettingService.getAppColor(rawItem.app);\n        rawItem.color = color;\n\n        let item: any;\n\n        let type: TrackItemType = rawItem.taskName;\n\n        if (!type) {\n            throw new Error('TaskName not defined.');\n        }\n\n        if (BackgroundUtils.shouldSplitInTwoOnMidnight(rawItem.beginDate, rawItem.endDate)) {\n\n            let items: TrackItemAttributes[] = BackgroundUtils.splitItemIntoDayChunks(rawItem);\n\n            if (stateManager.hasSameRunningTrackItem(rawItem)) {\n                let firstItem = items.shift();\n                stateManager.endRunningTrackItem(firstItem);\n            }\n\n            let savedItems = await this.createItems(items);\n\n            let lastItem = savedItems[savedItems.length - 1];\n            item = lastItem;\n            stateManager.setCurrentTrackItem(item);\n\n        } else {\n\n            if (stateManager.hasSameRunningTrackItem(rawItem)) {\n\n                item = await stateManager.updateRunningTrackItemEndDate(type);\n\n            } else if (!stateManager.hasSameRunningTrackItem(rawItem)) {\n\n                item = await stateManager.createNewRunningTrackItem(rawItem);\n\n                TaskAnalyser.analyseAndNotify(item);\n            }\n        }\n\n        return item;\n    }\n\n    saveActiveWindow(newAppTrackItem) {\n        if (stateManager.isSystemSleeping()) {\n            logger.info('Computer is sleeping, not running saveActiveWindow');\n            return 'SLEEPING'; //TODO: throw exception\n        }\n\n        if (stateManager.isSystemIdling()) {\n            logger.debug('Not saving, app is idling', newAppTrackItem);\n            stateManager.resetAppTrackItem();\n            return 'IDLING'; //TODO: throw exception\n        }\n\n        if (!newAppTrackItem.title && !newAppTrackItem.app) {\n            // Lock screen have no title, maybe something\n            newAppTrackItem.app = 'NATIVE';\n            newAppTrackItem.taskName = 'AppTrackItem';\n            newAppTrackItem.title = 'NO_TITLE';\n        } else {\n            newAppTrackItem.taskName = 'AppTrackItem';\n        }\n\n        this.createOrUpdate(newAppTrackItem);\n    }\n\n    saveIdleTrackItem(seconds) {\n\n        if (stateManager.isSystemSleeping()) {\n            logger.info('Computer is sleeping, not running saveIdleTrackItem');\n            return 'SLEEPING';\n        }\n\n        let state: State = (seconds > appConstants.IDLE_IN_SECONDS_TO_LOG) ? State.Idle : State.Online;\n        // Cannot go from OFFLINE to IDLE\n        if (stateManager.isSystemOffline() && state === State.Idle) {\n            logger.info('Not saving. Cannot go from OFFLINE to IDLE');\n            return 'BAD_STATE';\n        }\n\n        var rawItem: any = {\n            taskName: 'StatusTrackItem',\n            app: state,\n            title: state.toString().toLowerCase(),\n            beginDate: BackgroundUtils.currentTimeMinusJobInterval(),\n            endDate: new Date()\n        };\n\n        this.createOrUpdate(rawItem);\n    }\n\n    async updateRunningLogItem() {\n        // saveRunningLogItem can be run before app comes back ONLINE and running log item have to be split.\n        if (!stateManager.isSystemOnline()) {\n            logger.info('Not saving running log item. Not online');\n            return 'NOT_ONLINE';\n        }\n\n        if (stateManager.isSystemSleeping()) {\n            logger.info('Computer is sleeping, not running saveRunningLogItem');\n            return 'SLEEPING';\n        }\n\n\n        let logItemMarkedAsRunning = stateManager.getLogTrackItemMarkedAsRunning();\n        if (!logItemMarkedAsRunning) {\n            logger.debug(\"RUNNING_LOG_ITEM not found.\");\n            return 'RUNNING_LOG_ITEM_NOT_FOUND';\n        }\n\n        let splitEndDate: Date = await TaskAnalyser.getTaskSplitDate();\n\n        if (splitEndDate) {\n            logger.info(\"Splitting LogItem, new item has endDate: \", splitEndDate);\n\n            if (logItemMarkedAsRunning.beginDate > splitEndDate) {\n                logger.error(\"BeginDate is after endDate. Not saving RUNNING_LOG_ITEM\");\n                return;\n            }\n\n            stateManager.endRunningTrackItem({ endDate: splitEndDate, taskName: TrackItemType.LogTrackItem });\n\n            let newRawItem = BackgroundUtils.getRawTrackItem(logItemMarkedAsRunning);\n\n            newRawItem.beginDate = BackgroundUtils.currentTimeMinusJobInterval();\n            newRawItem.endDate = Date.now();\n            let newSavedItem = await backgroundService.createOrUpdate(newRawItem);\n\n            stateManager.setLogTrackItemMarkedAsRunning(newSavedItem);\n            return newSavedItem;\n        } else {\n            let rawItem: any = BackgroundUtils.getRawTrackItem(logItemMarkedAsRunning);\n\n            rawItem.endDate = Date.now();\n            let savedItem = await backgroundService.createOrUpdate(rawItem);\n            // at midnight track item is split and new items ID should be RUNNING_LOG_ITEM\n            if (savedItem.id !== logItemMarkedAsRunning.id) {\n                logger.info('RUNNING_LOG_ITEM changed at midnight.');\n                stateManager.setLogTrackItemMarkedAsRunning(savedItem);\n            }\n            return savedItem;\n        }\n\n    }\n\n    onSleep() {\n        stateManager.setSystemToSleep();\n    }\n\n    async onResume() {\n        let statusTrackItem = stateManager.getCurrentTrackItem(TrackItemType.StatusTrackItem);\n        if (statusTrackItem != null) {\n            let item = await this.addInactivePeriod(statusTrackItem.endDate, new Date());\n            stateManager.setAwakeFromSleep();\n        } else {\n            logger.info('No lastTrackItems.StatusTrackItem for addInactivePeriod.');\n        }\n    }\n\n}\n\nexport const backgroundService = new BackgroundService();\n"]},"_coverageSchema":"332fd63041d2c1bcb487cc26dd0d5f7d97098a6c","hash":"bf09612479079cbd80e63115e3c75ce196369414"}
,"/Users/maigoerit/_SOURCES/tockler/app/background.utils.ts": {"path":"/Users/maigoerit/_SOURCES/tockler/app/background.utils.ts","statementMap":{"0":{"start":{"line":2,"column":0},"end":{"line":2,"column":62}},"1":{"start":{"line":3,"column":20},"end":{"line":3,"column":44}},"2":{"start":{"line":4,"column":22},"end":{"line":4,"column":48}},"3":{"start":{"line":5,"column":13},"end":{"line":5,"column":30}},"4":{"start":{"line":6,"column":13},"end":{"line":6,"column":66}},"5":{"start":{"line":7,"column":23},"end":{"line":76,"column":3}},"6":{"start":{"line":10,"column":4},"end":{"line":15,"column":6}},"7":{"start":{"line":11,"column":8},"end":{"line":13,"column":9}},"8":{"start":{"line":12,"column":12},"end":{"line":12,"column":24}},"9":{"start":{"line":14,"column":8},"end":{"line":14,"column":21}},"10":{"start":{"line":16,"column":4},"end":{"line":21,"column":6}},"11":{"start":{"line":17,"column":18},"end":{"line":17,"column":28}},"12":{"start":{"line":19,"column":8},"end":{"line":19,"column":106}},"13":{"start":{"line":20,"column":8},"end":{"line":20,"column":19}},"14":{"start":{"line":22,"column":4},"end":{"line":24,"column":6}},"15":{"start":{"line":23,"column":8},"end":{"line":23,"column":55}},"16":{"start":{"line":25,"column":4},"end":{"line":27,"column":6}},"17":{"start":{"line":26,"column":8},"end":{"line":26,"column":64}},"18":{"start":{"line":28,"column":4},"end":{"line":30,"column":6}},"19":{"start":{"line":29,"column":8},"end":{"line":29,"column":87}},"20":{"start":{"line":31,"column":4},"end":{"line":33,"column":6}},"21":{"start":{"line":32,"column":8},"end":{"line":32,"column":49}},"22":{"start":{"line":34,"column":4},"end":{"line":36,"column":6}},"23":{"start":{"line":35,"column":8},"end":{"line":35,"column":91}},"24":{"start":{"line":37,"column":4},"end":{"line":47,"column":6}},"25":{"start":{"line":38,"column":19},"end":{"line":45,"column":9}},"26":{"start":{"line":46,"column":8},"end":{"line":46,"column":20}},"27":{"start":{"line":48,"column":4},"end":{"line":74,"column":6}},"28":{"start":{"line":49,"column":26},"end":{"line":49,"column":87}},"29":{"start":{"line":50,"column":8},"end":{"line":52,"column":9}},"30":{"start":{"line":51,"column":12},"end":{"line":51,"column":65}},"31":{"start":{"line":53,"column":28},"end":{"line":53,"column":29}},"32":{"start":{"line":54,"column":27},"end":{"line":54,"column":42}},"33":{"start":{"line":55,"column":20},"end":{"line":55,"column":22}},"34":{"start":{"line":56,"column":8},"end":{"line":72,"column":9}},"35":{"start":{"line":57,"column":26},"end":{"line":57,"column":49}},"36":{"start":{"line":58,"column":30},"end":{"line":58,"column":76}},"37":{"start":{"line":59,"column":33},"end":{"line":59,"column":76}},"38":{"start":{"line":60,"column":29},"end":{"line":60,"column":68}},"39":{"start":{"line":61,"column":12},"end":{"line":70,"column":13}},"40":{"start":{"line":62,"column":16},"end":{"line":62,"column":49}},"41":{"start":{"line":64,"column":17},"end":{"line":70,"column":13}},"42":{"start":{"line":65,"column":16},"end":{"line":65,"column":47}},"43":{"start":{"line":68,"column":16},"end":{"line":68,"column":47}},"44":{"start":{"line":69,"column":16},"end":{"line":69,"column":49}},"45":{"start":{"line":71,"column":12},"end":{"line":71,"column":32}},"46":{"start":{"line":73,"column":8},"end":{"line":73,"column":21}},"47":{"start":{"line":75,"column":4},"end":{"line":75,"column":27}},"48":{"start":{"line":77,"column":0},"end":{"line":77,"column":34}}},"fnMap":{"0":{"name":"(anonymous_0)","decl":{"start":{"line":7,"column":23},"end":{"line":7,"column":24}},"loc":{"start":{"line":7,"column":35},"end":{"line":76,"column":1}},"line":7},"1":{"name":"BackgroundUtils","decl":{"start":{"line":8,"column":13},"end":{"line":8,"column":28}},"loc":{"start":{"line":8,"column":31},"end":{"line":9,"column":5}},"line":8},"2":{"name":"(anonymous_2)","decl":{"start":{"line":10,"column":34},"end":{"line":10,"column":35}},"loc":{"start":{"line":10,"column":58},"end":{"line":15,"column":5}},"line":10},"3":{"name":"(anonymous_3)","decl":{"start":{"line":16,"column":50},"end":{"line":16,"column":51}},"loc":{"start":{"line":16,"column":62},"end":{"line":21,"column":5}},"line":16},"4":{"name":"(anonymous_4)","decl":{"start":{"line":22,"column":49},"end":{"line":22,"column":50}},"loc":{"start":{"line":22,"column":79},"end":{"line":24,"column":5}},"line":22},"5":{"name":"(anonymous_5)","decl":{"start":{"line":25,"column":42},"end":{"line":25,"column":43}},"loc":{"start":{"line":25,"column":55},"end":{"line":27,"column":5}},"line":25},"6":{"name":"(anonymous_6)","decl":{"start":{"line":28,"column":37},"end":{"line":28,"column":38}},"loc":{"start":{"line":28,"column":50},"end":{"line":30,"column":5}},"line":28},"7":{"name":"(anonymous_7)","decl":{"start":{"line":31,"column":33},"end":{"line":31,"column":34}},"loc":{"start":{"line":31,"column":46},"end":{"line":33,"column":5}},"line":31},"8":{"name":"(anonymous_8)","decl":{"start":{"line":34,"column":34},"end":{"line":34,"column":35}},"loc":{"start":{"line":34,"column":64},"end":{"line":36,"column":5}},"line":34},"9":{"name":"(anonymous_9)","decl":{"start":{"line":37,"column":38},"end":{"line":37,"column":39}},"loc":{"start":{"line":37,"column":59},"end":{"line":47,"column":5}},"line":37},"10":{"name":"(anonymous_10)","decl":{"start":{"line":48,"column":45},"end":{"line":48,"column":46}},"loc":{"start":{"line":48,"column":61},"end":{"line":74,"column":5}},"line":48}},"branchMap":{"0":{"loc":{"start":{"line":11,"column":8},"end":{"line":13,"column":9}},"type":"if","locations":[{"start":{"line":11,"column":8},"end":{"line":13,"column":9}},{"start":{"line":11,"column":8},"end":{"line":13,"column":9}}],"line":11},"1":{"loc":{"start":{"line":11,"column":12},"end":{"line":11,"column":84}},"type":"binary-expr","locations":[{"start":{"line":11,"column":12},"end":{"line":11,"column":17}},{"start":{"line":11,"column":21},"end":{"line":11,"column":26}},{"start":{"line":11,"column":30},"end":{"line":11,"column":53}},{"start":{"line":11,"column":57},"end":{"line":11,"column":84}}],"line":11},"2":{"loc":{"start":{"line":50,"column":8},"end":{"line":52,"column":9}},"type":"if","locations":[{"start":{"line":50,"column":8},"end":{"line":52,"column":9}},{"start":{"line":50,"column":8},"end":{"line":52,"column":9}}],"line":50},"3":{"loc":{"start":{"line":61,"column":12},"end":{"line":70,"column":13}},"type":"if","locations":[{"start":{"line":61,"column":12},"end":{"line":70,"column":13}},{"start":{"line":61,"column":12},"end":{"line":70,"column":13}}],"line":61},"4":{"loc":{"start":{"line":64,"column":17},"end":{"line":70,"column":13}},"type":"if","locations":[{"start":{"line":64,"column":17},"end":{"line":70,"column":13}},{"start":{"line":64,"column":17},"end":{"line":70,"column":13}}],"line":64}},"s":{"0":3,"1":3,"2":3,"3":3,"4":3,"5":3,"6":3,"7":18,"8":2,"9":16,"10":3,"11":3,"12":3,"13":3,"14":3,"15":10,"16":3,"17":0,"18":3,"19":10,"20":3,"21":10,"22":3,"23":4,"24":3,"25":3,"26":3,"27":3,"28":4,"29":4,"30":1,"31":3,"32":3,"33":3,"34":3,"35":10,"36":10,"37":10,"38":10,"39":10,"40":3,"41":7,"42":3,"43":4,"44":4,"45":10,"46":3,"47":3,"48":3},"f":{"0":3,"1":0,"2":18,"3":3,"4":10,"5":0,"6":10,"7":10,"8":4,"9":3,"10":4},"b":{"0":[2,16],"1":[18,18,4,2],"2":[1,3],"3":[3,7],"4":[3,4]},"inputSourceMap":{"version":3,"file":"background.utils.js","sourceRoot":"src/","sources":["background.utils.ts"],"names":[],"mappings":";;AACA,6CAA2C;AAC3C,iDAA+C;AAE/C,+BAAiC;AAEjC,IAAI,MAAM,GAAG,wBAAU,CAAC,SAAS,CAAC,iBAAiB,CAAC,CAAC;AAErD;IAAA;IAmFA,CAAC;IAjFU,2BAAW,GAAlB,UAAmB,KAAK,EAAE,KAAK;QAC3B,EAAE,CAAC,CAAC,KAAK,IAAI,KAAK,IAAI,KAAK,CAAC,GAAG,KAAK,KAAK,CAAC,GAAG,IAAI,KAAK,CAAC,KAAK,KAAK,KAAK,CAAC,KAAK,CAAC,CAAC,CAAC;YAC3E,MAAM,CAAC,IAAI,CAAC;QAChB,CAAC;QAED,MAAM,CAAC,KAAK,CAAC;IACjB,CAAC;IAEM,2CAA2B,GAAlC;QACI,IAAI,GAAG,GAAG,IAAI,IAAI,EAAE,CAAC;QACrB,kEAAkE;QAClE,GAAG,CAAC,eAAe,CAAC,GAAG,CAAC,eAAe,EAAE,GAAG,4BAAY,CAAC,uBAAuB,CAAC,CAAC;QAClF,MAAM,CAAC,GAAG,CAAC;IACf,CAAC;IAEM,0CAA0B,GAAjC,UAAkC,SAAS,EAAE,OAAO;QAChD,MAAM,CAAC,SAAS,CAAC,OAAO,EAAE,GAAG,OAAO,CAAC,OAAO,EAAE,CAAC;IACnD,CAAC;IAEM,mCAAmB,GAA1B,UAA2B,CAAC;QACxB,MAAM,CAAC,MAAM,CAAC,CAAC,CAAC,CAAC,OAAO,CAAC,KAAK,CAAC,CAAC,GAAG,CAAC,CAAC,EAAE,MAAM,CAAC,CAAC,MAAM,EAAE,CAAC;IAC5D,CAAC;IAEM,8BAAc,GAArB,UAAsB,CAAC;QACnB,MAAM,CAAC,MAAM,CAAC,CAAC,CAAC,CAAC,OAAO,CAAC,KAAK,CAAC,CAAC,GAAG,CAAC,CAAC,EAAE,MAAM,CAAC,CAAC,QAAQ,CAAC,CAAC,EAAE,SAAS,CAAC,CAAC,MAAM,EAAE,CAAC;IACnF,CAAC;IAEM,0BAAU,GAAjB,UAAkB,CAAC;QACf,MAAM,CAAC,MAAM,CAAC,CAAC,CAAC,CAAC,OAAO,CAAC,KAAK,CAAC,CAAC,MAAM,EAAE,CAAC;IAC7C,CAAC;IAEM,2BAAW,GAAlB,UAAmB,SAAS,EAAE,OAAO;QACjC,MAAM,CAAC,MAAM,CAAC,OAAO,CAAC,CAAC,KAAK,CAAC,KAAK,CAAC,CAAC,IAAI,CAAC,MAAM,CAAC,SAAS,CAAC,CAAC,OAAO,CAAC,KAAK,CAAC,EAAE,MAAM,CAAC,CAAC;IACvF,CAAC;IAEM,+BAAe,GAAtB,UAAuB,SAAS;QAC5B,IAAI,IAAI,GAAG;YACP,GAAG,EAAE,SAAS,CAAC,GAAG;YAClB,KAAK,EAAE,SAAS,CAAC,KAAK;YACtB,QAAQ,EAAE,SAAS,CAAC,QAAQ;YAC5B,KAAK,EAAE,SAAS,CAAC,KAAK;YACtB,SAAS,EAAE,SAAS,CAAC,SAAS;YAC9B,OAAO,EAAE,SAAS,CAAC,OAAO;SAC7B,CAAC;QAEF,MAAM,CAAC,IAAI,CAAC;IAChB,CAAC;IAGM,sCAAsB,GAA7B,UAA8B,IAAyB;QACnD,IAAI,WAAW,GAAW,eAAe,CAAC,WAAW,CAAC,IAAI,CAAC,SAAS,EAAE,IAAI,CAAC,OAAO,CAAC,GAAG,CAAC,CAAC;QACxF,EAAE,CAAC,CAAC,WAAW,GAAG,CAAC,CAAC,CAAC,CAAC;YAClB,MAAM,IAAI,KAAK,CAAC,mCAAmC,CAAC,CAAC;QACzD,CAAC;QAED,IAAI,aAAa,GAAG,CAAC,CAAC;QACtB,IAAI,YAAY,GAAG,WAAW,GAAG,CAAC,CAAC;QACnC,IAAI,KAAK,GAAG,EAAE,CAAC;QAEf,GAAG,CAAC,CAAC,IAAI,CAAC,GAAG,CAAC,EAAE,CAAC,GAAG,WAAW,EAAE,CAAC,EAAE,EAAE,CAAC;YACnC,IAAI,OAAO,GAAG,MAAM,CAAC,MAAM,CAAC,EAAE,EAAE,IAAI,CAAC,CAAC;YAEtC,IAAI,WAAW,GAAG,MAAM,CAAC,IAAI,CAAC,SAAS,CAAC,CAAC,GAAG,CAAC,CAAC,EAAE,MAAM,CAAC,CAAC,MAAM,EAAE,CAAC;YACjE,IAAI,cAAc,GAAG,eAAe,CAAC,cAAc,CAAC,WAAW,CAAC,CAAC;YACjE,IAAI,UAAU,GAAG,eAAe,CAAC,UAAU,CAAC,WAAW,CAAC,CAAC;YAEzD,EAAE,CAAC,CAAC,aAAa,KAAK,CAAC,CAAC,CAAC,CAAC;gBACtB,OAAO,CAAC,OAAO,GAAG,cAAc,CAAC;YACrC,CAAC;YAAC,IAAI,CAAC,EAAE,CAAC,CAAC,YAAY,KAAK,CAAC,CAAC,CAAC,CAAC;gBAC5B,OAAO,CAAC,SAAS,GAAG,UAAU,CAAC;YACnC,CAAC;YAAC,IAAI,CAAC,CAAC;gBACJ,OAAO,CAAC,SAAS,GAAG,UAAU,CAAC;gBAC/B,OAAO,CAAC,OAAO,GAAG,cAAc,CAAC;YACrC,CAAC;YAED,KAAK,CAAC,IAAI,CAAC,OAAO,CAAC,CAAC;QACxB,CAAC;QAED,MAAM,CAAC,KAAK,CAAC;IACjB,CAAC;IAEL,sBAAC;AAAD,CAAC,AAnFD,IAmFC","sourcesContent":["\nimport { logManager } from './log-manager';\nimport { appConstants } from './app-constants';\nimport { TrackItemAttributes } from './models/interfaces/track-item-interface';\nimport * as moment from 'moment';\n\nvar logger = logManager.getLogger('BackgroundUtils');\n\nexport default class BackgroundUtils {\n\n    static isSameItems(item1, item2) {\n        if (item1 && item2 && item1.app === item2.app && item1.title === item2.title) {\n            return true;\n        }\n\n        return false;\n    }\n\n    static currentTimeMinusJobInterval() {\n        let now = new Date();\n        //Begin date is always BACKGROUND_JOB_INTERVAL before current date\n        now.setMilliseconds(now.getMilliseconds() - appConstants.BACKGROUND_JOB_INTERVAL);\n        return now;\n    }\n\n    static shouldSplitInTwoOnMidnight(beginDate, endDate) {\n        return beginDate.getDate() < endDate.getDate();\n    }\n\n    static dateToAfterMidnight(d) {\n        return moment(d).startOf('day').add(1, 'days').toDate();\n    }\n\n    static almostMidnight(d) {\n        return moment(d).startOf('day').add(1, 'days').subtract(1, 'seconds').toDate();\n    }\n\n    static startOfDay(d) {\n        return moment(d).startOf('day').toDate();\n    }\n\n    static daysBetween(beginDate, endDate) {\n        return moment(endDate).endOf('day').diff(moment(beginDate).startOf('day'), 'days');\n    }\n\n    static getRawTrackItem(savedItem) {\n        var item = {\n            app: savedItem.app,\n            title: savedItem.title,\n            taskName: savedItem.taskName,\n            color: savedItem.color,\n            beginDate: savedItem.beginDate,\n            endDate: savedItem.endDate\n        };\n\n        return item;\n    }\n\n\n    static splitItemIntoDayChunks(item: TrackItemAttributes): TrackItemAttributes[] {\n        let daysBetween: number = BackgroundUtils.daysBetween(item.beginDate, item.endDate) + 1;\n        if (daysBetween < 2) {\n            throw new Error('begin and end date is on same day');\n        }\n\n        let firstDayIndex = 0;\n        let lastDayIndex = daysBetween - 1;\n        let items = [];\n\n        for (var i = 0; i < daysBetween; i++) {\n            let newItem = Object.assign({}, item);\n\n            let currentDate = moment(item.beginDate).add(i, 'days').toDate();\n            let almostMidnight = BackgroundUtils.almostMidnight(currentDate);\n            let startOfDay = BackgroundUtils.startOfDay(currentDate);\n\n            if (firstDayIndex === i) {\n                newItem.endDate = almostMidnight;\n            } else if (lastDayIndex === i) {\n                newItem.beginDate = startOfDay;\n            } else {\n                newItem.beginDate = startOfDay;\n                newItem.endDate = almostMidnight;\n            }\n\n            items.push(newItem);\n        }\n\n        return items;\n    }\n\n}\n\n\n"]},"_coverageSchema":"332fd63041d2c1bcb487cc26dd0d5f7d97098a6c","hash":"4aaedc7029f425e5f0647e3741eb288ccd209fce"}
,"/Users/maigoerit/_SOURCES/tockler/app/config.ts": {"path":"/Users/maigoerit/_SOURCES/tockler/app/config.ts","statementMap":{"0":{"start":{"line":2,"column":0},"end":{"line":2,"column":62}},"1":{"start":{"line":3,"column":17},"end":{"line":3,"column":36}},"2":{"start":{"line":4,"column":11},"end":{"line":4,"column":26}},"3":{"start":{"line":5,"column":20},"end":{"line":5,"column":46}},"4":{"start":{"line":6,"column":11},"end":{"line":6,"column":37}},"5":{"start":{"line":7,"column":14},"end":{"line":7,"column":48}},"6":{"start":{"line":8,"column":0},"end":{"line":28,"column":2}}},"fnMap":{},"branchMap":{},"s":{"0":3,"1":3,"2":3,"3":3,"4":3,"5":3,"6":3},"f":{},"b":{},"inputSourceMap":{"version":3,"file":"config.js","sourceRoot":"src/","sources":["config.ts"],"names":[],"mappings":";;AACA,qCAA+B;AAE/B,2BAA6B;AAE7B,IAAM,aAAa,GAAG,OAAO,CAAC,iBAAiB,CAAC,CAAC;AAEjD,IAAI,IAAI,GAAG,IAAI,CAAC,IAAI,CAAC,SAAS,EAAE,IAAI,CAAC,CAAC;AACtC,IAAI,OAAO,GAAG,cAAG,CAAC,OAAO,CAAC,UAAU,CAAC,CAAC;AAEtC,kBAAe;IAEX,iBAAiB;IACjB,IAAI,EAAE,IAAI;IACV,OAAO,EAAE,OAAO;IAEhB,IAAI,EAAE,IAAI,CAAC,IAAI,CAAC,IAAI,EAAE,kCAAkC,CAAC;IAEzD,oBAAoB;IACpB,WAAW,EAAE,IAAI;IAEjB,2DAA2D;IAC3D,KAAK,EAAE,aAAa;IACpB,MAAM,EAAQ,MAAO,CAAC,QAAQ;IAE9B,gCAAgC;IAEhC,gBAAgB,EAAE,IAAI;IAEtB,0BAA0B;IAC1B,WAAW,EAAE,aAAa;IAE1B,cAAc,EAAE;QACZ,QAAQ,EAAE,MAAM;QAChB,QAAQ,EAAE,UAAU;QACpB,QAAQ,EAAE,UAAU;QACpB,UAAU,EAAE,IAAI,CAAC,IAAI,CAAC,OAAO,EAAE,YAAY,CAAC;KAC/C;CAGJ,CAAA","sourcesContent":["\nimport { app } from \"electron\";\n\nimport * as path from 'path';\n\nconst isDevelopment = require('electron-is-dev');\n\nvar root = path.join(__dirname, '..');\nvar userDir = app.getPath('userData');\n\nexport default {\n\n    // root directory\n    root: root,\n    userDir: userDir,\n\n    icon: path.join(root, 'shared/img/icon/tockler_icon.png'),\n\n    // plugins directory\n    pluginsPath: root,\n\n    // a flag to whether the app is running in development mode\n    isDev: isDevelopment,\n    isTest: (<any>global).__TEST__, //process.env.NODE_ENV === 'test',\n\n    // enable tray icon for dev mode\n\n    trayEnabledInDev: true,\n\n    // name of the main window\n    mainAppName: 'main-window',\n\n    databaseConfig: {\n        database: 'bdgt',\n        username: 'username',\n        password: 'password',\n        outputPath: path.join(userDir, 'tracker.db')\n    }\n\n\n}\n"]},"_coverageSchema":"332fd63041d2c1bcb487cc26dd0d5f7d97098a6c","hash":"2fa17bf4ef63574919ec5d611a583bafa4c2d234"}
[...]
lumn":43}},"type":"binary-expr","locations":[{"start":{"line":28,"column":24},"end":{"line":28,"column":25}},{"start":{"line":28,"column":29},"end":{"line":28,"column":43}}],"line":28},"22":{"loc":{"start":{"line":29,"column":20},"end":{"line":29,"column":42}},"type":"if","locations":[{"start":{"line":29,"column":20},"end":{"line":29,"column":42}},{"start":{"line":29,"column":20},"end":{"line":29,"column":42}}],"line":29},"23":{"loc":{"start":{"line":34,"column":8},"end":{"line":34,"column":35}},"type":"if","locations":[{"start":{"line":34,"column":8},"end":{"line":34,"column":35}},{"start":{"line":34,"column":8},"end":{"line":34,"column":35}}],"line":34},"24":{"loc":{"start":{"line":34,"column":52},"end":{"line":34,"column":74}},"type":"cond-expr","locations":[{"start":{"line":34,"column":60},"end":{"line":34,"column":65}},{"start":{"line":34,"column":68},"end":{"line":34,"column":74}}],"line":34},"25":{"loc":{"start":{"line":50,"column":16},"end":{"line":56,"column":17}},"type":"switch","locations":[{"start":{"line":51,"column":20},"end":{"line":51,"column":103}},{"start":{"line":52,"column":20},"end":{"line":55,"column":57}}],"line":50},"26":{"loc":{"start":{"line":64,"column":16},"end":{"line":75,"column":17}},"type":"switch","locations":[{"start":{"line":65,"column":20},"end":{"line":65,"column":130}},{"start":{"line":66,"column":20},"end":{"line":74,"column":55}}],"line":64},"27":{"loc":{"start":{"line":68,"column":24},"end":{"line":73,"column":25}},"type":"if","locations":[{"start":{"line":68,"column":24},"end":{"line":73,"column":25}},{"start":{"line":68,"column":24},"end":{"line":73,"column":25}}],"line":68},"28":{"loc":{"start":{"line":80,"column":20},"end":{"line":80,"column":47}},"type":"binary-expr","locations":[{"start":{"line":80,"column":20},"end":{"line":80,"column":32}},{"start":{"line":80,"column":36},"end":{"line":80,"column":47}}],"line":80},"29":{"loc":{"start":{"line":81,"column":24},"end":{"line":81,"column":49}},"type":"binary-expr","locations":[{"start":{"line":81,"column":24},"end":{"line":81,"column":40}},{"start":{"line":81,"column":44},"end":{"line":81,"column":49}}],"line":81},"30":{"loc":{"start":{"line":82,"column":8},"end":{"line":85,"column":9}},"type":"if","locations":[{"start":{"line":82,"column":8},"end":{"line":85,"column":9}},{"start":{"line":82,"column":8},"end":{"line":85,"column":9}}],"line":82},"31":{"loc":{"start":{"line":86,"column":20},"end":{"line":86,"column":38}},"type":"binary-expr","locations":[{"start":{"line":86,"column":20},"end":{"line":86,"column":32}},{"start":{"line":86,"column":36},"end":{"line":86,"column":38}}],"line":86},"32":{"loc":{"start":{"line":87,"column":21},"end":{"line":87,"column":39}},"type":"binary-expr","locations":[{"start":{"line":87,"column":21},"end":{"line":87,"column":34}},{"start":{"line":87,"column":38},"end":{"line":87,"column":39}}],"line":87},"33":{"loc":{"start":{"line":88,"column":8},"end":{"line":90,"column":9}},"type":"if","locations":[{"start":{"line":88,"column":8},"end":{"line":90,"column":9}},{"start":{"line":88,"column":8},"end":{"line":90,"column":9}}],"line":88},"34":{"loc":{"start":{"line":98,"column":8},"end":{"line":102,"column":9}},"type":"if","locations":[{"start":{"line":98,"column":8},"end":{"line":102,"column":9}},{"start":{"line":98,"column":8},"end":{"line":102,"column":9}}],"line":98},"35":{"loc":{"start":{"line":166,"column":16},"end":{"line":180,"column":17}},"type":"switch","locations":[{"start":{"line":167,"column":20},"end":{"line":176,"column":28}},{"start":{"line":177,"column":20},"end":{"line":179,"column":52}}],"line":166},"36":{"loc":{"start":{"line":255,"column":16},"end":{"line":277,"column":17}},"type":"switch","locations":[{"start":{"line":256,"column":20},"end":{"line":256,"column":116}},{"start":{"line":257,"column":20},"end":{"line":269,"column":96}},{"start":{"line":270,"column":20},"end":{"line":276,"column":55}}],"line":255},"37":{"loc":{"start":{"line":259,"column":24},"end":{"line":262,"column":25}},"type":"if","locations":[{"start":{"line":259,"column":24},"end":{"line":262,"column":25}},{"start":{"line":259,"column":24},"end":{"line":262,"column":25}}],"line":259},"38":{"loc":{"start":{"line":265,"column":24},"end":{"line":268,"column":25}},"type":"if","locations":[{"start":{"line":265,"column":24},"end":{"line":268,"column":25}},{"start":{"line":265,"column":24},"end":{"line":268,"column":25}}],"line":265},"39":{"loc":{"start":{"line":272,"column":24},"end":{"line":275,"column":25}},"type":"if","locations":[{"start":{"line":272,"column":24},"end":{"line":275,"column":25}},{"start":{"line":272,"column":24},"end":{"line":275,"column":25}}],"line":272}},"s":{"0":2,"1":12,"2":11,"3":11,"4":0,"5":0,"6":0,"7":0,"8":22,"9":11,"10":12,"11":2,"12":12,"13":11,"14":0,"15":11,"16":12,"17":36,"18":23,"19":23,"20":0,"21":23,"22":46,"23":46,"24":0,"25":46,"26":0,"27":46,"28":23,"29":23,"30":11,"31":11,"32":0,"33":0,"34":0,"35":0,"36":0,"37":0,"38":0,"39":12,"40":12,"41":12,"42":0,"43":0,"44":0,"45":0,"46":0,"47":0,"48":0,"49":0,"50":0,"51":0,"52":0,"53":0,"54":0,"55":0,"56":0,"57":23,"58":1,"59":1,"60":46,"61":12,"62":1,"63":11,"64":2,"65":2,"66":2,"67":2,"68":2,"69":2,"70":2,"71":2,"72":8,"73":8,"74":16,"75":8,"76":8,"77":8,"78":8,"79":2,"80":0,"81":0,"82":0,"83":0,"84":0,"85":0,"86":0,"87":0,"88":0,"89":2,"90":0,"91":0,"92":0,"93":0,"94":0,"95":0,"96":0,"97":0,"98":0,"99":0,"100":0,"101":0,"102":0,"103":2,"104":0,"105":2,"106":0,"107":0,"108":0,"109":2,"110":0,"111":2,"112":0,"113":0,"114":2,"115":4,"116":4,"117":7,"118":4,"119":3,"120":3,"121":2,"122":0,"123":0,"124":0,"125":0,"126":2,"127":0,"128":2,"129":0,"130":0,"131":0,"132":0,"133":0,"134":0,"135":0,"136":0,"137":2,"138":0,"139":0,"140":0,"141":0,"142":0,"143":0,"144":0,"145":0,"146":2,"147":0,"148":0,"149":0,"150":0,"151":0,"152":0,"153":0,"154":0,"155":2,"156":0,"157":0,"158":0,"159":0,"160":0,"161":0,"162":0,"163":0,"164":0,"165":0,"166":0,"167":0,"168":0,"169":0,"170":0,"171":0,"172":0,"173":0,"174":0,"175":2,"176":2,"177":2},"f":{"0":12,"1":12,"2":11,"3":0,"4":22,"5":11,"6":12,"7":11,"8":36,"9":23,"10":23,"11":2,"12":2,"13":8,"14":8,"15":16,"16":0,"17":0,"18":0,"19":0,"20":0,"21":0,"22":0,"23":0,"24":4,"25":4,"26":7,"27":0,"28":0,"29":0,"30":0,"31":0,"32":0,"33":0,"34":0,"35":0,"36":0,"37":0,"38":0,"39":0,"40":0,"41":0,"42":0,"43":0,"44":0},"b":{"0":[2,2,2],"1":[12,12],"2":[11,11],"3":[12,12],"4":[2,2,2],"5":[0,11],"6":[0,23],"7":[0,46],"8":[46,0,0],"9":[0,0],"10":[0,0],"11":[0,46],"12":[23,23,11,0,0,12],"13":[12,0],"14":[12,12,11],"15":[12,0],"16":[0,0],"17":[0,0,0,0],"18":[0,0],"19":[0,0],"20":[0,0],"21":[0,0],"22":[0,0],"23":[1,11],"24":[11,0],"25":[8,8],"26":[0,0],"27":[0,0],"28":[0,0],"29":[0,0],"30":[0,0],"31":[0,0],"32":[0,0],"33":[0,0],"34":[0,0],"35":[4,3],"36":[0,0,0],"37":[0,0],"38":[0,0],"39":[0,0]},"inputSourceMap":{"version":3,"file":"track-item-service.js","sourceRoot":"src/","sources":["track-item-service.ts"],"names":[],"mappings":";;;;;;;;;;;;;;;;;;;;;;;;;;;;;;;;;;;;;AAAA,8CAA4C;AAE5C,yCAAoD;AAGpD,+BAAiC;AACjC,uDAAqD;AAErD;IAAA;QAEE,WAAM,GAAG,wBAAU,CAAC,SAAS,CAAC,kBAAkB,CAAC,CAAC;IAqOpD,CAAC;IAnOO,0CAAe,GAArB,UAAsB,mBAAwC;;;;;4BAC5C,qBAAM,cAAM,CAAC,SAAS,CAAC,MAAM,CAAC,mBAAmB,CAAC,EAAA;;oCAAlD,SAAkD;wBAClE,IAAI,CAAC,MAAM,CAAC,IAAI,CAAC,kCAAgC,mBAAmB,CAAC,KAAK,MAAG,CAAC,CAAC;wBAC/E,sBAAO,SAAS,EAAC;;;;KAClB;IAEK,0CAAe,GAArB,UAAsB,IAAY,EAAE,mBAAwB;;;;;4BAC5C,qBAAM,cAAM,CAAC,SAAS,CAAC,MAAM,CAAC,mBAAmB,EAAE,EAAE,KAAK,EAAE,EAAE,IAAI,EAAE,IAAI,EAAE,EAAE,CAAC,EAAA;;kCAA7E,SAA6E;wBAE3F,EAAE,CAAC,CAAC,OAAO,CAAC,MAAM,GAAG,CAAC,CAAC,CAAC,CAAC;4BACvB,IAAI,CAAC,MAAM,CAAC,IAAI,CAAC,iCAA+B,IAAI,MAAG,CAAC,CAAC;wBAC3D,CAAC;wBAAC,IAAI,CAAC,CAAC;4BACN,IAAI,CAAC,MAAM,CAAC,IAAI,CAAC,yBAAuB,IAAI,qBAAkB,CAAC,CAAC;wBAClE,CAAC;wBAED,sBAAO,OAAO,EAAC;;;;KAChB;IAED,uCAAY,GAAZ,UAAa,IAAI,EAAE,EAAE,EAAE,QAAQ,EAAE,SAAS,EAAE,MAAM;QAEhD,IAAI,KAAK,GAAG,MAAM,CAAC,KAAK,IAAI,WAAW,CAAC;QACxC,IAAI,SAAS,GAAG,MAAM,CAAC,SAAS,IAAI,KAAK,CAAC;QAC1C,EAAE,CAAC,CAAC,KAAK,CAAC,UAAU,CAAC,GAAG,CAAC,CAAC,CAAC,CAAC;YAC1B,KAAK,GAAG,KAAK,CAAC,SAAS,CAAC,CAAC,CAAC,CAAC;YAC3B,SAAS,GAAG,MAAM,CAAC;QACrB,CAAC;QAED,IAAI,KAAK,GAAG,MAAM,CAAC,KAAK,IAAI,EAAE,CAAC;QAC/B,IAAI,MAAM,GAAG,MAAM,CAAC,MAAM,IAAI,CAAC,CAAC;QAChC,EAAE,CAAC,CAAC,MAAM,CAAC,IAAI,CAAC,CAAC,CAAC;YAChB,MAAM,GAAG,CAAC,MAAM,CAAC,IAAI,GAAG,CAAC,CAAC,GAAG,KAAK,CAAC;QACrC,CAAC;QAED,IAAI,KAAK,GAAQ;YACf,OAAO,EAAE;gBACP,IAAI,EAAE,IAAI;gBACV,GAAG,EAAE,EAAE;aACR;YACD,QAAQ,EAAE,QAAQ;SACnB,CAAC;QAEF,EAAE,CAAC,CAAC,SAAS,CAAC,CAAC,CAAC;YACd,KAAK,CAAC,KAAK,GAAG;gBACZ,KAAK,EAAE,GAAG,GAAG,SAAS,GAAG,GAAG;aAC7B,CAAC;QACJ,CAAC;QAED,MAAM,CAAC,cAAM,CAAC,SAAS,CAAC,eAAe,CAAC;YACtC,KAAK,EAAE,KAAK;YACZ,GAAG,EAAE,KAAK;YACV,KAAK,EAAE,KAAK;YACZ,MAAM,EAAE,MAAM;YACd,KAAK,EAAE;gBACL,CAAC,KAAK,EAAE,SAAS,CAAC;aACnB;SACF,CAAC,CAAC;IACL,CAAC;IAED,0CAAe,GAAf,UAAgB,IAAI,EAAE,EAAE,EAAE,QAAQ;QAEhC,MAAM,CAAC,cAAM,CAAC,SAAS,CAAC,OAAO,CAAC;YAC9B,KAAK,EAAE;gBACL,OAAO,EAAE;oBACP,IAAI,EAAE,IAAI;oBACV,IAAI,EAAE,EAAE;iBACT;gBACD,QAAQ,EAAE,QAAQ;aACnB;YACD,GAAG,EAAE,IAAI;YACT,KAAK,EAAE;gBACL,CAAC,WAAW,EAAE,KAAK,CAAC;aACrB;SACF,CAAC,CAAC;IACL,CAAC;IAED,yCAAc,GAAd,UAAe,GAAG,EAAE,QAAQ;QAE1B,IAAI,EAAE,GAAG,MAAM,CAAC,GAAG,CAAC,CAAC,GAAG,CAAC,CAAC,EAAE,MAAM,CAAC,CAAC;QACpC,OAAO,CAAC,GAAG,CAAC,iBAAiB,GAAG,QAAQ,GAAG,QAAQ,GAAG,GAAG,GAAG,OAAO,GAAG,EAAE,CAAC,MAAM,EAAE,CAAC,CAAC;QAEnF,MAAM,CAAC,IAAI,CAAC,eAAe,CAAC,GAAG,EAAE,EAAE,CAAC,MAAM,EAAE,EAAE,QAAQ,CAAC,CAAC;IAC1D,CAAC;IAED,4CAAiB,GAAjB;QACE,MAAM,CAAC,cAAM,CAAC,SAAS,CAAC,OAAO,CAAC;YAC9B,KAAK,EAAE;gBACL,QAAQ,EAAE,cAAc;aACzB;YACD,KAAK,EAAE,EAAE;YACT,KAAK,EAAE;gBACL,CAAC,WAAW,EAAE,MAAM,CAAC;aACtB;SACF,CAAC,CAAC;IACL,CAAC;IAED,6CAAkB,GAAlB;QACE,oDAAoD;QACpD,6BAA6B;QAC7B,IAAI,SAAS,GAAG,MAAM,EAAE,CAAC,QAAQ,CAAC,CAAC,EAAE,SAAS,CAAC,CAAC,MAAM,EAAE,CAAC;QAEzD,MAAM,CAAC,cAAM,CAAC,SAAS,CAAC,OAAO,CAAC;YAC9B,KAAK,EAAE;gBACL,GAAG,EAAE,QAAQ;gBACb,SAAS,EAAE;oBACT,IAAI,EAAE,SAAS;iBAChB;gBACD,QAAQ,EAAE,iBAAiB;aAC5B;YACD,KAAK,EAAE,CAAC;YACR,KAAK,EAAE;gBACL,CAAC,SAAS,EAAE,MAAM,CAAC;aACpB;SACF,CAAC,CAAC;IACL,CAAC;IAEK,qCAAU,GAAhB,UAAiB,QAA6B,EAAE,EAAU;;;;;4BAE7C,qBAAM,cAAM,CAAC,SAAS,CAAC,MAAM,CAAC;4BACvC,GAAG,EAAE,QAAQ,CAAC,GAAG;4BACjB,KAAK,EAAE,QAAQ,CAAC,KAAK;4BACrB,KAAK,EAAE,QAAQ,CAAC,KAAK;4BACrB,SAAS,EAAE,QAAQ,CAAC,SAAS;4BAC7B,OAAO,EAAE,QAAQ,CAAC,OAAO;yBAC1B,EAAE;4BACC,MAAM,EAAE,CAAC,WAAW,EAAE,SAAS,EAAE,KAAK,EAAE,OAAO,EAAE,OAAO,CAAC;4BACzD,KAAK,EAAE,EAAE,EAAE,EAAE,EAAE,EAAE;yBAClB,CAAC,EAAA;;+BATO,SASP;wBACJ,sBAAO,IAAI,EAAC;;;;KACb;IAED,4CAAiB,GAAjB,UAAkB,OAAO,EAAE,KAAK;QAAhC,iBAaC;QAXC,OAAO,CAAC,GAAG,CAAC,qBAAqB,EAAE,OAAO,EAAE,KAAK,CAAC,CAAC;QAEnD,MAAM,CAAC,cAAM,CAAC,SAAS,CAAC,MAAM,CAAC,EAAE,KAAK,EAAE,KAAK,EAAE,EAAE;YAC/C,MAAM,EAAE,CAAC,OAAO,CAAC;YACjB,KAAK,EAAE;gBACL,GAAG,EAAE,OAAO;aACb;SACF,CAAC,CAAC,KAAK,CAAC,UAAC,KAAY;YACpB,KAAI,CAAC,MAAM,CAAC,KAAK,CAAC,KAAK,CAAC,OAAO,CAAC,CAAC;QAEnC,CAAC,CAAC,CAAC;IACL,CAAC;IAED,mCAAQ,GAAR,UAAS,EAAE;QAET,MAAM,CAAC,cAAM,CAAC,SAAS,CAAC,QAAQ,CAAC,EAAE,CAAC,CAAC;IACvC,CAAC;IAED,+CAAoB,GAApB,UAAqB,EAAE;QAAvB,iBAgBC;QAfC,IAAI,OAAO,GAAG,IAAI,OAAO,CAAO,UAAC,OAAiB,EAAE,MAAgB;YAClE,cAAM,CAAC,SAAS,CAAC,MAAM,CAAC;gBACtB,OAAO,EAAE,IAAI,IAAI,EAAE;aACpB,EAAE;gBACC,MAAM,EAAE,CAAC,SAAS,CAAC;gBACnB,KAAK,EAAE,EAAE,EAAE,EAAE,EAAE,EAAE;aAClB,CAAC,CAAC,IAAI,CAAC;gBACN,OAAO,CAAC,GAAG,CAAC,kCAAkC,EAAE,EAAE,CAAC,CAAC;gBACpD,OAAO,CAAC,EAAE,CAAC,CAAC;YACd,CAAC,CAAC,CAAC,KAAK,CAAC,UAAC,KAAY;gBACpB,KAAI,CAAC,MAAM,CAAC,KAAK,CAAC,KAAK,CAAC,OAAO,CAAC,CAAC;gBACjC,MAAM,CAAC,KAAK,CAAC,CAAC;YAChB,CAAC,CAAC,CAAC;QACP,CAAC,CAAC,CAAC;QACH,MAAM,CAAC,OAAO,CAAC;IACjB,CAAC;IAED,qCAAU,GAAV,UAAW,EAAE;QAAb,iBAcC;QAbC,IAAI,OAAO,GAAG,IAAI,OAAO,CAAO,UAAC,OAAiB,EAAE,MAAgB;YAElE,cAAM,CAAC,SAAS,CAAC,OAAO,CAAC;gBACvB,KAAK,EAAE,EAAE,EAAE,EAAE,EAAE,EAAE;aAClB,CAAC,CAAC,IAAI,CAAC;gBACN,OAAO,CAAC,GAAG,CAAC,6BAA6B,EAAE,EAAE,CAAC,CAAC;gBAC/C,OAAO,CAAC,EAAE,CAAC,CAAC;YACd,CAAC,CAAC,CAAC,KAAK,CAAC,UAAC,KAAY;gBACpB,KAAI,CAAC,MAAM,CAAC,KAAK,CAAC,KAAK,CAAC,OAAO,CAAC,CAAC;gBACjC,MAAM,CAAC,KAAK,CAAC,CAAC;YAChB,CAAC,CAAC,CAAC;QACL,CAAC,CAAC,CAAC;QACH,MAAM,CAAC,OAAO,CAAC;IACjB,CAAC;IAED,sCAAW,GAAX,UAAY,GAAG;QAAf,iBAkBC;QAjBC,IAAI,OAAO,GAAG,IAAI,OAAO,CAAO,UAAC,OAAiB,EAAE,MAAgB;YAElE,cAAM,CAAC,SAAS,CAAC,OAAO,CAAC;gBACvB,KAAK,EAAE;oBACL,EAAE,EAAE;wBACF,GAAG,EAAE,GAAG;qBACT;iBACF;aACF,CAAC,CAAC,IAAI,CAAC;gBACN,OAAO,CAAC,GAAG,CAAC,+BAA+B,EAAE,GAAG,CAAC,CAAC;gBAClD,OAAO,CAAC,GAAG,CAAC,CAAC;YACf,CAAC,CAAC,CAAC,KAAK,CAAC,UAAC,KAAY;gBACpB,KAAI,CAAC,MAAM,CAAC,KAAK,CAAC,KAAK,CAAC,OAAO,CAAC,CAAC;gBACjC,MAAM,CAAC,KAAK,CAAC,CAAC;YAChB,CAAC,CAAC,CAAC;QACL,CAAC,CAAC,CAAC;QACH,MAAM,CAAC,OAAO,CAAC;IACjB,CAAC;IAEK,6CAAkB,GAAxB;;sBAUM,cAAc;;;4BATP,qBAAM,kCAAe,CAAC,UAAU,CAAC,kBAAkB,CAAC,EAAA;;+BAApD,SAAoD;wBAE/D,EAAE,CAAC,CAAC,CAAC,IAAI,CAAC,CAAC,CAAC;4BACV,IAAI,CAAC,MAAM,CAAC,KAAK,CAAC,sBAAsB,CAAC,CAAC;4BAC1C,MAAM,gBAAC,IAAI,EAAC;wBACd,CAAC;wBAED,IAAI,CAAC,MAAM,CAAC,KAAK,CAAC,iCAAiC,EAAE,IAAI,CAAC,MAAM,EAAE,CAAC,CAAC;yCAE/C,IAAI,CAAC,cAAc,CAAC,EAAE;wBAC3C,EAAE,CAAC,CAAC,CAAC,cAAc,CAAC,CAAC,CAAC;4BACpB,IAAI,CAAC,MAAM,CAAC,KAAK,CAAC,4BAA4B,CAAC,CAAC;4BAChD,MAAM,gBAAC,IAAI,EAAC;wBACd,CAAC;wBAEa,qBAAM,wBAAgB,CAAC,QAAQ,CAAC,cAAc,CAAC,EAAA;;kCAA/C,SAA+C;wBAC7D,EAAE,CAAC,CAAC,CAAC,OAAO,CAAC,CAAC,CAAC;4BACb,IAAI,CAAC,MAAM,CAAC,KAAK,CAAC,mCAAmC,EAAE,cAAc,CAAC,CAAC;4BACvE,MAAM,gBAAC,IAAI,EAAC;wBACd,CAAC;wBACD,sBAAO,OAAO,EAAC;;;;KAChB;IACH,uBAAC;AAAD,CAAC,AAvOD,IAuOC;AAvOY,4CAAgB;AAyOhB,QAAA,gBAAgB,GAAG,IAAI,gBAAgB,EAAE,CAAC","sourcesContent":["import { logManager } from \"../log-manager\";\n\nimport { models, sequelize } from \"../models/index\";\nimport { TrackItemAttributes, TrackItemInstance } from \"../models/interfaces/track-item-interface\";\nimport { Transaction } from \"sequelize\";\nimport * as moment from \"moment\";\nimport { settingsService } from \"./settings-service\";\n\nexport class TrackItemService {\n\n  logger = logManager.getLogger('TrackItemService');\n\n  async createTrackItem(trackItemAttributes: TrackItemAttributes): Promise<TrackItemInstance> {\n    let trackItem = await models.TrackItem.create(trackItemAttributes);\n    this.logger.info(`Created trackItem with title ${trackItemAttributes.title}.`);\n    return trackItem;\n  }\n\n  async updateTrackItem(name: string, trackItemAttributes: any): Promise<[number, Array<TrackItemInstance>]> {\n    let results = await models.TrackItem.update(trackItemAttributes, { where: { name: name } });\n\n    if (results.length > 0) {\n      this.logger.info(`Updated trackItem with name ${name}.`);\n    } else {\n      this.logger.info(`TrackItem with name ${name} does not exist.`);\n    }\n\n    return results;\n  }\n\n  findAllItems(from, to, taskName, searchStr, paging) {\n\n    var order = paging.order || 'beginDate';\n    var orderSort = paging.orderSort || 'ASC';\n    if (order.startsWith('-')) {\n      order = order.substring(1);\n      orderSort = 'DESC';\n    }\n\n    var limit = paging.limit || 10;\n    var offset = paging.offset || 0;\n    if (paging.page) {\n      offset = (paging.page - 1) * limit;\n    }\n\n    var where: any = {\n      endDate: {\n        $gte: from,\n        $lt: to\n      },\n      taskName: taskName\n    };\n\n    if (searchStr) {\n      where.title = {\n        $like: '%' + searchStr + '%'\n      };\n    }\n\n    return models.TrackItem.findAndCountAll({\n      where: where,\n      raw: false,\n      limit: limit,\n      offset: offset,\n      order: [\n        [order, orderSort]\n      ]\n    });\n  }\n\n  findAllDayItems(from, to, taskName) {\n\n    return models.TrackItem.findAll({\n      where: {\n        endDate: {\n          $gte: from,\n          $lte: to\n        },\n        taskName: taskName\n      },\n      raw: true,\n      order: [\n        ['beginDate', 'ASC']\n      ]\n    });\n  }\n\n  findAllFromDay(day, taskName) {\n\n    var to = moment(day).add(1, 'days');\n    console.log('findAllFromDay ' + taskName + ' from:' + day + ', to:' + to.toDate());\n\n    return this.findAllDayItems(day, to.toDate(), taskName);\n  }\n\n  findFirstLogItems() {\n    return models.TrackItem.findAll({\n      where: {\n        taskName: 'LogTrackItem'\n      },\n      limit: 10,\n      order: [\n        ['beginDate', 'DESC']\n      ]\n    });\n  }\n\n  findLastOnlineItem() {\n    //ONLINE item can be just inserted, we want old one.\n    // 2 seconds should be enough\n    let beginDate = moment().subtract(5, 'seconds').toDate();\n\n    return models.TrackItem.findAll({\n      where: {\n        app: 'ONLINE',\n        beginDate: {\n          $lte: beginDate\n        },\n        taskName: 'StatusTrackItem'\n      },\n      limit: 1,\n      order: [\n        ['endDate', 'DESC']\n      ]\n    });\n  }\n\n  async updateItem(itemData: TrackItemAttributes, id: number): Promise<[number, TrackItemInstance[]]> {\n\n    let item = await models.TrackItem.update({\n      app: itemData.app,\n      title: itemData.title,\n      color: itemData.color,\n      beginDate: itemData.beginDate,\n      endDate: itemData.endDate\n    }, {\n        fields: ['beginDate', 'endDate', 'app', 'title', 'color'],\n        where: { id: id }\n      });\n    return item;\n  }\n\n  updateColorForApp(appName, color) {\n\n    console.log(\"Updating app color:\", appName, color);\n\n    return models.TrackItem.update({ color: color }, {\n      fields: ['color'],\n      where: {\n        app: appName\n      }\n    }).catch((error: Error) => {\n      this.logger.error(error.message);\n\n    });\n  }\n\n  findById(id) {\n\n    return models.TrackItem.findById(id);\n  }\n\n  updateEndDateWithNow(id) {\n    let promise = new Promise<void>((resolve: Function, reject: Function) => {\n      models.TrackItem.update({\n        endDate: new Date()\n      }, {\n          fields: ['endDate'],\n          where: { id: id }\n        }).then(() => {\n          console.log(\"Saved track item to DB with now:\", id);\n          resolve(id);\n        }).catch((error: Error) => {\n          this.logger.error(error.message);\n          reject(error);\n        });\n    });\n    return promise;\n  }\n\n  deleteById(id) {\n    let promise = new Promise<void>((resolve: Function, reject: Function) => {\n\n      models.TrackItem.destroy({\n        where: { id: id }\n      }).then(() => {\n        console.log(\"Deleted track item with ID:\", id);\n        resolve(id);\n      }).catch((error: Error) => {\n        this.logger.error(error.message);\n        reject(error);\n      });\n    });\n    return promise;\n  }\n\n  deleteByIds(ids) {\n    let promise = new Promise<void>((resolve: Function, reject: Function) => {\n\n      models.TrackItem.destroy({\n        where: {\n          id: {\n            $in: ids\n          }\n        }\n      }).then(() => {\n        console.log(\"Deleted track items with IDs:\", ids);\n        resolve(ids);\n      }).catch((error: Error) => {\n        this.logger.error(error.message);\n        reject(error);\n      });\n    });\n    return promise;\n  }\n\n  async findRunningLogItem() {\n    let item = await settingsService.findByName('RUNNING_LOG_ITEM');\n\n    if (!item) {\n      this.logger.debug(\"No RUNNING_LOG_ITEM.\");\n      return null;\n    }\n\n    this.logger.debug(\"Found RUNNING_LOG_ITEM config: \", item.toJSON());\n\n    let logTrackItemId = item.jsonDataParsed.id;\n    if (!logTrackItemId) {\n      this.logger.debug(\"No RUNNING_LOG_ITEM ref id\");\n      return null;\n    }\n\n    let logItem = await trackItemService.findById(logTrackItemId);\n    if (!logItem) {\n      this.logger.error(\"RUNNING_LOG_ITEM not found by id:\", logTrackItemId);\n      return null;\n    }\n    return logItem;\n  }\n}\n\nexport const trackItemService = new TrackItemService();\n"]},"_coverageSchema":"332fd63041d2c1bcb487cc26dd0d5f7d97098a6c","hash":"ffad1ba1d2e2bac1df471ad864a011addd76963c"}
,"/Users/maigoerit/_SOURCES/tockler/util/jest-setup.js": {"path":"/Users/maigoerit/_SOURCES/tockler/util/jest-setup.js","statementMap":{"0":{"start":{"line":12,"column":0},"end":{"line":12,"column":40}}},"fnMap":{},"branchMap":{},"s":{"0":4},"f":{},"b":{},"_coverageSchema":"332fd63041d2c1bcb487cc26dd0d5f7d97098a6c","hash":"ab0c75f13427855db5d90ea758cbb31d7b43e067"}
}
