TN:
SF:/Users/maigoerit/_SOURCES/tockler/__tests__/track-item-test-data.ts
FN:5,(anonymous_0)
FN:6,TrackItemTestData
FN:8,(anonymous_2)
FN:20,(anonymous_3)
FN:32,(anonymous_4)
FNF:5
FNH:4
FNDA:2,(anonymous_0)
FNDA:0,TrackItemTestData
FNDA:14,(anonymous_2)
FNDA:5,(anonymous_3)
FNDA:15,(anonymous_4)
DA:2,2
DA:3,2
DA:4,2
DA:5,2
DA:8,2
DA:9,14
DA:10,14
DA:11,14
DA:18,14
DA:20,2
DA:21,5
DA:22,5
DA:23,5
DA:30,5
DA:32,2
DA:33,15
DA:34,15
DA:35,15
DA:41,15
DA:42,15
DA:44,2
DA:46,2
LF:22
LH:22
BRDA:9,0,0,0
BRDA:9,0,1,14
BRDA:10,1,0,11
BRDA:10,1,1,3
BRDA:21,2,0,0
BRDA:21,2,1,5
BRDA:22,3,0,5
BRDA:22,3,1,0
BRDA:33,4,0,1
BRDA:33,4,1,14
BRDA:34,5,0,14
BRDA:34,5,1,1
BRDA:41,6,0,14
BRDA:41,6,1,1
BRF:14
BRH:11
end_of_record
TN:
SF:/Users/maigoerit/_SOURCES/tockler/app/app-constants.ts
FN:3,(anonymous_0)
FN:4,AppConstants
FNF:2
FNH:2
FNDA:3,(anonymous_0)
FNDA:3,AppConstants
DA:2,3
DA:3,3
DA:5,3
DA:6,3
DA:8,3
DA:10,3
DA:11,3
LF:7
LH:7
BRF:0
BRH:0
end_of_record
TN:
SF:/Users/maigoerit/_SOURCES/tockler/app/background.service.ts
FN:2,(anonymous_0)
FN:3,(anonymous_1)
FN:4,fulfilled
FN:5,rejected
FN:6,step
FN:6,(anonymous_5)
FN:10,(anonymous_6)
FN:11,(anonymous_7)
FN:13,verb
FN:13,(anonymous_9)
FN:14,step
FN:52,(anonymous_11)
FN:53,BackgroundService
FN:55,(anonymous_13)
FN:56,(anonymous_14)
FN:58,(anonymous_15)
FN:75,(anonymous_16)
FN:76,(anonymous_17)
FN:79,(anonymous_18)
FN:82,(anonymous_19)
FN:82,(anonymous_20)
FN:84,(anonymous_21)
FN:99,(anonymous_22)
FN:100,(anonymous_23)
FN:102,(anonymous_24)
FN:143,(anonymous_25)
FN:164,(anonymous_26)
FN:184,(anonymous_27)
FN:185,(anonymous_28)
FN:187,(anonymous_29)
FN:238,(anonymous_30)
FN:241,(anonymous_31)
FN:242,(anonymous_32)
FN:244,(anonymous_33)
FNF:34
FNH:23
FNDA:16,(anonymous_0)
FNDA:16,(anonymous_1)
FNDA:27,fulfilled
FNDA:0,rejected
FNDA:43,step
FNDA:27,(anonymous_5)
FNDA:16,(anonymous_6)
FNDA:27,(anonymous_7)
FNDA:48,verb
FNDA:43,(anonymous_9)
FNDA:43,step
FNDA:1,(anonymous_11)
FNDA:1,BackgroundService
FNDA:1,(anonymous_13)
FNDA:1,(anonymous_14)
FNDA:2,(anonymous_15)
FNDA:0,(anonymous_16)
FNDA:0,(anonymous_17)
FNDA:0,(anonymous_18)
FNDA:0,(anonymous_19)
FNDA:0,(anonymous_20)
FNDA:0,(anonymous_21)
FNDA:10,(anonymous_22)
FNDA:10,(anonymous_23)
FNDA:50,(anonymous_24)
FNDA:4,(anonymous_25)
FNDA:5,(anonymous_26)
FNDA:5,(anonymous_27)
FNDA:5,(anonymous_28)
FNDA:12,(anonymous_29)
FNDA:0,(anonymous_30)
FNDA:0,(anonymous_31)
FNDA:0,(anonymous_32)
FNDA:0,(anonymous_33)
DA:2,1
DA:3,16
DA:4,27
DA:5,0
DA:6,43
DA:7,16
DA:10,1
DA:11,27
DA:12,16
DA:13,48
DA:15,43
DA:16,107
DA:17,107
DA:18,107
DA:19,107
DA:20,43
DA:21,27
DA:22,0
DA:23,0
DA:25,37
DA:26,21
DA:27,0
DA:28,0
DA:29,0
DA:30,0
DA:32,64
DA:33,107
DA:34,16
DA:37,1
DA:38,1
DA:39,1
DA:40,1
DA:41,1
DA:42,1
DA:43,1
DA:44,1
DA:45,1
DA:46,1
DA:47,1
DA:48,1
DA:49,1
DA:50,1
DA:51,1
DA:52,1
DA:55,1
DA:56,1
DA:58,1
DA:59,2
DA:61,1
DA:62,1
DA:63,1
DA:64,1
DA:65,1
DA:66,1
DA:67,1
DA:69,1
DA:70,1
DA:75,1
DA:76,0
DA:77,0
DA:79,0
DA:80,0
DA:82,0
DA:84,0
DA:85,0
DA:86,0
DA:88,0
DA:89,0
DA:93,0
DA:94,0
DA:99,1
DA:100,10
DA:102,10
DA:103,50
DA:104,10
DA:106,10
DA:107,10
DA:108,10
DA:109,10
DA:110,0
DA:112,10
DA:113,0
DA:114,0
DA:115,0
DA:116,0
DA:118,0
DA:120,0
DA:121,0
DA:122,0
DA:123,0
DA:124,0
DA:126,10
DA:127,2
DA:129,2
DA:130,2
DA:132,8
DA:133,8
DA:135,8
DA:136,8
DA:137,8
DA:138,10
DA:143,1
DA:144,4
DA:145,1
DA:146,1
DA:148,3
DA:149,1
DA:150,1
DA:151,1
DA:153,2
DA:155,0
DA:156,0
DA:157,0
DA:160,2
DA:162,2
DA:164,1
DA:165,5
DA:166,1
DA:167,1
DA:169,4
DA:171,4
DA:172,1
DA:173,1
DA:175,3
DA:182,3
DA:184,1
DA:185,5
DA:187,5
DA:188,12
DA:191,5
DA:192,1
DA:193,1
DA:195,4
DA:196,1
DA:197,1
DA:199,3
DA:200,3
DA:201,0
DA:202,0
DA:204,3
DA:206,3
DA:207,3
DA:208,2
DA:209,2
DA:210,0
DA:211,0
DA:213,2
DA:214,2
DA:215,2
DA:216,2
DA:217,2
DA:219,2
DA:220,2
DA:221,2
DA:223,1
DA:224,1
DA:225,1
DA:227,1
DA:229,1
DA:230,0
DA:231,0
DA:233,1
DA:238,1
DA:239,0
DA:241,1
DA:242,0
DA:244,0
DA:245,0
DA:247,0
DA:248,0
DA:249,0
DA:251,0
DA:252,0
DA:253,0
DA:255,0
DA:256,0
DA:257,0
DA:262,1
DA:264,1
DA:265,1
LF:180
LH:128
BRDA:2,0,0,1
BRDA:2,0,1,1
BRDA:2,0,2,1
BRDA:3,1,0,16
BRDA:3,1,1,16
BRDA:6,2,0,16
BRDA:6,2,1,27
BRDA:7,3,0,16
BRDA:7,3,1,16
BRDA:10,4,0,1
BRDA:10,4,1,1
BRDA:10,4,2,1
BRDA:11,5,0,0
BRDA:11,5,1,27
BRDA:15,6,0,0
BRDA:15,6,1,43
BRDA:17,7,0,0
BRDA:17,7,1,107
BRDA:17,8,0,107
BRDA:17,8,1,0
BRDA:17,8,2,0
BRDA:17,9,0,0
BRDA:17,9,1,0
BRDA:17,10,0,0
BRDA:17,10,1,0
BRDA:18,11,0,0
BRDA:18,11,1,107
BRDA:19,12,0,43
BRDA:19,12,1,43
BRDA:19,12,2,27
BRDA:19,12,3,0
BRDA:19,12,4,0
BRDA:19,12,5,37
BRDA:25,13,0,16
BRDA:25,13,1,21
BRDA:25,14,0,37
BRDA:25,14,1,37
BRDA:25,14,2,37
BRDA:25,15,0,37
BRDA:25,15,1,0
BRDA:26,16,0,21
BRDA:26,16,1,0
BRDA:26,17,0,21
BRDA:26,17,1,21
BRDA:26,17,2,0
BRDA:26,17,3,0
BRDA:27,18,0,0
BRDA:27,18,1,0
BRDA:27,19,0,0
BRDA:27,19,1,0
BRDA:28,20,0,0
BRDA:28,20,1,0
BRDA:28,21,0,0
BRDA:28,21,1,0
BRDA:29,22,0,0
BRDA:29,22,1,0
BRDA:34,23,0,0
BRDA:34,23,1,16
BRDA:34,24,0,16
BRDA:34,24,1,0
BRDA:59,25,0,1
BRDA:59,25,1,1
BRDA:80,26,0,0
BRDA:80,26,1,0
BRDA:85,27,0,0
BRDA:85,27,1,0
BRDA:103,28,0,10
BRDA:103,28,1,10
BRDA:103,28,2,0
BRDA:103,28,3,10
BRDA:103,28,4,2
BRDA:103,28,5,8
BRDA:103,28,6,8
BRDA:103,28,7,10
BRDA:109,29,0,0
BRDA:109,29,1,10
BRDA:112,30,0,10
BRDA:112,30,1,0
BRDA:114,31,0,0
BRDA:114,31,1,0
BRDA:126,32,0,8
BRDA:126,32,1,2
BRDA:132,33,0,0
BRDA:132,33,1,8
BRDA:144,34,0,1
BRDA:144,34,1,3
BRDA:148,35,0,1
BRDA:148,35,1,2
BRDA:153,36,0,0
BRDA:153,36,1,2
BRDA:153,37,0,2
BRDA:153,37,1,0
BRDA:165,38,0,1
BRDA:165,38,1,4
BRDA:169,39,0,1
BRDA:169,39,1,3
BRDA:171,40,0,1
BRDA:171,40,1,3
BRDA:171,41,0,4
BRDA:171,41,1,1
BRDA:188,42,0,5
BRDA:188,42,1,3
BRDA:188,42,2,2
BRDA:188,42,3,1
BRDA:188,42,4,1
BRDA:191,43,0,1
BRDA:191,43,1,4
BRDA:195,44,0,1
BRDA:195,44,1,3
BRDA:200,45,0,0
BRDA:200,45,1,3
BRDA:207,46,0,1
BRDA:207,46,1,2
BRDA:209,47,0,0
BRDA:209,47,1,2
BRDA:229,48,0,0
BRDA:229,48,1,1
BRDA:245,49,0,0
BRDA:245,49,1,0
BRDA:245,49,2,0
BRDA:245,49,3,0
BRDA:248,50,0,0
BRDA:248,50,1,0
BRF:123
BRH:74
end_of_record
TN:
SF:/Users/maigoerit/_SOURCES/tockler/app/background.utils.ts
FN:7,(anonymous_0)
FN:8,BackgroundUtils
FN:10,(anonymous_2)
FN:16,(anonymous_3)
FN:22,(anonymous_4)
FN:25,(anonymous_5)
FN:28,(anonymous_6)
FN:31,(anonymous_7)
FN:34,(anonymous_8)
FN:37,(anonymous_9)
FN:48,(anonymous_10)
FNF:11
FNH:9
FNDA:3,(anonymous_0)
FNDA:0,BackgroundUtils
FNDA:18,(anonymous_2)
FNDA:3,(anonymous_3)
FNDA:10,(anonymous_4)
FNDA:0,(anonymous_5)
FNDA:10,(anonymous_6)
FNDA:10,(anonymous_7)
FNDA:4,(anonymous_8)
FNDA:3,(anonymous_9)
FNDA:4,(anonymous_10)
DA:2,3
DA:3,3
DA:4,3
DA:5,3
DA:6,3
DA:7,3
DA:10,3
DA:11,18
DA:12,2
DA:14,16
DA:16,3
DA:17,3
DA:19,3
DA:20,3
DA:22,3
DA:23,10
DA:25,3
DA:26,0
DA:28,3
DA:29,10
DA:31,3
DA:32,10
DA:34,3
DA:35,4
DA:37,3
DA:38,3
DA:46,3
DA:48,3
DA:49,4
DA:50,4
DA:51,1
DA:53,3
DA:54,3
DA:55,3
DA:56,3
DA:57,10
DA:58,10
DA:59,10
DA:60,10
DA:61,10
DA:62,3
DA:64,7
DA:65,3
DA:68,4
DA:69,4
DA:71,10
DA:73,3
DA:75,3
DA:77,3
LF:49
LH:48
BRDA:11,0,0,2
BRDA:11,0,1,16
BRDA:11,1,0,18
BRDA:11,1,1,18
BRDA:11,1,2,4
BRDA:11,1,3,2
BRDA:50,2,0,1
BRDA:50,2,1,3
BRDA:61,3,0,3
BRDA:61,3,1,7
BRDA:64,4,0,3
BRDA:64,4,1,4
BRF:12
BRH:12
end_of_record
TN:
SF:/Users/maigoerit/_SOURCES/tockler/app/config.ts
FNF:0
FNH:0
DA:2,3
DA:3,3
DA:4,3
DA:5,3
DA:6,3
DA:7,3
DA:8,3
LF:7
LH:7
BRF:0
BRH:0
end_of_record
TN:
SF:/Users/maigoerit/_SOURCES/tockler/app/log-manager.ts
FN:5,(anonymous_0)
FN:6,LogManager
FN:8,(anonymous_2)
FN:10,(anonymous_3)
FNF:4
FNH:3
FNDA:4,(anonymous_0)
FNDA:4,LogManager
FNDA:0,(anonymous_2)
FNDA:12,(anonymous_3)
DA:2,4
DA:3,4
DA:4,4
DA:5,4
DA:8,4
DA:10,4
DA:11,12
DA:13,4
DA:15,4
DA:16,4
LF:10
LH:10
BRF:0
BRH:0
end_of_record
TN:
SF:/Users/maigoerit/_SOURCES/tockler/app/state-manager.ts
FN:2,(anonymous_0)
FN:3,(anonymous_1)
FN:4,fulfilled
FN:5,rejected
FN:6,step
FN:6,(anonymous_5)
FN:10,(anonymous_6)
FN:11,(anonymous_7)
FN:13,verb
FN:13,(anonymous_9)
FN:14,step
FN:46,(anonymous_11)
FN:47,StateManager
FN:57,(anonymous_13)
FN:59,(anonymous_14)
FN:61,(anonymous_15)
FN:63,(anonymous_16)
FN:68,(anonymous_17)
FN:69,(anonymous_18)
FN:71,(anonymous_19)
FN:88,(anonymous_20)
FN:91,(anonymous_21)
FN:96,(anonymous_22)
FN:97,(anonymous_23)
FN:99,(anonymous_24)
FN:111,(anonymous_25)
FN:114,(anonymous_26)
FN:117,(anonymous_27)
FN:120,(anonymous_28)
FN:123,(anonymous_29)
FN:126,(anonymous_30)
FN:129,(anonymous_31)
FN:132,(anonymous_32)
FN:136,(anonymous_33)
FN:140,(anonymous_34)
FN:144,(anonymous_35)
FN:147,(anonymous_36)
FN:152,(anonymous_37)
FN:156,(anonymous_38)
FN:157,(anonymous_39)
FN:159,(anonymous_40)
FN:176,(anonymous_41)
FN:177,(anonymous_42)
FN:179,(anonymous_43)
FN:193,(anonymous_44)
FN:194,(anonymous_45)
FN:196,(anonymous_46)
FNF:47
FNH:36
FNDA:20,(anonymous_0)
FNDA:20,(anonymous_1)
FNDA:11,fulfilled
FNDA:1,rejected
FNDA:31,step
FNDA:12,(anonymous_5)
FNDA:20,(anonymous_6)
FNDA:12,(anonymous_7)
FNDA:60,verb
FNDA:32,(anonymous_9)
FNDA:32,step
FNDA:2,(anonymous_11)
FNDA:2,StateManager
FNDA:2,(anonymous_13)
FNDA:0,(anonymous_14)
FNDA:0,(anonymous_15)
FNDA:0,(anonymous_16)
FNDA:0,(anonymous_17)
FNDA:0,(anonymous_18)
FNDA:0,(anonymous_19)
FNDA:0,(anonymous_20)
FNDA:1,(anonymous_21)
FNDA:0,(anonymous_22)
FNDA:0,(anonymous_23)
FNDA:0,(anonymous_24)
FNDA:20,(anonymous_25)
FNDA:52,(anonymous_26)
FNDA:18,(anonymous_27)
FNDA:66,(anonymous_28)
FNDA:1,(anonymous_29)
FNDA:0,(anonymous_30)
FNDA:4,(anonymous_31)
FNDA:3,(anonymous_32)
FNDA:4,(anonymous_33)
FNDA:6,(anonymous_34)
FNDA:10,(anonymous_35)
FNDA:3,(anonymous_36)
FNDA:11,(anonymous_37)
FNDA:10,(anonymous_38)
FNDA:10,(anonymous_39)
FNDA:20,(anonymous_40)
FNDA:8,(anonymous_41)
FNDA:8,(anonymous_42)
FNDA:16,(anonymous_43)
FNDA:2,(anonymous_44)
FNDA:2,(anonymous_45)
FNDA:4,(anonymous_46)
DA:2,2
DA:3,20
DA:4,11
DA:5,1
DA:6,31
DA:7,20
DA:10,2
DA:11,20
DA:12,20
DA:13,60
DA:15,32
DA:16,72
DA:17,72
DA:18,72
DA:19,72
DA:20,32
DA:21,12
DA:22,0
DA:23,0
DA:25,28
DA:26,8
DA:27,0
DA:28,0
DA:29,0
DA:30,0
DA:32,40
DA:33,72
DA:34,20
DA:37,2
DA:38,2
DA:39,2
DA:40,2
DA:41,2
DA:42,2
DA:43,2
DA:44,2
DA:45,2
DA:46,2
DA:48,2
DA:49,2
DA:50,2
DA:55,2
DA:57,2
DA:58,2
DA:59,2
DA:60,0
DA:61,0
DA:63,2
DA:64,0
DA:65,0
DA:68,2
DA:69,0
DA:71,0
DA:72,0
DA:74,0
DA:75,0
DA:77,0
DA:78,0
DA:79,0
DA:80,0
DA:81,0
DA:83,0
DA:88,2
DA:89,0
DA:91,2
DA:92,1
DA:93,1
DA:94,1
DA:96,2
DA:97,0
DA:99,0
DA:100,0
DA:101,0
DA:103,0
DA:104,0
DA:105,0
DA:106,0
DA:111,2
DA:112,20
DA:114,2
DA:115,52
DA:117,2
DA:118,18
DA:120,2
DA:121,66
DA:123,2
DA:124,1
DA:126,2
DA:127,0
DA:129,2
DA:130,4
DA:132,2
DA:133,3
DA:134,3
DA:136,2
DA:137,4
DA:138,4
DA:140,2
DA:141,6
DA:142,6
DA:144,2
DA:145,10
DA:147,2
DA:148,3
DA:149,3
DA:150,3
DA:152,2
DA:153,11
DA:154,11
DA:156,2
DA:157,10
DA:159,10
DA:160,20
DA:162,10
DA:163,10
DA:164,2
DA:165,2
DA:166,2
DA:168,2
DA:169,1
DA:170,1
DA:171,9
DA:176,2
DA:177,8
DA:179,8
DA:180,16
DA:182,8
DA:183,8
DA:185,8
DA:186,8
DA:187,8
DA:188,8
DA:193,2
DA:194,2
DA:196,2
DA:197,4
DA:199,2
DA:200,2
DA:201,2
DA:203,2
DA:204,2
DA:205,2
DA:210,2
DA:212,2
DA:213,2
LF:145
LH:114
BRDA:2,0,0,2
BRDA:2,0,1,2
BRDA:2,0,2,2
BRDA:3,1,0,20
BRDA:3,1,1,20
BRDA:6,2,0,19
BRDA:6,2,1,12
BRDA:7,3,0,20
BRDA:7,3,1,20
BRDA:10,4,0,2
BRDA:10,4,1,2
BRDA:10,4,2,2
BRDA:11,5,0,1
BRDA:11,5,1,11
BRDA:15,6,0,0
BRDA:15,6,1,32
BRDA:17,7,0,0
BRDA:17,7,1,72
BRDA:17,8,0,72
BRDA:17,8,1,0
BRDA:17,8,2,0
BRDA:17,9,0,0
BRDA:17,9,1,0
BRDA:17,10,0,0
BRDA:17,10,1,0
BRDA:18,11,0,0
BRDA:18,11,1,72
BRDA:19,12,0,31
BRDA:19,12,1,32
BRDA:19,12,2,12
BRDA:19,12,3,0
BRDA:19,12,4,0
BRDA:19,12,5,28
BRDA:25,13,0,20
BRDA:25,13,1,8
BRDA:25,14,0,28
BRDA:25,14,1,28
BRDA:25,14,2,27
BRDA:25,15,0,28
BRDA:25,15,1,0
BRDA:26,16,0,8
BRDA:26,16,1,0
BRDA:26,17,0,8
BRDA:26,17,1,8
BRDA:26,17,2,0
BRDA:26,17,3,0
BRDA:27,18,0,0
BRDA:27,18,1,0
BRDA:27,19,0,0
BRDA:27,19,1,0
BRDA:28,20,0,0
BRDA:28,20,1,0
BRDA:28,21,0,0
BRDA:28,21,1,0
BRDA:29,22,0,0
BRDA:29,22,1,0
BRDA:34,23,0,1
BRDA:34,23,1,19
BRDA:34,24,0,19
BRDA:34,24,1,0
BRDA:72,25,0,0
BRDA:72,25,1,0
BRDA:80,26,0,0
BRDA:80,26,1,0
BRDA:100,27,0,0
BRDA:100,27,1,0
BRDA:134,28,0,3
BRDA:134,28,1,3
BRDA:138,29,0,4
BRDA:138,29,1,3
BRDA:142,30,0,6
BRDA:142,30,1,5
BRDA:160,31,0,10
BRDA:160,31,1,2
BRDA:160,31,2,9
BRDA:163,32,0,8
BRDA:163,32,1,2
BRDA:180,33,0,8
BRDA:180,33,1,8
BRDA:197,34,0,2
BRDA:197,34,1,2
BRF:81
BRH:49
end_of_record
TN:
SF:/Users/maigoerit/_SOURCES/tockler/app/state.enum.ts
FN:4,(anonymous_0)
FNF:1
FNH:1
FNDA:2,(anonymous_0)
DA:2,2
DA:4,2
DA:5,2
DA:6,2
DA:7,2
LF:5
LH:5
BRDA:8,0,0,2
BRDA:8,0,1,2
BRF:2
BRH:2
end_of_record
TN:
SF:/Users/maigoerit/_SOURCES/tockler/app/task-analyser.ts
FN:2,(anonymous_0)
FN:3,(anonymous_1)
FN:4,fulfilled
FN:5,rejected
FN:6,step
FN:6,(anonymous_5)
FN:10,(anonymous_6)
FN:11,(anonymous_7)
FN:13,verb
FN:13,(anonymous_9)
FN:14,step
FN:47,(anonymous_11)
FN:53,(anonymous_12)
FN:56,(anonymous_13)
FN:70,(anonymous_14)
FN:71,TaskAnalyser
FN:74,(anonymous_16)
FN:77,(anonymous_17)
FN:83,(anonymous_18)
FN:94,(anonymous_19)
FN:98,(anonymous_20)
FN:99,(anonymous_21)
FN:109,(anonymous_22)
FN:127,(anonymous_23)
FN:138,(anonymous_24)
FN:139,(anonymous_25)
FN:141,(anonymous_26)
FNF:27
FNH:3
FNDA:0,(anonymous_0)
FNDA:0,(anonymous_1)
FNDA:0,fulfilled
FNDA:0,rejected
FNDA:0,step
FNDA:0,(anonymous_5)
FNDA:0,(anonymous_6)
FNDA:0,(anonymous_7)
FNDA:0,verb
FNDA:0,(anonymous_9)
FNDA:0,step
FNDA:0,(anonymous_11)
FNDA:0,(anonymous_12)
FNDA:0,(anonymous_13)
FNDA:1,(anonymous_14)
FNDA:0,TaskAnalyser
FNDA:0,(anonymous_16)
FNDA:0,(anonymous_17)
FNDA:0,(anonymous_18)
FNDA:8,(anonymous_19)
FNDA:5,(anonymous_20)
FNDA:0,(anonymous_21)
FNDA:0,(anonymous_22)
FNDA:0,(anonymous_23)
FNDA:0,(anonymous_24)
FNDA:0,(anonymous_25)
FNDA:0,(anonymous_26)
DA:2,1
DA:3,0
DA:4,0
DA:5,0
DA:6,0
DA:7,0
DA:10,1
DA:11,0
DA:12,0
DA:13,0
DA:15,0
DA:16,0
DA:17,0
DA:18,0
DA:19,0
DA:20,0
DA:21,0
DA:22,0
DA:23,0
DA:25,0
DA:26,0
DA:27,0
DA:28,0
DA:29,0
DA:30,0
DA:32,0
DA:33,0
DA:34,0
DA:37,1
DA:38,1
DA:39,1
DA:40,1
DA:41,1
DA:42,1
DA:43,1
DA:44,1
DA:45,1
DA:46,1
DA:47,1
DA:48,0
DA:49,0
DA:50,0
DA:52,0
DA:53,0
DA:54,0
DA:56,0
DA:57,0
DA:58,0
DA:59,0
DA:66,0
DA:70,1
DA:73,1
DA:75,0
DA:78,0
DA:83,1
DA:84,0
DA:85,0
DA:87,0
DA:88,0
DA:89,0
DA:90,0
DA:91,0
DA:94,1
DA:95,8
DA:96,3
DA:98,5
DA:99,5
DA:100,0
DA:101,0
DA:103,0
DA:104,0
DA:105,0
DA:107,0
DA:108,0
DA:109,0
DA:110,0
DA:111,0
DA:112,0
DA:114,0
DA:121,0
DA:132,5
DA:133,0
DA:134,0
DA:138,1
DA:139,0
DA:141,0
DA:142,0
DA:143,0
DA:145,0
DA:146,0
DA:147,0
DA:149,0
DA:150,0
DA:151,0
DA:152,0
DA:153,0
DA:154,0
DA:155,0
DA:156,0
DA:158,0
DA:159,0
DA:164,1
DA:166,1
LF:103
LH:25
BRDA:2,0,0,1
BRDA:2,0,1,1
BRDA:2,0,2,1
BRDA:3,1,0,0
BRDA:3,1,1,0
BRDA:6,2,0,0
BRDA:6,2,1,0
BRDA:7,3,0,0
BRDA:7,3,1,0
BRDA:10,4,0,1
BRDA:10,4,1,1
BRDA:10,4,2,1
BRDA:11,5,0,0
BRDA:11,5,1,0
BRDA:15,6,0,0
BRDA:15,6,1,0
BRDA:17,7,0,0
BRDA:17,7,1,0
BRDA:17,8,0,0
BRDA:17,8,1,0
BRDA:17,8,2,0
BRDA:17,9,0,0
BRDA:17,9,1,0
BRDA:17,10,0,0
BRDA:17,10,1,0
BRDA:18,11,0,0
BRDA:18,11,1,0
BRDA:19,12,0,0
BRDA:19,12,1,0
BRDA:19,12,2,0
BRDA:19,12,3,0
BRDA:19,12,4,0
BRDA:19,12,5,0
BRDA:25,13,0,0
BRDA:25,13,1,0
BRDA:25,14,0,0
BRDA:25,14,1,0
BRDA:25,14,2,0
BRDA:25,15,0,0
BRDA:25,15,1,0
BRDA:26,16,0,0
BRDA:26,16,1,0
BRDA:26,17,0,0
BRDA:26,17,1,0
BRDA:26,17,2,0
BRDA:26,17,3,0
BRDA:27,18,0,0
BRDA:27,18,1,0
BRDA:27,19,0,0
BRDA:27,19,1,0
BRDA:28,20,0,0
BRDA:28,20,1,0
BRDA:28,21,0,0
BRDA:28,21,1,0
BRDA:29,22,0,0
BRDA:29,22,1,0
BRDA:34,23,0,0
BRDA:34,23,1,0
BRDA:34,24,0,0
BRDA:34,24,1,0
BRDA:48,25,0,0
BRDA:48,25,1,0
BRDA:84,26,0,0
BRDA:84,26,1,0
BRDA:89,27,0,0
BRDA:89,27,1,0
BRDA:95,28,0,3
BRDA:95,28,1,5
BRDA:100,29,0,0
BRDA:100,29,1,0
BRDA:100,30,0,0
BRDA:100,30,1,0
BRDA:104,31,0,0
BRDA:104,31,1,0
BRDA:107,32,0,0
BRDA:107,32,1,0
BRDA:108,33,0,0
BRDA:108,33,1,0
BRDA:110,34,0,0
BRDA:110,34,1,0
BRDA:110,35,0,0
BRDA:110,35,1,0
BRDA:110,35,2,0
BRDA:142,36,0,0
BRDA:142,36,1,0
BRDA:142,36,2,0
BRDA:142,36,3,0
BRDA:146,37,0,0
BRDA:146,37,1,0
BRDA:146,38,0,0
BRDA:146,38,1,0
BRDA:151,39,0,0
BRDA:151,39,1,0
BRDA:154,40,0,0
BRDA:154,40,1,0
BRF:95
BRH:8
end_of_record
TN:
SF:/Users/maigoerit/_SOURCES/tockler/app/track-item-type.enum.ts
FN:4,(anonymous_0)
FNF:1
FNH:1
FNDA:3,(anonymous_0)
DA:2,3
DA:4,3
DA:5,3
DA:6,3
DA:7,3
LF:5
LH:5
BRDA:8,0,0,3
BRDA:8,0,1,3
BRF:2
BRH:2
end_of_record
TN:
SF:/Users/maigoerit/_SOURCES/tockler/app/models/app-setting-model.ts
FN:5,default_1
FNF:1
FNH:1
FNDA:3,default_1
DA:3,3
DA:4,3
DA:6,3
DA:10,3
DA:12,3
LF:5
LH:5
BRF:0
BRH:0
end_of_record
TN:
SF:/Users/maigoerit/_SOURCES/tockler/app/models/index.ts
FN:9,(anonymous_0)
FN:10,Database
FN:32,(anonymous_2)
FN:37,(anonymous_3)
FN:43,(anonymous_4)
FN:46,(anonymous_5)
FNF:6
FNH:6
FNDA:3,(anonymous_0)
FNDA:3,Database
FNDA:9,(anonymous_2)
FNDA:9,(anonymous_3)
FNDA:3,(anonymous_4)
FNDA:3,(anonymous_5)
DA:2,3
DA:3,3
DA:4,3
DA:5,3
DA:6,3
DA:7,3
DA:8,3
DA:9,3
DA:11,3
DA:12,3
DA:13,3
DA:14,3
DA:19,0
DA:25,3
DA:30,3
DA:32,3
DA:33,9
DA:34,9
DA:37,3
DA:38,9
DA:39,0
DA:43,3
DA:44,3
DA:46,3
DA:47,3
DA:49,3
DA:51,3
DA:52,3
DA:53,3
LF:29
LH:27
BRDA:13,0,0,3
BRDA:13,0,1,0
BRDA:38,1,0,0
BRDA:38,1,1,9
BRF:4
BRH:2
end_of_record
TN:
SF:/Users/maigoerit/_SOURCES/tockler/app/models/settings-model.ts
FN:5,default_1
FNF:1
FNH:1
FNDA:3,default_1
DA:3,3
DA:4,3
DA:6,3
DA:10,3
DA:12,3
LF:5
LH:5
BRF:0
BRH:0
end_of_record
TN:
SF:/Users/maigoerit/_SOURCES/tockler/app/models/track-item-model.ts
FN:4,default_1
FNF:1
FNH:1
FNDA:3,default_1
DA:2,3
DA:3,3
DA:5,3
DA:15,3
DA:17,3
LF:5
LH:5
BRF:0
BRH:0
end_of_record
TN:
SF:/Users/maigoerit/_SOURCES/tockler/app/services/app-setting-service.ts
FN:2,(anonymous_0)
FN:3,(anonymous_1)
FN:4,fulfilled
FN:5,rejected
FN:6,step
FN:6,(anonymous_5)
FN:10,(anonymous_6)
FN:11,(anonymous_7)
FN:13,verb
FN:13,(anonymous_9)
FN:14,step
FN:41,(anonymous_11)
FN:42,AppSettingService
FN:45,(anonymous_13)
FN:47,(anonymous_14)
FN:48,(anonymous_15)
FN:49,(anonymous_16)
FN:52,(anonymous_17)
FN:60,(anonymous_18)
FN:61,(anonymous_19)
FN:63,(anonymous_20)
FN:79,(anonymous_21)
FN:80,(anonymous_22)
FN:82,(anonymous_23)
FN:93,(anonymous_24)
FN:100,(anonymous_25)
FN:101,(anonymous_26)
FN:107,(anonymous_27)
FN:116,(anonymous_28)
FN:124,(anonymous_29)
FN:125,(anonymous_30)
FN:133,(anonymous_31)
FNF:32
FNH:23
FNDA:12,(anonymous_0)
FNDA:12,(anonymous_1)
FNDA:12,fulfilled
FNDA:0,rejected
FNDA:24,step
FNDA:12,(anonymous_5)
FNDA:12,(anonymous_6)
FNDA:12,(anonymous_7)
FNDA:36,verb
FNDA:24,(anonymous_9)
FNDA:24,step
FNDA:2,(anonymous_11)
FNDA:2,AppSettingService
FNDA:3,(anonymous_13)
FNDA:3,(anonymous_14)
FNDA:3,(anonymous_15)
FNDA:3,(anonymous_16)
FNDA:0,(anonymous_17)
FNDA:0,(anonymous_18)
FNDA:0,(anonymous_19)
FNDA:0,(anonymous_20)
FNDA:12,(anonymous_21)
FNDA:12,(anonymous_22)
FNDA:24,(anonymous_23)
FNDA:12,(anonymous_24)
FNDA:12,(anonymous_25)
FNDA:12,(anonymous_26)
FNDA:3,(anonymous_27)
FNDA:0,(anonymous_28)
FNDA:0,(anonymous_29)
FNDA:0,(anonymous_30)
FNDA:0,(anonymous_31)
DA:2,2
DA:3,12
DA:4,12
DA:5,0
DA:6,24
DA:7,12
DA:10,2
DA:11,12
DA:12,12
DA:13,36
DA:15,24
DA:16,48
DA:17,48
DA:18,48
DA:19,48
DA:20,24
DA:21,12
DA:22,0
DA:23,0
DA:25,12
DA:26,0
DA:27,0
DA:28,0
DA:29,0
DA:30,0
DA:32,24
DA:33,48
DA:34,12
DA:37,2
DA:38,2
DA:39,2
DA:40,2
DA:41,2
DA:43,2
DA:45,2
DA:46,3
DA:47,3
DA:48,3
DA:49,3
DA:50,3
DA:51,3
DA:53,0
DA:54,0
DA:58,3
DA:60,2
DA:61,0
DA:63,0
DA:64,0
DA:65,0
DA:67,0
DA:68,0
DA:69,0
DA:72,0
DA:74,0
DA:79,2
DA:80,12
DA:82,12
DA:83,24
DA:84,12
DA:86,12
DA:87,12
DA:88,12
DA:93,2
DA:94,12
DA:95,12
DA:100,12
DA:101,12
DA:102,12
DA:103,9
DA:106,3
DA:107,3
DA:108,3
DA:110,3
DA:114,12
DA:116,2
DA:117,0
DA:118,0
DA:123,0
DA:124,0
DA:125,0
DA:126,0
DA:127,0
DA:128,0
DA:129,0
DA:130,0
DA:133,0
DA:134,0
DA:135,0
DA:140,0
DA:142,2
DA:144,2
DA:145,2
LF:92
LH:59
BRDA:2,0,0,2
BRDA:2,0,1,2
BRDA:2,0,2,2
BRDA:3,1,0,12
BRDA:3,1,1,12
BRDA:6,2,0,12
BRDA:6,2,1,12
BRDA:7,3,0,12
BRDA:7,3,1,12
BRDA:10,4,0,2
BRDA:10,4,1,2
BRDA:10,4,2,2
BRDA:11,5,0,0
BRDA:11,5,1,12
BRDA:15,6,0,0
BRDA:15,6,1,24
BRDA:17,7,0,0
BRDA:17,7,1,48
BRDA:17,8,0,48
BRDA:17,8,1,0
BRDA:17,8,2,0
BRDA:17,9,0,0
BRDA:17,9,1,0
BRDA:17,10,0,0
BRDA:17,10,1,0
BRDA:18,11,0,0
BRDA:18,11,1,48
BRDA:19,12,0,24
BRDA:19,12,1,24
BRDA:19,12,2,12
BRDA:19,12,3,0
BRDA:19,12,4,0
BRDA:19,12,5,12
BRDA:25,13,0,12
BRDA:25,13,1,0
BRDA:25,14,0,12
BRDA:25,14,1,12
BRDA:25,14,2,12
BRDA:25,15,0,12
BRDA:25,15,1,0
BRDA:26,16,0,0
BRDA:26,16,1,0
BRDA:26,17,0,0
BRDA:26,17,1,0
BRDA:26,17,2,0
BRDA:26,17,3,0
BRDA:27,18,0,0
BRDA:27,18,1,0
BRDA:27,19,0,0
BRDA:27,19,1,0
BRDA:28,20,0,0
BRDA:28,20,1,0
BRDA:28,21,0,0
BRDA:28,21,1,0
BRDA:29,22,0,0
BRDA:29,22,1,0
BRDA:34,23,0,0
BRDA:34,23,1,12
BRDA:34,24,0,12
BRDA:34,24,1,0
BRDA:64,25,0,0
BRDA:64,25,1,0
BRDA:68,26,0,0
BRDA:68,26,1,0
BRDA:83,27,0,12
BRDA:83,27,1,12
BRDA:102,28,0,9
BRDA:102,28,1,3
BRDA:126,29,0,0
BRDA:126,29,1,0
BRF:70
BRH:32
end_of_record
TN:
SF:/Users/maigoerit/_SOURCES/tockler/app/services/settings-service.ts
FN:2,(anonymous_0)
FN:3,(anonymous_1)
FN:4,fulfilled
FN:5,rejected
FN:6,step
FN:6,(anonymous_5)
FN:10,(anonymous_6)
FN:11,(anonymous_7)
FN:13,verb
FN:13,(anonymous_9)
FN:14,step
FN:40,(anonymous_11)
FN:41,SettingsService
FN:44,(anonymous_13)
FN:45,(anonymous_14)
FN:47,(anonymous_15)
FN:63,(anonymous_16)
FN:70,(anonymous_17)
FN:71,(anonymous_18)
FN:73,(anonymous_19)
FN:83,(anonymous_20)
FN:84,(anonymous_21)
FN:86,(anonymous_22)
FN:96,(anonymous_23)
FN:97,(anonymous_24)
FN:99,(anonymous_25)
FN:114,(anonymous_26)
FN:115,(anonymous_27)
FNF:28
FNH:18
FNDA:10,(anonymous_0)
FNDA:10,(anonymous_1)
FNDA:10,fulfilled
FNDA:0,rejected
FNDA:20,step
FNDA:10,(anonymous_5)
FNDA:10,(anonymous_6)
FNDA:10,(anonymous_7)
FNDA:30,verb
FNDA:20,(anonymous_9)
FNDA:20,step
FNDA:2,(anonymous_11)
FNDA:2,SettingsService
FNDA:5,(anonymous_13)
FNDA:5,(anonymous_14)
FNDA:10,(anonymous_15)
FNDA:0,(anonymous_16)
FNDA:0,(anonymous_17)
FNDA:0,(anonymous_18)
FNDA:0,(anonymous_19)
FNDA:5,(anonymous_20)
FNDA:5,(anonymous_21)
FNDA:10,(anonymous_22)
FNDA:0,(anonymous_23)
FNDA:0,(anonymous_24)
FNDA:0,(anonymous_25)
FNDA:0,(anonymous_26)
FNDA:0,(anonymous_27)
DA:2,2
DA:3,10
DA:4,10
DA:5,0
DA:6,20
DA:7,10
DA:10,2
DA:11,10
DA:12,10
DA:13,30
DA:15,20
DA:16,40
DA:17,40
DA:18,40
DA:19,40
DA:20,20
DA:21,10
DA:22,0
DA:23,0
DA:25,10
DA:26,0
DA:27,0
DA:28,0
DA:29,0
DA:30,0
DA:32,20
DA:33,40
DA:34,10
DA:37,2
DA:38,2
DA:39,2
DA:40,2
DA:42,2
DA:44,2
DA:45,5
DA:47,5
DA:48,10
DA:49,5
DA:55,5
DA:56,5
DA:57,5
DA:58,5
DA:63,2
DA:64,0
DA:70,2
DA:71,0
DA:73,0
DA:74,0
DA:75,0
DA:77,0
DA:78,0
DA:83,2
DA:84,5
DA:86,5
DA:87,10
DA:88,5
DA:90,5
DA:91,5
DA:96,2
DA:97,0
DA:99,0
DA:100,0
DA:101,0
DA:103,0
DA:104,0
DA:105,0
DA:107,0
DA:108,0
DA:109,0
DA:114,2
DA:115,0
DA:116,0
DA:119,2
DA:121,2
DA:122,2
LF:75
LH:48
BRDA:2,0,0,2
BRDA:2,0,1,2
BRDA:2,0,2,2
BRDA:3,1,0,10
BRDA:3,1,1,10
BRDA:6,2,0,10
BRDA:6,2,1,10
BRDA:7,3,0,10
BRDA:7,3,1,10
BRDA:10,4,0,2
BRDA:10,4,1,2
BRDA:10,4,2,2
BRDA:11,5,0,0
BRDA:11,5,1,10
BRDA:15,6,0,0
BRDA:15,6,1,20
BRDA:17,7,0,0
BRDA:17,7,1,40
BRDA:17,8,0,40
BRDA:17,8,1,0
BRDA:17,8,2,0
BRDA:17,9,0,0
BRDA:17,9,1,0
BRDA:17,10,0,0
BRDA:17,10,1,0
BRDA:18,11,0,0
BRDA:18,11,1,40
BRDA:19,12,0,20
BRDA:19,12,1,20
BRDA:19,12,2,10
BRDA:19,12,3,0
BRDA:19,12,4,0
BRDA:19,12,5,10
BRDA:25,13,0,10
BRDA:25,13,1,0
BRDA:25,14,0,10
BRDA:25,14,1,10
BRDA:25,14,2,10
BRDA:25,15,0,10
BRDA:25,15,1,0
BRDA:26,16,0,0
BRDA:26,16,1,0
BRDA:26,17,0,0
BRDA:26,17,1,0
BRDA:26,17,2,0
BRDA:26,17,3,0
BRDA:27,18,0,0
BRDA:27,18,1,0
BRDA:27,19,0,0
BRDA:27,19,1,0
BRDA:28,20,0,0
BRDA:28,20,1,0
BRDA:28,21,0,0
BRDA:28,21,1,0
BRDA:29,22,0,0
BRDA:29,22,1,0
BRDA:34,23,0,0
BRDA:34,23,1,10
BRDA:34,24,0,10
BRDA:34,24,1,0
BRDA:48,25,0,5
BRDA:48,25,1,5
BRDA:74,26,0,0
BRDA:74,26,1,0
BRDA:87,27,0,5
BRDA:87,27,1,5
BRDA:100,28,0,0
BRDA:100,28,1,0
BRDA:100,28,2,0
BRDA:100,28,3,0
BRDA:104,29,0,0
BRDA:104,29,1,0
BRF:72
BRH:32
end_of_record
TN:
SF:/Users/maigoerit/_SOURCES/tockler/app/services/track-item-service.ts
FN:2,(anonymous_0)
FN:3,(anonymous_1)
FN:4,fulfilled
FN:5,rejected
FN:6,step
FN:6,(anonymous_5)
FN:10,(anonymous_6)
FN:11,(anonymous_7)
FN:13,verb
FN:13,(anonymous_9)
FN:14,step
FN:42,(anonymous_11)
FN:43,TrackItemService
FN:46,(anonymous_13)
FN:47,(anonymous_14)
FN:49,(anonymous_15)
FN:60,(anonymous_16)
FN:61,(anonymous_17)
FN:63,(anonymous_18)
FN:79,(anonymous_19)
FN:113,(anonymous_20)
FN:128,(anonymous_21)
FN:133,(anonymous_22)
FN:144,(anonymous_23)
FN:162,(anonymous_24)
FN:163,(anonymous_25)
FN:165,(anonymous_26)
FN:184,(anonymous_27)
FN:192,(anonymous_28)
FN:196,(anonymous_29)
FN:199,(anonymous_30)
FN:201,(anonymous_31)
FN:207,(anonymous_32)
FN:210,(anonymous_33)
FN:217,(anonymous_34)
FN:219,(anonymous_35)
FN:222,(anonymous_36)
FN:225,(anonymous_37)
FN:232,(anonymous_38)
FN:234,(anonymous_39)
FN:241,(anonymous_40)
FN:244,(anonymous_41)
FN:251,(anonymous_42)
FN:252,(anonymous_43)
FN:254,(anonymous_44)
FNF:45
FNH:18
FNDA:12,(anonymous_0)
FNDA:12,(anonymous_1)
FNDA:11,fulfilled
FNDA:0,rejected
FNDA:22,step
FNDA:11,(anonymous_5)
FNDA:12,(anonymous_6)
FNDA:11,(anonymous_7)
FNDA:36,verb
FNDA:23,(anonymous_9)
FNDA:23,step
FNDA:2,(anonymous_11)
FNDA:2,TrackItemService
FNDA:8,(anonymous_13)
FNDA:8,(anonymous_14)
FNDA:16,(anonymous_15)
FNDA:0,(anonymous_16)
FNDA:0,(anonymous_17)
FNDA:0,(anonymous_18)
FNDA:0,(anonymous_19)
FNDA:0,(anonymous_20)
FNDA:0,(anonymous_21)
FNDA:0,(anonymous_22)
FNDA:0,(anonymous_23)
FNDA:4,(anonymous_24)
FNDA:4,(anonymous_25)
FNDA:7,(anonymous_26)
FNDA:0,(anonymous_27)
FNDA:0,(anonymous_28)
FNDA:0,(anonymous_29)
FNDA:0,(anonymous_30)
FNDA:0,(anonymous_31)
FNDA:0,(anonymous_32)
FNDA:0,(anonymous_33)
FNDA:0,(anonymous_34)
FNDA:0,(anonymous_35)
FNDA:0,(anonymous_36)
FNDA:0,(anonymous_37)
FNDA:0,(anonymous_38)
FNDA:0,(anonymous_39)
FNDA:0,(anonymous_40)
FNDA:0,(anonymous_41)
FNDA:0,(anonymous_42)
FNDA:0,(anonymous_43)
FNDA:0,(anonymous_44)
DA:2,2
DA:3,12
DA:4,11
DA:5,0
DA:6,22
DA:7,12
DA:10,2
DA:11,12
DA:12,12
DA:13,36
DA:15,23
DA:16,46
DA:17,46
DA:18,46
DA:19,46
DA:20,23
DA:21,11
DA:22,0
DA:23,0
DA:25,12
DA:26,0
DA:27,0
DA:28,0
DA:29,0
DA:30,0
DA:32,23
DA:33,46
DA:34,12
DA:37,2
DA:38,2
DA:39,2
DA:40,2
DA:41,2
DA:42,2
DA:44,2
DA:46,2
DA:47,8
DA:49,8
DA:50,16
DA:51,8
DA:53,8
DA:54,8
DA:55,8
DA:60,2
DA:61,0
DA:63,0
DA:64,0
DA:65,0
DA:67,0
DA:68,0
DA:69,0
DA:72,0
DA:74,0
DA:79,2
DA:80,0
DA:81,0
DA:82,0
DA:83,0
DA:84,0
DA:86,0
DA:87,0
DA:88,0
DA:89,0
DA:91,0
DA:98,0
DA:99,0
DA:103,0
DA:113,2
DA:114,0
DA:128,2
DA:129,0
DA:130,0
DA:131,0
DA:133,2
DA:134,0
DA:144,2
DA:147,0
DA:148,0
DA:162,2
DA:163,4
DA:165,4
DA:166,7
DA:167,4
DA:178,3
DA:179,3
DA:184,2
DA:185,0
DA:186,0
DA:187,0
DA:193,0
DA:196,2
DA:197,0
DA:199,2
DA:200,0
DA:201,0
DA:202,0
DA:208,0
DA:209,0
DA:211,0
DA:212,0
DA:215,0
DA:217,2
DA:218,0
DA:219,0
DA:220,0
DA:223,0
DA:224,0
DA:226,0
DA:227,0
DA:230,0
DA:232,2
DA:233,0
DA:234,0
DA:235,0
DA:242,0
DA:243,0
DA:245,0
DA:246,0
DA:249,0
DA:251,2
DA:252,0
DA:254,0
DA:255,0
DA:256,0
DA:258,0
DA:259,0
DA:260,0
DA:261,0
DA:263,0
DA:264,0
DA:265,0
DA:266,0
DA:267,0
DA:269,0
DA:271,0
DA:272,0
DA:273,0
DA:274,0
DA:276,0
DA:281,2
DA:283,2
DA:284,2
LF:142
LH:57
BRDA:2,0,0,2
BRDA:2,0,1,2
BRDA:2,0,2,2
BRDA:3,1,0,12
BRDA:3,1,1,12
BRDA:6,2,0,11
BRDA:6,2,1,11
BRDA:7,3,0,12
BRDA:7,3,1,12
BRDA:10,4,0,2
BRDA:10,4,1,2
BRDA:10,4,2,2
BRDA:11,5,0,0
BRDA:11,5,1,11
BRDA:15,6,0,0
BRDA:15,6,1,23
BRDA:17,7,0,0
BRDA:17,7,1,46
BRDA:17,8,0,46
BRDA:17,8,1,0
BRDA:17,8,2,0
BRDA:17,9,0,0
BRDA:17,9,1,0
BRDA:17,10,0,0
BRDA:17,10,1,0
BRDA:18,11,0,0
BRDA:18,11,1,46
BRDA:19,12,0,23
BRDA:19,12,1,23
BRDA:19,12,2,11
BRDA:19,12,3,0
BRDA:19,12,4,0
BRDA:19,12,5,12
BRDA:25,13,0,12
BRDA:25,13,1,0
BRDA:25,14,0,12
BRDA:25,14,1,12
BRDA:25,14,2,11
BRDA:25,15,0,12
BRDA:25,15,1,0
BRDA:26,16,0,0
BRDA:26,16,1,0
BRDA:26,17,0,0
BRDA:26,17,1,0
BRDA:26,17,2,0
BRDA:26,17,3,0
BRDA:27,18,0,0
BRDA:27,18,1,0
BRDA:27,19,0,0
BRDA:27,19,1,0
BRDA:28,20,0,0
BRDA:28,20,1,0
BRDA:28,21,0,0
BRDA:28,21,1,0
BRDA:29,22,0,0
BRDA:29,22,1,0
BRDA:34,23,0,1
BRDA:34,23,1,11
BRDA:34,24,0,11
BRDA:34,24,1,0
BRDA:50,25,0,8
BRDA:50,25,1,8
BRDA:64,26,0,0
BRDA:64,26,1,0
BRDA:68,27,0,0
BRDA:68,27,1,0
BRDA:80,28,0,0
BRDA:80,28,1,0
BRDA:81,29,0,0
BRDA:81,29,1,0
BRDA:82,30,0,0
BRDA:82,30,1,0
BRDA:86,31,0,0
BRDA:86,31,1,0
BRDA:87,32,0,0
BRDA:87,32,1,0
BRDA:88,33,0,0
BRDA:88,33,1,0
BRDA:98,34,0,0
BRDA:98,34,1,0
BRDA:166,35,0,4
BRDA:166,35,1,3
BRDA:255,36,0,0
BRDA:255,36,1,0
BRDA:255,36,2,0
BRDA:259,37,0,0
BRDA:259,37,1,0
BRDA:265,38,0,0
BRDA:265,38,1,0
BRDA:272,39,0,0
BRDA:272,39,1,0
BRF:91
BRH:33
end_of_record
TN:
SF:/Users/maigoerit/_SOURCES/tockler/util/jest-setup.js
FNF:0
FNH:0
DA:12,4
LF:1
LH:1
BRF:0
BRH:0
end_of_record
